OMPL version 1.5.2
Experiment class/homotopy1.yml
0 experiment properties
Running on 10c75a3eac1d
Starting at 2023-09-21 03:59:38
<<<|
Properties of the state space 'RealVectorSpace0'
  - signature: 2 1 3 
  - dimension: 3
  - extent: 8.23058
  - sanity checks for state space passed
  - probability of valid states: 0.206
  - average length of a valid motion: 0.246009
  - average number of samples drawn per second: sampleUniform()=3.17965e+06 sampleUniformNear()=3.16706e+06 sampleGaussian()=2.14362e+06
Settings for the state space 'RealVectorSpace0'
  - state validity check resolution: 0.166667%
  - valid segment count factor: 1
  - state space:
Real vector state space 'RealVectorSpace0' of dimension 3 with bounds: 
  - min: -2 -2 -3.14159 
  - max: 1.502 2 3.14159 

Declared parameters:
longest_valid_segment_fraction = 0.00166667
projection.cellsize.0 = 0.1
projection.cellsize.1 = 0.1
projection.cellsize_factor = 0
projection.l1:R2.cellsize.0 = 0.1
projection.l1:R2.cellsize.1 = 0.1
projection.l1:R2.cellsize_factor = 0
projection.l1:SE2.cellsize.0 = 0.1
projection.l1:SE2.cellsize.1 = 0.1
projection.l1:SE2.cellsize.2 = 0.1
projection.l1:SE2.cellsize_factor = 0
valid_segment_count_factor = 1
Valid state sampler named uniform with parameters:
nr_attempts = 100
Start states:
l1[  -1.7200,  -1.8400,   0.0000 ]

Goal state, threshold = 2.22045e-16, memory address = 0xaaaaeed28f90, state = 
l1[   1.3970,   1.8000,   0.0000 ]

OptimizationObjective = nullptr
There are 0 solutions

Properties of benchmarked planners:
Planner RRTConnect Range 5. specs:
Multithreaded:                 No
Reports approximate solutions: No
Can optimize solutions:        No
Aware of the following parameters: intermediate_states range
Planner RRTConnect Range 1. specs:
Multithreaded:                 No
Reports approximate solutions: No
Can optimize solutions:        No
Aware of the following parameters: intermediate_states range
Planner RRTConnect Range 0.1. specs:
Multithreaded:                 No
Reports approximate solutions: No
Can optimize solutions:        No
Aware of the following parameters: intermediate_states range
Planner RRT Range 5. specs:
Multithreaded:                 No
Reports approximate solutions: Yes
Can optimize solutions:        No
Aware of the following parameters: goal_bias intermediate_states range
Planner RRT Range 1. specs:
Multithreaded:                 No
Reports approximate solutions: No
Can optimize solutions:        No
Aware of the following parameters: intermediate_states range
Planner RRT Range 0.1. specs:
Multithreaded:                 No
Reports approximate solutions: Yes
Can optimize solutions:        No
Aware of the following parameters: goal_bias intermediate_states range
Planner KPIECE1 specs:
Multithreaded:                 No
Reports approximate solutions: Yes
Can optimize solutions:        No
Aware of the following parameters: border_fraction failed_expansion_score_factor goal_bias min_valid_path_fraction range
Planner PRM specs:
Multithreaded:                 Yes
Reports approximate solutions: Yes
Can optimize solutions:        Yes
Aware of the following parameters: max_nearest_neighbors
|>>>
<<<|
Architecture:                    aarch64
CPU op-mode(s):                  64-bit
Byte Order:                      Little Endian
CPU(s):                          7
On-line CPU(s) list:             0-6
Thread(s) per core:              1
Core(s) per socket:              7
Socket(s):                       1
Vendor ID:                       0x00
Model:                           0
Stepping:                        0x0
BogoMIPS:                        48.00
Vulnerability Itlb multihit:     Not affected
Vulnerability L1tf:              Not affected
Vulnerability Mds:               Not affected
Vulnerability Meltdown:          Not affected
Vulnerability Mmio stale data:   Not affected
Vulnerability Spec store bypass: Vulnerable
Vulnerability Spectre v1:        Mitigation; __user pointer sanitization
Vulnerability Spectre v2:        Not affected
Vulnerability Srbds:             Not affected
Vulnerability Tsx async abort:   Not affected
Flags:                           fp asimd evtstrm aes pmull sha1 sha2 crc32 atomics fphp asimdhp cpuid asimdrdm jscvt fcma lrcpc dcpop sha3 asimddp sha512 asimdfhm dit uscat ilrcpc flagm sb paca pacg dcpodp flagm2 frint
|>>>
10918640815575469 is the random seed
60 seconds per run
10000 MB per run
50 runs per planner
120.003 seconds spent to collect the data
1 enum type
status|Unknown status|Invalid start|Invalid goal|Unrecognized goal type|Timeout|Approximate solution|Exact solution|Crash|Unknown status|Unknown status
8 planners
geometric_RRTConnect Range 5.
14 common properties
intermediate_states = 0
longest_valid_segment_fraction = 0.00166667
projection.cellsize.0 = 0.1
projection.cellsize.1 = 0.1
projection.cellsize_factor = 0
projection.l1:R2.cellsize.0 = 0.1
projection.l1:R2.cellsize.1 = 0.1
projection.l1:R2.cellsize_factor = 0
projection.l1:SE2.cellsize.0 = 0.1
projection.l1:SE2.cellsize.1 = 0.1
projection.l1:SE2.cellsize.2 = 0.1
projection.l1:SE2.cellsize_factor = 0
range = 5
valid_segment_count_factor = 1
23 properties for each run
approx goal distance REAL
approximate solution BOOLEAN
correct solution BOOLEAN
correct solution strict BOOLEAN
graph motions INTEGER
graph states INTEGER
memory REAL
simplification time REAL
simplified correct solution BOOLEAN
simplified correct solution strict BOOLEAN
simplified solution clearance REAL
simplified solution length REAL
simplified solution segments INTEGER
simplified solution smoothness REAL
solution clearance REAL
solution difference REAL
solution length REAL
solution segments INTEGER
solution smoothness REAL
solved BOOLEAN
status ENUM
time REAL
valid segment fraction REAL
50 runs
0; 0; 1; 1; 591; 592; 11.5469; 0.0176352; 1; 1; 0.0663274; 4.5617; 10; 92.6292; 0.124091; 0; 6.12174; 20; 1498.38; 1; 6; 0.119876; 0.092274; 
0; 0; 1; 1; 4784; 4785; 19.1484; 0.0162065; 1; 1; 0.0652576; 5.02355; 12; 65.1973; 0.126593; 0; 8.38427; 19; 224.746; 1; 6; 0.677512; 0.123544; 
0; 0; 1; 1; 2860; 2861; 20.4844; 0.0232668; 1; 1; 0.0869076; 5.41168; 10; 35.2863; 0.0891351; 0; 9.96268; 26; 998.393; 1; 6; 0.379859; 0.12476; 
0; 0; 1; 1; 2308; 2309; 20.4844; 0.019245; 1; 0; 0.0889902; 4.98961; 11; 509.821; 0.0803235; 0; 6.99312; 21; 1837.94; 1; 6; 0.320359; 0.118041; 
0; 0; 1; 1; 1592; 1593; 20.4844; 0.0165175; 1; 0; 0.109154; 4.79573; 13; 110.999; 0.0976183; 0; 5.99863; 17; 1965.76; 1; 6; 0.220994; 0.120212; 
0; 0; 1; 1; 115; 116; 20.4844; 0.0193067; 1; 1; 0.0917417; 6.01595; 15; 100.99; 0.101048; 0; 9.64234; 21; 191.671; 1; 6; 0.0327351; 0.0608649; 
0; 0; 1; 1; 897; 898; 20.4844; 0.0168765; 1; 0; 0.0769231; 4.29657; 15; 130.857; 0.0993878; 0; 7.50976; 21; 709.437; 1; 6; 0.137029; 0.106338; 
0; 0; 1; 1; 1022; 1023; 20.4844; 0.0150579; 1; 1; 0.100374; 5.09306; 10; 18.7533; 0.105384; 0; 7.85422; 18; 648.44; 1; 6; 0.152514; 0.1081; 
0; 0; 1; 1; 104; 105; 20.4844; 0.0157763; 1; 0; 0.103426; 4.7495; 10; 46.7977; 0.119403; 0; 8.6982; 16; 209.561; 1; 6; 0.0284831; 0.0667964; 
0; 0; 1; 1; 256; 257; 20.4844; 0.0144441; 1; 0; 0.0895812; 4.52811; 10; 89.8017; 0.122221; 0; 5.93292; 13; 176.455; 1; 6; 0.0484745; 0.0873886; 
0; 0; 1; 1; 576; 577; 20.4844; 0.0146512; 1; 0; 0.0660881; 4.24715; 9; 31.9508; 0.103526; 0; 7.07981; 22; 479.937; 1; 6; 0.102576; 0.089258; 
0; 0; 1; 0; 773; 774; 20.4844; 0.019041; 1; 0; 0.0903847; 5.02313; 9; 24.9225; 0.109263; 0; 6.53324; 15; 588.478; 1; 6; 0.12948; 0.0959841; 
0; 0; 1; 0; 1300; 1301; 20.4844; 0.0187487; 1; 1; 0.0818428; 5.09501; 12; 30.0225; 0.0989739; 0; 7.72952; 18; 340.207; 1; 6; 0.202265; 0.107872; 
0; 0; 1; 0; 530; 531; 20.4844; 0.0178228; 1; 1; 0.0806917; 5.25902; 10; 13.0706; 0.0789493; 0; 8.14857; 16; 70.7827; 1; 6; 0.089334; 0.0933639; 
0; 0; 1; 1; 1120; 1121; 20.4844; 0.0166875; 1; 0; 0.0813221; 5.16246; 8; 7.93129; 0.156164; 0; 8.21696; 18; 300.152; 1; 6; 0.180905; 0.0992109; 
0; 0; 1; 1; 1371; 1372; 20.4844; 0.0158775; 1; 1; 0.101366; 4.99415; 13; 117.333; 0.125561; 0; 7.0955; 18; 773.554; 1; 6; 0.198952; 0.113797; 
0; 0; 1; 1; 27; 28; 20.4844; 0.0153474; 1; 0; 0.0747155; 5.02181; 13; 53.29; 0.163206; 0; 5.99555; 10; 44.186; 1; 6; 0.0186065; 0.0216847; 
0; 0; 1; 0; 1450; 1451; 20.4844; 0.0174223; 1; 0; 0.106778; 4.22462; 9; 19.3736; 0.116682; 0; 7.20075; 17; 329.871; 1; 6; 0.23096; 0.103132; 
0; 0; 1; 1; 1182; 1183; 20.4844; 0.0147402; 1; 1; 0.0670314; 4.96524; 8; 9.72154; 0.125155; 0; 8.29335; 17; 829.901; 1; 6; 0.169782; 0.115029; 
0; 0; 1; 1; 218; 219; 20.4844; 0.0137561; 1; 0; 0.0861567; 4.31312; 11; 21.7432; 0.0937735; 0; 6.41461; 14; 157.848; 1; 6; 0.0459035; 0.075452; 
0; 0; 1; 0; 261; 262; 20.4844; 0.0145157; 1; 0; 0.0941271; 4.27902; 11; 176.163; 0.121707; 0; 6.14884; 17; 488.617; 1; 6; 0.068178; 0.0554489; 
0; 0; 1; 1; 1162; 1163; 20.4844; 0.0169257; 1; 0; 0.0655; 4.59039; 9; 39.7343; 0.143787; 0; 7.94916; 20; 819.769; 1; 6; 0.167218; 0.113935; 
0; 0; 1; 1; 1073; 1074; 20.4844; 0.0181344; 1; 0; 0.0636712; 4.69688; 12; 41.2922; 0.107661; 0; 7.29918; 19; 2431.81; 1; 6; 0.161055; 0.111157; 
0; 0; 1; 1; 698; 699; 20.4844; 0.0149718; 1; 0; 0.0454126; 3.99883; 15; 37.9145; 0.111999; 0; 5.69269; 17; 315.461; 1; 6; 0.114672; 0.0999283; 
0; 0; 1; 1; 398; 399; 20.4844; 0.0169937; 1; 0; 0.0644274; 4.39304; 10; 123.272; 0.104092; 0; 7.62549; 21; 216.337; 1; 6; 0.0799903; 0.076715; 
0; 0; 1; 1; 233; 234; 20.4844; 0.018561; 1; 1; 0.0770302; 5.48472; 10; 49.7542; 0.119067; 0; 8.22023; 16; 206.091; 1; 6; 0.0481542; 0.0766942; 
0; 0; 1; 1; 486; 487; 20.4844; 0.0136921; 1; 1; 0.093041; 4.44879; 8; 30.4034; 0.0996982; 0; 7.61555; 22; 1344.64; 1; 6; 0.10353; 0.071735; 
0; 0; 1; 0; 1895; 1896; 20.4844; 0.0160015; 1; 1; 0.0957103; 4.94373; 12; 234.066; 0.103163; 0; 8.56976; 21; 984.364; 1; 6; 0.258986; 0.122629; 
0; 0; 1; 0; 1807; 1808; 20.4844; 0.0155767; 1; 0; 0.0573077; 4.11562; 12; 30.2343; 0.0973073; 0; 7.35235; 16; 317.535; 1; 6; 0.245331; 0.121723; 
0; 0; 1; 1; 1112; 1113; 20.4844; 0.0158917; 1; 0; 0.0546796; 4.88685; 12; 65.9246; 0.139529; 0; 7.50068; 22; 1341.14; 1; 6; 0.164895; 0.111033; 
0; 0; 1; 1; 123; 124; 20.4844; 0.0132605; 1; 0; 0.0790406; 4.30538; 10; 49.4421; 0.113929; 0; 7.82053; 16; 369.04; 1; 6; 0.0438966; 0.0407482; 
0; 0; 1; 1; 366; 367; 20.4844; 0.0166146; 1; 0; 0.0696695; 4.62727; 12; 109.801; 0.102345; 0; 6.07012; 15; 199.956; 1; 6; 0.0788749; 0.0703954; 
0; 0; 1; 1; 2105; 2106; 20.4844; 0.0171496; 1; 1; 0.0791269; 4.76497; 11; 46.9427; 0.110573; 0; 9.2234; 24; 749.805; 1; 6; 0.301311; 0.11389; 
0; 0; 1; 1; 354; 355; 20.4844; 0.01781; 1; 0; 0.084231; 4.63707; 12; 104.809; 0.0903039; 0; 7.67548; 16; 244.176; 1; 6; 0.0653652; 0.0907688; 
0; 0; 1; 1; 72; 73; 20.4844; 0.0141777; 1; 0; 0.0574317; 4.62893; 12; 51.2182; 0.124616; 0; 7.5546; 15; 125.818; 1; 6; 0.0283893; 0.0413031; 
0; 0; 1; 1; 91; 92; 20.4844; 0.0174483; 1; 0; 0.0877827; 4.26381; 9; 17.1167; 0.0967131; 0; 8.38868; 15; 211.813; 1; 6; 0.0377314; 0.0355591; 
0; 0; 1; 1; 2240; 2241; 20.4844; 0.0155613; 1; 0; 0.0673287; 4.43385; 12; 21.6728; 0.0952723; 0; 9.39725; 22; 814.366; 1; 6; 0.312262; 0.121441; 
0; 0; 1; 1; 885; 886; 20.4844; 0.0148822; 1; 1; 0.0936581; 4.63919; 9; 32.7494; 0.0934356; 0; 8.54124; 23; 1756.03; 1; 6; 0.158121; 0.0855926; 
0; 0; 1; 1; 1796; 1797; 20.4844; 0.0137093; 1; 0; 0.0789346; 4.61576; 14; 112.296; 0.122165; 0; 7.38696; 19; 423.267; 1; 6; 0.247885; 0.114616; 
0; 0; 1; 1; 981; 982; 20.4844; 0.0157509; 1; 1; 0.0811604; 4.70155; 9; 26.6787; 0.130317; 0; 7.58792; 13; 385.883; 1; 6; 0.138315; 0.118601; 
0; 0; 1; 1; 493; 494; 20.4844; 0.0156163; 1; 1; 0.0538447; 4.02996; 14; 53.0618; 0.102189; 0; 6.9902; 21; 614.471; 1; 6; 0.0973799; 0.0764569; 
0; 0; 1; 1; 1278; 1279; 20.4844; 0.0186795; 1; 0; 0.0679977; 4.92892; 14; 43.2325; 0.0966434; 0; 6.92636; 20; 1213.79; 1; 6; 0.234983; 0.0832464; 
0; 0; 1; 1; 482; 483; 20.4844; 0.0138944; 1; 1; 0.0927444; 4.42689; 10; 35.3136; 0.0888047; 0; 7.20855; 18; 647.346; 1; 6; 0.0904696; 0.083871; 
0; 0; 1; 1; 333; 334; 20.4844; 0.0149896; 1; 1; 0.0710361; 4.15979; 11; 28.3294; 0.0828852; 0; 6.66756; 13; 210.386; 1; 6; 0.0575833; 0.0989568; 
0; 0; 1; 1; 620; 621; 20.4844; 0.0147979; 1; 1; 0.0876308; 4.98559; 11; 19.7854; 0.096228; 0; 8.01731; 20; 559.279; 1; 6; 0.113247; 0.0886185; 
0; 0; 1; 1; 1681; 1682; 20.4844; 0.0155916; 1; 1; 0.0560443; 4.20875; 11; 43.6319; 0.121861; 0; 7.01167; 19; 1386.57; 1; 6; 0.226344; 0.123158; 
0; 0; 1; 1; 1190; 1191; 20.4844; 0.0162687; 1; 0; 0.0869651; 5.3421; 12; 119.225; 0.103926; 0; 7.16925; 22; 1134.47; 1; 6; 0.171913; 0.11133; 
0; 0; 1; 1; 2868; 2869; 20.4844; 0.0177138; 1; 0; 0.068829; 4.16407; 10; 33.3894; 0.100937; 0; 7.65555; 21; 1847.79; 1; 6; 0.407841; 0.118339; 
0; 0; 1; 1; 102; 103; 20.4844; 0.0130494; 1; 0; 0.0752701; 4.69948; 17; 138.596; 0.099456; 0; 6.90275; 13; 113.863; 1; 6; 0.0281598; 0.0647851; 
0; 0; 1; 1; 296; 297; 20.4844; 0.0127893; 1; 0; 0.0780646; 4.68958; 12; 247.32; 0.0836735; 0; 6.1582; 15; 369.836; 1; 6; 0.0849504; 0.0481711; 
.
geometric_RRTConnect Range 1.
14 common properties
intermediate_states = 0
longest_valid_segment_fraction = 0.00166667
projection.cellsize.0 = 0.1
projection.cellsize.1 = 0.1
projection.cellsize_factor = 0
projection.l1:R2.cellsize.0 = 0.1
projection.l1:R2.cellsize.1 = 0.1
projection.l1:R2.cellsize_factor = 0
projection.l1:SE2.cellsize.0 = 0.1
projection.l1:SE2.cellsize.1 = 0.1
projection.l1:SE2.cellsize.2 = 0.1
projection.l1:SE2.cellsize_factor = 0
range = 1
valid_segment_count_factor = 1
23 properties for each run
approx goal distance REAL
approximate solution BOOLEAN
correct solution BOOLEAN
correct solution strict BOOLEAN
graph motions INTEGER
graph states INTEGER
memory REAL
simplification time REAL
simplified correct solution BOOLEAN
simplified correct solution strict BOOLEAN
simplified solution clearance REAL
simplified solution length REAL
simplified solution segments INTEGER
simplified solution smoothness REAL
solution clearance REAL
solution difference REAL
solution length REAL
solution segments INTEGER
solution smoothness REAL
solved BOOLEAN
status ENUM
time REAL
valid segment fraction REAL
50 runs
0; 0; 1; 1; 66; 67; 20.4844; 0.0167571; 1; 0; 0.0708906; 4.41764; 10; 36.0576; 0.0853241; 0; 6.18082; 13; 152.951; 1; 6; 0.025105; 0.0471356; 
0; 0; 1; 1; 105; 106; 20.4844; 0.0174681; 1; 0; 0.0778187; 5.02275; 10; 70.3229; 0.0745618; 0; 6.72841; 17; 2139.86; 1; 6; 0.0674307; 0.0203046; 
0; 0; 1; 0; 1065; 1066; 20.4844; 0.0168499; 1; 1; 0.0759862; 4.82321; 12; 99.3939; 0.0689675; 0; 6.58484; 14; 391.973; 1; 6; 0.147616; 0.120362; 
0; 0; 1; 1; 2416; 2417; 20.4844; 0.0169352; 1; 0; 0.0687675; 5.3338; 12; 39.8563; 0.0818233; 0; 7.00605; 17; 573.38; 1; 6; 0.347803; 0.11865; 
0; 0; 1; 1; 666; 667; 20.4844; 0.0177876; 1; 0; 0.0718393; 5.05377; 12; 61.9971; 0.111911; 0; 6.50064; 17; 443.428; 1; 6; 0.109059; 0.094126; 
0; 0; 1; 1; 3439; 3440; 20.4844; 0.0150709; 1; 0; 0.0797052; 4.48407; 13; 130.977; 0.0981369; 0; 6.44723; 20; 1596.02; 1; 6; 0.461726; 0.125796; 
0; 0; 1; 1; 256; 257; 20.4844; 0.0135736; 1; 0; 0.0665647; 4.59101; 12; 114.78; 0.0988094; 0; 8.67479; 22; 928.441; 1; 6; 0.0543258; 0.0781969; 
0; 0; 1; 1; 15; 16; 20.4844; 0.0120879; 1; 0; 0.102308; 5.29272; 9; 29.4552; 0.101475; 0; 6.13872; 9; 49.2578; 1; 6; 0.00955708; 0.0456026; 
0; 0; 1; 1; 364; 365; 20.4844; 0.0155572; 1; 0; 0.06058; 4.77529; 10; 47.8222; 0.0867203; 0; 8.50001; 18; 433.486; 1; 6; 0.0646383; 0.0959556; 
0; 0; 1; 1; 679; 680; 20.4844; 0.0177561; 1; 0; 0.0811458; 4.51419; 8; 17.5498; 0.121911; 0; 7.55268; 18; 822.373; 1; 6; 0.106969; 0.107876; 
0; 0; 1; 1; 182; 183; 20.4844; 0.0161091; 1; 1; 0.109647; 5.00047; 10; 18.2229; 0.131634; 0; 6.06996; 12; 236.795; 1; 6; 0.0426989; 0.0685866; 
0; 0; 1; 1; 689; 690; 20.4844; 0.0147478; 1; 0; 0.0673243; 4.45409; 12; 75.7652; 0.11993; 0; 7.0156; 17; 374.439; 1; 6; 0.108347; 0.104369; 
0; 0; 1; 1; 89; 90; 20.4844; 0.0142405; 1; 1; 0.0940884; 4.31062; 7; 13.2207; 0.0989459; 0; 7.34548; 13; 104.804; 1; 6; 0.024524; 0.0712551; 
0; 0; 1; 1; 599; 600; 20.4844; 0.0132826; 1; 1; 0.0892583; 4.45349; 9; 20.547; 0.133166; 0; 7.7089; 19; 395.354; 1; 6; 0.0923148; 0.108412; 
0; 0; 1; 1; 1088; 1089; 20.4844; 0.0129235; 1; 0; 0.0637916; 4.27013; 12; 24.188; 0.102449; 0; 5.45124; 13; 367.364; 1; 6; 0.161987; 0.114409; 
0; 0; 1; 1; 1181; 1182; 20.4844; 0.0215893; 1; 0; 0.0859987; 5.57043; 13; 225.671; 0.124326; 0; 8.44759; 20; 913.799; 1; 6; 0.185315; 0.107733; 
0; 0; 1; 0; 262; 263; 20.4844; 0.0151855; 1; 1; 0.0889166; 4.5952; 9; 30.8761; 0.124156; 0; 6.63594; 20; 1007.73; 1; 6; 0.0748821; 0.0522104; 
0; 0; 1; 1; 48; 49; 20.4844; 0.0182898; 1; 1; 0.0773771; 4.54779; 10; 55.5458; 0.136727; 0; 7.27843; 13; 82.6862; 1; 6; 0.0305471; 0.0224988; 
0; 0; 1; 1; 340; 341; 20.4844; 0.0139023; 1; 0; 0.107898; 5.00639; 11; 43.5237; 0.0990974; 0; 6.48205; 14; 552.784; 1; 6; 0.0579996; 0.111771; 
0; 0; 1; 1; 503; 504; 20.4844; 0.0218111; 1; 0; 0.0796605; 5.57621; 13; 21.8096; 0.0967732; 0; 7.84265; 21; 533.085; 1; 6; 0.100053; 0.0797839; 
0; 0; 1; 1; 1635; 1636; 20.4844; 0.0175516; 1; 0; 0.0693815; 4.56359; 10; 13.6093; 0.111881; 0; 7.39622; 20; 1357.82; 1; 6; 0.233323; 0.115681; 
0; 0; 1; 1; 651; 652; 20.4844; 0.0172565; 1; 0; 0.0775662; 4.37423; 14; 95.5636; 0.0994586; 0; 8.19149; 22; 1817.41; 1; 6; 0.105946; 0.101785; 
0; 0; 1; 1; 609; 610; 20.4844; 0.0169963; 1; 0; 0.0877267; 4.51726; 8; 16.5297; 0.0822106; 0; 6.38743; 17; 129.977; 1; 6; 0.113069; 0.0902345; 
0; 0; 1; 0; 667; 668; 20.4844; 0.0180778; 1; 0; 0.0708901; 5.13624; 8; 16.3872; 0.110943; 0; 7.06721; 17; 477.059; 1; 6; 0.114135; 0.0970563; 
0; 0; 1; 1; 496; 497; 20.4844; 0.0153825; 1; 1; 0.059955; 4.6587; 11; 37.0215; 0.0995814; 0; 6.85031; 16; 505.575; 1; 6; 0.0880445; 0.0888211; 
0; 0; 1; 1; 80; 81; 20.4844; 0.0195044; 1; 0; 0.0890435; 5.87312; 9; 21.7455; 0.100915; 0; 7.43065; 13; 55.6076; 1; 6; 0.0248595; 0.0595777; 
0; 0; 1; 0; 367; 368; 20.4844; 0.0163695; 1; 0; 0.0769191; 4.35767; 7; 7.45622; 0.12944; 0; 7.11482; 20; 460.111; 1; 6; 0.0902704; 0.0600689; 
0; 0; 1; 1; 891; 892; 20.4844; 0.0147449; 1; 0; 0.0687787; 4.45046; 13; 176.78; 0.0948891; 0; 7.49795; 17; 582.629; 1; 6; 0.135183; 0.110559; 
0; 0; 1; 0; 2018; 2019; 20.4844; 0.0183669; 1; 0; 0.0757207; 5.08586; 16; 150.378; 0.085023; 0; 8.4616; 21; 532.655; 1; 6; 0.292857; 0.117864; 
0; 0; 1; 1; 710; 711; 20.4844; 0.0172046; 1; 1; 0.0816234; 5.09823; 9; 32.3864; 0.10167; 0; 7.12535; 18; 556.068; 1; 6; 0.122482; 0.0929958; 
0; 0; 1; 1; 554; 555; 20.4844; 0.0155319; 1; 1; 0.0449384; 4.19584; 14; 36.8265; 0.0892624; 0; 6.17426; 17; 499.889; 1; 6; 0.106503; 0.0919674; 
0; 0; 1; 0; 77; 78; 20.4844; 0.0187793; 1; 0; 0.0865162; 4.44724; 12; 83.5283; 0.0940083; 0; 6.67044; 14; 197.642; 1; 6; 0.033285; 0.0343736; 
0; 0; 1; 1; 1099; 1100; 20.4844; 0.0165189; 1; 0; 0.0916653; 5.128; 8; 10.4953; 0.107301; 0; 6.01003; 13; 469.312; 1; 6; 0.179153; 0.0997185; 
0; 0; 1; 0; 323; 324; 20.4844; 0.0171758; 1; 1; 0.0824043; 5.28841; 9; 16.6136; 0.0739228; 0; 7.1881; 16; 495.546; 1; 6; 0.0672841; 0.0760151; 
0; 0; 1; 1; 788; 789; 20.4844; 0.0145481; 1; 1; 0.0653594; 4.95318; 10; 70.6087; 0.116893; 0; 7.54271; 19; 235.715; 1; 6; 0.119927; 0.111142; 
0; 0; 1; 0; 85; 86; 20.4844; 0.0139337; 1; 0; 0.0785181; 5.17347; 10; 25.0638; 0.115522; 0; 7.46871; 14; 297.065; 1; 6; 0.0223317; 0.0756076; 
0; 0; 1; 1; 150; 151; 20.4844; 0.0154754; 1; 1; 0.0652929; 4.75821; 10; 110.378; 0.0953208; 0; 7.16688; 17; 240.305; 1; 6; 0.0391781; 0.0622389; 
0; 0; 1; 1; 665; 666; 20.4844; 0.0195154; 1; 1; 0.0866284; 4.66634; 9; 45.1115; 0.111483; 0; 8.91555; 18; 598.066; 1; 6; 0.110319; 0.0997446; 
0; 0; 1; 1; 1189; 1190; 20.4844; 0.0192455; 1; 1; 0.0649501; 5.03185; 9; 19.1461; 0.101835; 0; 6.18512; 17; 726.572; 1; 6; 0.177695; 0.115139; 
0; 0; 1; 1; 1496; 1497; 20.4844; 0.01789; 1; 0; 0.0812555; 4.70479; 12; 33.7213; 0.101595; 0; 8.34176; 22; 1196.45; 1; 6; 0.208236; 0.119304; 
0; 0; 1; 0; 369; 370; 20.4844; 0.0153942; 1; 1; 0.0566944; 4.73871; 12; 64.4082; 0.0953839; 0; 8.0836; 19; 380.801; 1; 6; 0.0685237; 0.0946989; 
0; 0; 1; 1; 323; 324; 20.4844; 0.0149241; 1; 1; 0.0756819; 4.73163; 13; 87.6123; 0.123315; 0; 8.3273; 16; 118.65; 1; 6; 0.0639847; 0.0845588; 
0; 0; 1; 1; 358; 359; 20.4844; 0.0225206; 1; 0; 0.092657; 5.60734; 11; 44.2973; 0.111459; 0; 8.97009; 25; 920.735; 1; 6; 0.069428; 0.0843373; 
0; 0; 1; 1; 659; 660; 20.4844; 0.013717; 1; 0; 0.0597707; 4.19829; 11; 17.1675; 0.0874041; 0; 7.15504; 16; 141.906; 1; 6; 0.102671; 0.103622; 
0; 0; 1; 1; 31; 32; 20.4844; 0.0158665; 1; 0; 0.133033; 4.42692; 10; 45.1561; 0.120721; 0; 6.4393; 13; 97.1438; 1; 6; 0.0199949; 0.0243902; 
0; 0; 1; 1; 1288; 1289; 20.4844; 0.0162383; 1; 1; 0.0812625; 5.30366; 10; 26.1584; 0.10897; 0; 7.93505; 21; 1861.73; 1; 6; 0.206523; 0.102159; 
0; 0; 1; 1; 1146; 1147; 20.4844; 0.0205329; 1; 1; 0.0726993; 5.1507; 12; 1290.54; 0.101411; 0; 6.90473; 19; 938.211; 1; 6; 0.16558; 0.117243; 
0; 0; 1; 1; 270; 271; 20.4844; 0.0166652; 1; 1; 0.0797881; 5.13318; 14; 73.4918; 0.122096; 0; 8.71114; 18; 194.444; 1; 6; 0.0707486; 0.0678779; 
0; 0; 1; 1; 454; 455; 20.4844; 0.0204598; 1; 0; 0.119267; 4.97017; 11; 66.4405; 0.0836654; 0; 9.34213; 22; 159.608; 1; 6; 0.0786798; 0.105349; 
0; 0; 1; 0; 2003; 2004; 20.4844; 0.0183422; 1; 0; 0.0681569; 4.41602; 13; 321.173; 0.088542; 0; 6.96842; 22; 1015.29; 1; 6; 0.281452; 0.114932; 
.
geometric_RRTConnect Range 0.1.
14 common properties
intermediate_states = 0
longest_valid_segment_fraction = 0.00166667
projection.cellsize.0 = 0.1
projection.cellsize.1 = 0.1
projection.cellsize_factor = 0
projection.l1:R2.cellsize.0 = 0.1
projection.l1:R2.cellsize.1 = 0.1
projection.l1:R2.cellsize_factor = 0
projection.l1:SE2.cellsize.0 = 0.1
projection.l1:SE2.cellsize.1 = 0.1
projection.l1:SE2.cellsize.2 = 0.1
projection.l1:SE2.cellsize_factor = 0
range = 0.1
valid_segment_count_factor = 1
23 properties for each run
approx goal distance REAL
approximate solution BOOLEAN
correct solution BOOLEAN
correct solution strict BOOLEAN
graph motions INTEGER
graph states INTEGER
memory REAL
simplification time REAL
simplified correct solution BOOLEAN
simplified correct solution strict BOOLEAN
simplified solution clearance REAL
simplified solution length REAL
simplified solution segments INTEGER
simplified solution smoothness REAL
solution clearance REAL
solution difference REAL
solution length REAL
solution segments INTEGER
solution smoothness REAL
solved BOOLEAN
status ENUM
time REAL
valid segment fraction REAL
50 runs
0; 0; 1; 0; 111; 112; 20.4844; 0.0231553; 1; 0; 0.0491161; 4.55026; 13; 73.5723; 0.0789774; 0; 5.90411; 60; 4493.89; 1; 6; 0.0123153; 0.246085; 
0; 0; 1; 0; 169; 170; 20.4844; 0.0184805; 1; 0; 0.047463; 4.06487; 12; 37.8768; 0.0971501; 0; 5.81631; 59; 4272.58; 1; 6; 0.017161; 0.202654; 
0; 0; 1; 1; 118; 119; 20.4844; 0.0162262; 1; 0; 0.0783151; 4.54308; 13; 104.055; 0.0791254; 0; 5.74047; 58; 3895.64; 1; 6; 0.0130753; 0.211957; 
0; 0; 1; 1; 131; 132; 20.4844; 0.0194598; 1; 0; 0.0560373; 4.54586; 19; 84.6643; 0.0859263; 0; 5.65032; 57; 3667.2; 1; 6; 0.0114398; 0.278373; 
0; 0; 1; 1; 112; 113; 20.4844; 0.0145898; 1; 1; 0.0420951; 4.04837; 16; 61.3984; 0.0800452; 0; 5.23811; 53; 3913.03; 1; 6; 0.0103824; 0.325513; 
0; 0; 1; 1; 97; 98; 20.4844; 0.0160945; 1; 0; 0.0460037; 4.04197; 15; 45.687; 0.0774628; 0; 6.10428; 62; 7166.74; 1; 6; 0.00997546; 0.271955; 
0; 0; 1; 1; 117; 118; 20.4844; 0.0128675; 1; 0; 0.0509381; 3.9969; 14; 53.7383; 0.0850197; 0; 5.38492; 54; 3451.01; 1; 6; 0.0107088; 0.318681; 
0; 0; 1; 0; 79; 80; 20.4844; 0.0145613; 1; 1; 0.0500566; 3.99158; 11; 16.2607; 0.0796676; 0; 5.04679; 51; 5308.3; 1; 6; 0.0105824; 0.262626; 
0; 0; 1; 1; 152; 153; 20.4844; 0.0192163; 1; 0; 0.0627127; 4.33009; 10; 42.6558; 0.0905146; 0; 6.44293; 65; 6686.2; 1; 6; 0.0131383; 0.276557; 
0; 0; 1; 1; 96; 97; 20.4844; 0.0184606; 1; 1; 0.0489932; 4.11059; 18; 92.3937; 0.0813017; 0; 5.16409; 52; 4105; 1; 6; 0.0117653; 0.301587; 
0; 0; 1; 1; 78; 79; 20.4844; 0.019292; 1; 1; 0.044961; 4.20892; 14; 132.667; 0.0740419; 0; 5.36076; 54; 3430.24; 1; 6; 0.00976004; 0.206989; 
0; 0; 1; 0; 125; 126; 20.4844; 0.0149629; 1; 0; 0.0580427; 4.44248; 14; 240.039; 0.091448; 0; 6.34382; 64; 5054.83; 1; 6; 0.0121613; 0.256198; 
0; 0; 1; 1; 114; 115; 20.4844; 0.019735; 1; 1; 0.0589093; 4.91383; 13; 35.1932; 0.0683264; 0; 6.88993; 69; 5339.71; 1; 6; 0.0116005; 0.273608; 
0; 0; 1; 1; 150; 151; 20.4844; 0.0203457; 1; 0; 0.0667674; 4.20751; 16; 175.195; 0.0871432; 0; 6.81699; 69; 5398.9; 1; 6; 0.0127763; 0.337104; 
0; 0; 1; 1; 140; 141; 20.4844; 0.0194277; 1; 0; 0.0673905; 4.83519; 12; 80.9339; 0.0909561; 0; 6.65926; 67; 3822.37; 1; 6; 0.0131209; 0.326291; 
0; 0; 1; 1; 134; 135; 20.4844; 0.0201894; 1; 1; 0.0640675; 4.4253; 14; 232.526; 0.0761243; 0; 5.37237; 54; 3711.28; 1; 6; 0.013096; 0.275362; 
0; 0; 1; 0; 92; 93; 20.4844; 0.0209515; 1; 0; 0.0467332; 5.06501; 13; 23.8744; 0.0785325; 0; 6.88542; 69; 4994.31; 1; 6; 0.00981125; 0.23038; 
0; 0; 1; 1; 134; 135; 20.4844; 0.0211974; 1; 1; 0.0714459; 4.32982; 11; 24.682; 0.0952145; 0; 5.90766; 60; 5222.8; 1; 6; 0.0119872; 0.279412; 
0; 0; 1; 0; 173; 174; 20.4844; 0.0206779; 1; 0; 0.0477516; 4.19145; 11; 15.0279; 0.0839314; 0; 6.04259; 61; 4117.5; 1; 6; 0.0148965; 0.316176; 
0; 0; 1; 1; 111; 112; 20.4844; 0.0167725; 1; 1; 0.0440892; 4.00268; 13; 101.947; 0.0677754; 0; 5.66133; 57; 3999.06; 1; 6; 0.00997825; 0.334347; 
0; 0; 1; 0; 127; 128; 20.4844; 0.0170721; 1; 0; 0.0402954; 4.29816; 17; 334.121; 0.0523011; 0; 5.6273; 57; 3806.18; 1; 6; 0.0141586; 0.249505; 
0; 0; 1; 1; 141; 142; 20.4844; 0.0227875; 1; 0; 0.0524614; 4.0079; 12; 32.5533; 0.0778665; 0; 6.19911; 62; 3357.3; 1; 6; 0.0119176; 0.348259; 
0; 0; 1; 0; 130; 131; 20.4844; 0.0182448; 1; 1; 0.0516116; 4.19711; 12; 62.8227; 0.0718691; 0; 5.53077; 56; 4679.19; 1; 6; 0.0130585; 0.278017; 
0; 0; 1; 1; 102; 103; 20.4844; 0.0168453; 1; 0; 0.0719097; 4.26866; 15; 90.6692; 0.0671273; 0; 6.15623; 62; 4709.51; 1; 6; 0.00929229; 0.277473; 
0; 0; 1; 1; 158; 159; 20.4844; 0.0152198; 1; 1; 0.0315354; 4.4543; 14; 48.0667; 0.0682875; 0; 5.66999; 57; 4330.36; 1; 6; 0.0132628; 0.352018; 
0; 0; 1; 1; 154; 155; 20.4844; 0.0154577; 1; 1; 0.0537883; 4.04114; 11; 27.3506; 0.0834854; 0; 6.02794; 61; 6663.33; 1; 6; 0.0134939; 0.338496; 
0; 0; 1; 1; 131; 132; 20.4844; 0.0189542; 1; 1; 0.056674; 3.95966; 11; 13.9798; 0.101852; 0; 5.92363; 60; 4876.3; 1; 6; 0.0111892; 0.305882; 
0; 0; 1; 0; 121; 122; 20.4844; 0.0171523; 1; 1; 0.0421448; 3.89835; 16; 50.6075; 0.0777056; 0; 5.9378; 60; 3775.38; 1; 6; 0.0111593; 0.224299; 
0; 0; 1; 0; 133; 134; 20.4844; 0.0202371; 1; 1; 0.0387439; 4.12042; 13; 13.4006; 0.106621; 0; 6.52966; 66; 5312.46; 1; 6; 0.0136554; 0.222222; 
0; 0; 1; 1; 92; 93; 20.4844; 0.0168051; 1; 1; 0.051842; 4.45815; 14; 124.683; 0.0736135; 0; 5.95689; 60; 4217.99; 1; 6; 0.00967392; 0.268437; 
0; 0; 1; 1; 98; 99; 20.4844; 0.0152047; 1; 0; 0.0500699; 4.12793; 13; 42.1851; 0.078414; 0; 5.32209; 54; 3887.34; 1; 6; 0.0118447; 0.274011; 
0; 0; 1; 1; 206; 207; 20.4844; 0.0201221; 1; 0; 0.0485513; 4.10458; 12; 50.9174; 0.0874964; 0; 5.32064; 54; 5821.89; 1; 6; 0.0199057; 0.286713; 
0; 0; 1; 1; 99; 100; 20.4844; 0.0142705; 1; 1; 0.0559052; 4.33182; 13; 29.4065; 0.0752631; 0; 5.46852; 55; 4797.25; 1; 6; 0.0108527; 0.302469; 
0; 0; 1; 1; 134; 135; 20.4844; 0.0163031; 1; 0; 0.0797262; 4.27189; 13; 142.985; 0.0925568; 0; 5.63855; 57; 4275.6; 1; 6; 0.0124253; 0.254302; 
0; 0; 1; 1; 99; 100; 20.4844; 0.0199008; 1; 0; 0.0408423; 4.04722; 11; 13.3145; 0.0769172; 0; 5.47262; 55; 3952.69; 1; 6; 0.00893962; 0.322368; 
0; 0; 1; 0; 103; 104; 20.4844; 0.0170181; 1; 1; 0.0511833; 4.07247; 13; 29.7092; 0.0755961; 0; 5.68954; 57; 3902.24; 1; 6; 0.00955896; 0.292264; 
0; 0; 1; 0; 225; 226; 20.4844; 0.0166667; 1; 1; 0.0553683; 4.19995; 11; 22.3071; 0.0743538; 0; 6.15823; 62; 5888.23; 1; 6; 0.0179663; 0.334828; 
0; 0; 1; 1; 110; 111; 20.4844; 0.0214333; 1; 0; 0.0515413; 4.26338; 11; 29.8576; 0.0738806; 0; 6.10467; 62; 6887.17; 1; 6; 0.0100174; 0.307042; 
0; 0; 1; 0; 124; 125; 20.4844; 0.0160497; 1; 0; 0.062415; 4.29682; 10; 37.8811; 0.0841275; 0; 5.42449; 55; 5072.69; 1; 6; 0.0115905; 0.296386; 
0; 0; 1; 1; 109; 110; 20.4844; 0.0153867; 1; 1; 0.0548818; 3.99236; 12; 35.6531; 0.0868351; 0; 5.7282; 58; 4904.56; 1; 6; 0.0106701; 0.329268; 
0; 0; 1; 1; 259; 260; 20.4844; 0.0231993; 1; 0; 0.0809658; 4.96464; 11; 29.3033; 0.078521; 0; 6.65221; 67; 6072.41; 1; 6; 0.023353; 0.193694; 
0; 0; 1; 1; 177; 178; 20.4844; 0.0139473; 1; 0; 0.0675097; 4.5762; 11; 75.8651; 0.0788748; 0; 6.28488; 63; 4373.39; 1; 6; 0.0140046; 0.301887; 
0; 0; 1; 1; 279; 280; 20.4844; 0.0175018; 1; 0; 0.0519493; 4.21767; 13; 42.4607; 0.0829097; 0; 6.21584; 63; 6057.88; 1; 6; 0.0257173; 0.190021; 
0; 0; 1; 1; 85; 86; 20.4844; 0.0169157; 1; 1; 0.0403694; 3.97019; 15; 39.2989; 0.081245; 0; 5.36821; 54; 4236.24; 1; 6; 0.00913192; 0.221053; 
0; 0; 1; 1; 97; 98; 20.4844; 0.017286; 1; 0; 0.0510041; 4.40556; 14; 121.141; 0.0756904; 0; 5.62848; 57; 4506.8; 1; 6; 0.00840592; 0.326531; 
0; 0; 1; 1; 126; 127; 20.4844; 0.0189539; 1; 1; 0.0591379; 4.39847; 13; 187.668; 0.0856015; 0; 6.07975; 61; 5068.14; 1; 6; 0.0153141; 0.26096; 
0; 0; 1; 1; 129; 130; 20.4844; 0.0214404; 1; 1; 0.0848988; 4.98971; 10; 20.3866; 0.0871265; 0; 6.71138; 68; 5770.85; 1; 6; 0.0115863; 0.305489; 
0; 0; 1; 1; 162; 163; 20.4844; 0.018704; 1; 0; 0.0710823; 4.40991; 8; 31.9152; 0.0869109; 0; 6.10482; 62; 6836.05; 1; 6; 0.0152728; 0.269231; 
0; 0; 1; 1; 235; 236; 20.4844; 0.0171306; 1; 0; 0.0448727; 4.06436; 12; 103.75; 0.0730448; 0; 5.57206; 56; 4737.16; 1; 6; 0.0229142; 0.18267; 
0; 0; 1; 1; 143; 144; 20.4844; 0.0172289; 1; 1; 0.0740197; 4.24861; 7; 9.41507; 0.08809; 0; 6.54131; 66; 6001.73; 1; 6; 0.0130392; 0.289206; 
.
geometric_RRT Range 5.
15 common properties
goal_bias = 0.05
intermediate_states = 0
longest_valid_segment_fraction = 0.00166667
projection.cellsize.0 = 0.1
projection.cellsize.1 = 0.1
projection.cellsize_factor = 0
projection.l1:R2.cellsize.0 = 0.1
projection.l1:R2.cellsize.1 = 0.1
projection.l1:R2.cellsize_factor = 0
projection.l1:SE2.cellsize.0 = 0.1
projection.l1:SE2.cellsize.1 = 0.1
projection.l1:SE2.cellsize.2 = 0.1
projection.l1:SE2.cellsize_factor = 0
range = 5
valid_segment_count_factor = 1
22 properties for each run
approximate solution BOOLEAN
correct solution BOOLEAN
correct solution strict BOOLEAN
graph motions INTEGER
graph states INTEGER
memory REAL
simplification time REAL
simplified correct solution BOOLEAN
simplified correct solution strict BOOLEAN
simplified solution clearance REAL
simplified solution length REAL
simplified solution segments INTEGER
simplified solution smoothness REAL
solution clearance REAL
solution difference REAL
solution length REAL
solution segments INTEGER
solution smoothness REAL
solved BOOLEAN
status ENUM
time REAL
valid segment fraction REAL
50 runs
0; 1; 1; 186; 187; 20.4844; 0.02003; 1; 1; 0.084435; 4.60282; 11; 65.1885; 0.102177; 0; 7.28863; 14; 150.147; 1; 6; 0.0973016; 0.0147549; 
0; 1; 1; 118; 119; 20.4844; 0.0141016; 1; 1; 0.0820003; 4.44333; 9; 22.8533; 0.0989808; 0; 7.47057; 16; 133.411; 1; 6; 0.0550881; 0.0180401; 
0; 1; 1; 152; 153; 20.4844; 0.0147205; 1; 0; 0.100279; 4.41555; 11; 99.316; 0.118732; 0; 7.01253; 16; 229.299; 1; 6; 0.043788; 0.0315287; 
0; 1; 1; 3446; 3447; 20.4844; 0.0152534; 1; 1; 0.0633975; 4.11517; 10; 23.8991; 0.111088; 0; 8.05049; 22; 1104.39; 1; 6; 0.333423; 0.124113; 
0; 1; 1; 227; 228; 20.4844; 0.0159896; 1; 0; 0.0830906; 4.3563; 10; 177.026; 0.0852308; 0; 7.29621; 14; 107.043; 1; 6; 0.0427663; 0.0572654; 
0; 1; 0; 108; 109; 20.4844; 0.0173617; 1; 0; 0.0828284; 5.04307; 11; 40.836; 0.0873206; 0; 6.29847; 12; 110.054; 1; 6; 0.225039; 0.0035098; 
0; 1; 1; 1215; 1216; 20.4844; 0.0140115; 1; 1; 0.115235; 4.97573; 11; 53.7961; 0.0747694; 0; 7.96405; 21; 1340.65; 1; 6; 0.392958; 0.027024; 
0; 1; 1; 245; 246; 20.4844; 0.0186248; 1; 1; 0.0637577; 5.93513; 13; 92.7753; 0.0776026; 0; 6.779; 19; 193.699; 1; 6; 0.092832; 0.0212066; 
0; 1; 1; 895; 896; 20.4844; 0.0180142; 1; 1; 0.0790355; 4.99353; 9; 11.564; 0.0928485; 0; 8.13621; 17; 136.526; 1; 6; 0.103506; 0.101589; 
0; 1; 0; 270; 271; 20.4844; 0.019343; 1; 1; 0.0702145; 4.34443; 10; 30.7749; 0.100804; 0; 7.13279; 16; 167.51; 1; 6; 0.111629; 0.0192376; 
0; 1; 1; 122; 123; 20.4844; 0.0142881; 1; 0; 0.0861856; 4.46784; 8; 15.4629; 0.0833042; 0; 7.77776; 17; 405.908; 1; 6; 0.051771; 0.020046; 
0; 1; 0; 317; 318; 20.4844; 0.0155775; 1; 0; 0.0947495; 5.21629; 11; 68.5849; 0.119603; 0; 8.74312; 18; 139.415; 1; 6; 0.051824; 0.0686296; 
0; 1; 1; 56; 57; 20.4844; 0.015768; 1; 1; 0.0817906; 5.05998; 10; 23.6977; 0.0850769; 0; 6.43097; 10; 25.3901; 1; 6; 0.128671; 0.00310749; 
0; 1; 1; 770; 771; 20.4844; 0.0145811; 1; 1; 0.0975686; 4.40366; 10; 32.383; 0.12337; 0; 7.48219; 20; 484.318; 1; 6; 0.0988951; 0.0958904; 
0; 1; 1; 554; 555; 20.4844; 0.0197573; 1; 1; 0.096588; 4.36456; 8; 33.0729; 0.112702; 0; 9.23697; 27; 1362.2; 1; 6; 0.157018; 0.0290493; 
0; 1; 1; 194; 195; 20.4844; 0.0139211; 1; 1; 0.0731162; 4.24769; 11; 43.4168; 0.113549; 0; 7.90873; 22; 718.109; 1; 6; 0.0328694; 0.0767709; 
0; 1; 1; 488; 489; 20.4844; 0.0194874; 1; 0; 0.0582195; 4.49767; 12; 60.3103; 0.103777; 0; 6.96349; 19; 729.489; 1; 6; 0.19244; 0.0201038; 
0; 1; 1; 629; 630; 20.4844; 0.0148518; 1; 0; 0.070258; 4.29898; 9; 75.7992; 0.0999011; 0; 6.50256; 13; 75.2484; 1; 6; 0.143134; 0.037436; 
0; 1; 0; 2121; 2122; 20.4844; 0.0171609; 1; 0; 0.0685877; 5.09258; 11; 23.1642; 0.119206; 0; 7.75325; 21; 2737.64; 1; 6; 0.34164; 0.0616857; 
0; 1; 1; 847; 848; 20.4844; 0.0147463; 1; 1; 0.104795; 4.85826; 11; 69.3854; 0.119251; 0; 7.90364; 21; 487.199; 1; 6; 0.128371; 0.0669036; 
0; 1; 1; 191; 192; 20.4844; 0.0147082; 1; 1; 0.0809445; 4.39656; 10; 36.2946; 0.0910265; 0; 8.61801; 22; 845.518; 1; 6; 0.134709; 0.0104514; 
0; 1; 1; 202; 203; 20.4844; 0.0140805; 1; 1; 0.0597012; 4.20062; 14; 33.7302; 0.099744; 0; 5.54436; 17; 4233.97; 1; 6; 0.210294; 0.00688128; 
0; 1; 1; 2245; 2246; 20.4844; 0.0172418; 1; 1; 0.0908181; 5.01381; 10; 15.6638; 0.0868504; 0; 8.54632; 22; 1287.75; 1; 6; 0.207004; 0.136408; 
0; 1; 1; 77; 78; 20.4844; 0.0168282; 1; 1; 0.0731371; 5.03734; 10; 17.2151; 0.100572; 0; 5.80993; 11; 983.646; 1; 6; 0.0897063; 0.00634894; 
0; 1; 1; 124; 125; 20.4844; 0.0166064; 1; 0; 0.0875553; 4.33474; 13; 140.907; 0.0823242; 0; 6.77502; 14; 1450.46; 1; 6; 0.159006; 0.00551454; 
0; 1; 1; 231; 232; 20.4844; 0.016836; 1; 1; 0.0771584; 5.12859; 11; 25.9491; 0.131906; 0; 6.80554; 21; 1128.85; 1; 6; 0.109723; 0.0160875; 
0; 1; 1; 244; 245; 20.4844; 0.0157209; 1; 1; 0.0694844; 5.01593; 9; 16.5566; 0.130778; 0; 6.83614; 16; 230.446; 1; 6; 0.172571; 0.0104843; 
0; 1; 0; 2125; 2126; 20.4844; 0.0204533; 1; 0; 0.0605386; 4.94474; 10; 18.4493; 0.0853779; 0; 6.18537; 20; 511.621; 1; 6; 0.212127; 0.133606; 
0; 1; 1; 396; 397; 20.4844; 0.0172468; 1; 0; 0.0959019; 4.32177; 11; 159.327; 0.101985; 0; 9.2478; 25; 746.304; 1; 6; 0.169807; 0.0180731; 
0; 1; 1; 775; 776; 20.4844; 0.017101; 1; 1; 0.0802759; 5.70414; 13; 25.1952; 0.103734; 0; 8.2071; 21; 1710.69; 1; 6; 0.181221; 0.0360264; 
0; 1; 0; 1157; 1158; 20.4844; 0.0180591; 1; 0; 0.0789901; 5.04639; 11; 74.374; 0.100348; 0; 6.74733; 18; 1084.24; 1; 6; 0.19728; 0.0555262; 
0; 1; 1; 138; 139; 20.4844; 0.0220963; 1; 0; 0.0841387; 5.00724; 11; 38.5126; 0.0805884; 0; 7.15409; 11; 180.568; 1; 6; 0.03866; 0.0446025; 
0; 1; 1; 216; 217; 20.4844; 0.0184657; 1; 1; 0.0925708; 5.41474; 9; 17.8935; 0.102578; 0; 7.20165; 18; 537.672; 1; 6; 0.0634127; 0.0297439; 
0; 1; 1; 2704; 2705; 20.4844; 0.0173441; 1; 0; 0.109499; 5.67578; 11; 479.941; 0.0906701; 0; 10.1952; 30; 1071.67; 1; 6; 0.247797; 0.142293; 
0; 1; 1; 1087; 1088; 20.4844; 0.0174137; 1; 1; 0.0805469; 5.4234; 11; 29.6375; 0.106297; 0; 9.43066; 24; 505.985; 1; 6; 0.133827; 0.094769; 
0; 1; 1; 1903; 1904; 20.4844; 0.0193331; 1; 1; 0.0534977; 4.43025; 11; 60.1192; 0.0808083; 0; 7.11467; 19; 1678.23; 1; 6; 0.197418; 0.108905; 
0; 1; 1; 338; 339; 20.4844; 0.0147315; 1; 1; 0.0788946; 5.04065; 13; 67.2933; 0.101915; 0; 6.98609; 16; 108.676; 1; 6; 0.0748978; 0.0416513; 
0; 1; 0; 503; 504; 20.4844; 0.0143786; 1; 1; 0.0635731; 4.76881; 15; 95.1589; 0.111012; 0; 6.92558; 21; 419.908; 1; 6; 0.107738; 0.043054; 
0; 1; 1; 298; 299; 20.4844; 0.0185525; 1; 1; 0.0830148; 5.59347; 12; 20.0292; 0.124867; 0; 8.30132; 24; 479.462; 1; 6; 0.0520996; 0.0607915; 
0; 1; 0; 980; 981; 20.4844; 0.0179738; 1; 0; 0.0716035; 4.55335; 8; 16.4616; 0.113445; 0; 7.36648; 20; 426.955; 1; 6; 0.173188; 0.0536751; 
0; 1; 1; 403; 404; 20.4844; 0.0190665; 1; 1; 0.0875386; 5.79984; 15; 468.29; 0.105285; 0; 9.20128; 21; 304.466; 1; 6; 0.0772251; 0.0523037; 
0; 1; 1; 291; 292; 20.4844; 0.0188007; 1; 0; 0.0703187; 4.46407; 7; 18.5086; 0.142717; 0; 5.54355; 13; 108.479; 1; 6; 0.0724198; 0.0354316; 
0; 1; 1; 1446; 1447; 20.4844; 0.018965; 1; 0; 0.0822358; 4.65155; 10; 38.0528; 0.113876; 0; 9.27154; 24; 1995.14; 1; 6; 0.23142; 0.0581985; 
0; 1; 1; 1103; 1104; 20.4844; 0.0165903; 1; 1; 0.0856768; 4.75341; 8; 16.9927; 0.116894; 0; 8.61526; 24; 478.535; 1; 6; 0.116636; 0.115934; 
0; 1; 0; 1255; 1256; 20.4844; 0.0214591; 1; 1; 0.0530339; 4.64634; 10; 18.4989; 0.101765; 0; 7.71738; 22; 886.981; 1; 6; 0.244313; 0.0463356; 
0; 1; 0; 53; 54; 20.4844; 0.0138852; 1; 1; 0.0420608; 4.19898; 11; 13.7113; 0.126106; 0; 4.81973; 10; 55.053; 1; 6; 0.109779; 0.00337859; 
0; 1; 0; 393; 394; 20.4844; 0.0174035; 1; 0; 0.0825327; 5.015; 11; 22.9536; 0.106678; 0; 6.56136; 16; 185.589; 1; 6; 0.0548857; 0.0923185; 
0; 1; 1; 398; 399; 20.4844; 0.0163538; 1; 1; 0.125993; 5.87183; 11; 24.1298; 0.126153; 0; 8.38627; 18; 286.068; 1; 6; 0.0584543; 0.083281; 
0; 1; 1; 217; 218; 20.4844; 0.0153788; 1; 1; 0.0701272; 5.18985; 9; 63.5878; 0.0757534; 0; 6.21478; 15; 525.925; 1; 6; 0.0966412; 0.0174986; 
0; 1; 1; 270; 271; 20.4844; 0.018728; 1; 0; 0.0558641; 3.97494; 13; 22.4078; 0.132115; 0; 6.90862; 18; 2063.64; 1; 6; 0.125833; 0.0178112; 
.
geometric_RRT Range 1.
14 common properties
intermediate_states = 0
longest_valid_segment_fraction = 0.00166667
projection.cellsize.0 = 0.1
projection.cellsize.1 = 0.1
projection.cellsize_factor = 0
projection.l1:R2.cellsize.0 = 0.1
projection.l1:R2.cellsize.1 = 0.1
projection.l1:R2.cellsize_factor = 0
projection.l1:SE2.cellsize.0 = 0.1
projection.l1:SE2.cellsize.1 = 0.1
projection.l1:SE2.cellsize.2 = 0.1
projection.l1:SE2.cellsize_factor = 0
range = 1
valid_segment_count_factor = 1
23 properties for each run
approx goal distance REAL
approximate solution BOOLEAN
correct solution BOOLEAN
correct solution strict BOOLEAN
graph motions INTEGER
graph states INTEGER
memory REAL
simplification time REAL
simplified correct solution BOOLEAN
simplified correct solution strict BOOLEAN
simplified solution clearance REAL
simplified solution length REAL
simplified solution segments INTEGER
simplified solution smoothness REAL
solution clearance REAL
solution difference REAL
solution length REAL
solution segments INTEGER
solution smoothness REAL
solved BOOLEAN
status ENUM
time REAL
valid segment fraction REAL
50 runs
0; 0; 1; 1; 1477; 1478; 20.4844; 0.0197705; 1; 1; 0.0604844; 5.1243; 11; 19.8777; 0.0904705; 0; 7.4103; 24; 1655.37; 1; 6; 0.212188; 0.116902; 
0; 0; 1; 0; 251; 252; 20.4844; 0.0129892; 1; 0; 0.0697227; 5.29142; 12; 88.2107; 0.104738; 0; 7.21534; 16; 486.848; 1; 6; 0.0532524; 0.078125; 
0; 0; 1; 1; 750; 751; 20.4844; 0.0178009; 1; 0; 0.100157; 4.98234; 13; 79.2332; 0.154802; 0; 7.29597; 18; 559.629; 1; 6; 0.12117; 0.10499; 
0; 0; 1; 1; 127; 128; 20.4844; 0.0153106; 1; 1; 0.131952; 5.0604; 11; 59.412; 0.117288; 0; 7.38863; 14; 137.651; 1; 6; 0.0310236; 0.0766423; 
0; 0; 1; 1; 1505; 1506; 20.4844; 0.0147204; 1; 1; 0.0607111; 4.44749; 10; 81.4143; 0.0862287; 0; 6.20606; 16; 321.19; 1; 6; 0.232826; 0.10779; 
0; 0; 1; 1; 1824; 1825; 20.4844; 0.0175479; 1; 1; 0.0779691; 5.14333; 11; 29.0883; 0.0947155; 0; 6.38858; 18; 1220.21; 1; 6; 0.256493; 0.117666; 
0; 0; 1; 0; 398; 399; 20.4844; 0.0167044; 1; 1; 0.101214; 5.07861; 8; 7.0625; 0.0904366; 0; 6.96841; 13; 362.917; 1; 6; 0.0719021; 0.0956396; 
0; 0; 1; 0; 608; 609; 20.4844; 0.0168225; 1; 1; 0.0885008; 5.15962; 10; 183.978; 0.111207; 0; 6.3671; 15; 1007.34; 1; 6; 0.101966; 0.100115; 
0; 0; 1; 0; 68; 69; 20.4844; 0.0164235; 1; 0; 0.0894431; 4.61632; 10; 40.976; 0.124765; 0; 6.06752; 11; 102.525; 1; 6; 0.0233378; 0.0559265; 
0; 0; 1; 1; 487; 488; 20.4844; 0.0199278; 1; 1; 0.0876902; 4.54207; 8; 40.7275; 0.0855534; 0; 8.99539; 26; 1030.72; 1; 6; 0.171656; 0.0375406; 
0; 0; 1; 1; 2572; 2573; 20.4844; 0.0159976; 1; 1; 0.109613; 4.87358; 8; 41.1724; 0.109015; 0; 6.90398; 22; 3449.25; 1; 6; 0.351699; 0.122539; 
0; 0; 1; 0; 1415; 1416; 20.4844; 0.0174203; 1; 0; 0.102976; 5.39277; 12; 23.4649; 0.0762359; 0; 7.39009; 17; 197.895; 1; 6; 0.239562; 0.10683; 
0; 0; 1; 1; 643; 644; 20.4844; 0.0142777; 1; 1; 0.0852246; 5.0317; 11; 78.2196; 0.0800999; 0; 6.69994; 19; 530.365; 1; 6; 0.106645; 0.100785; 
0; 0; 1; 1; 355; 356; 20.4844; 0.0153426; 1; 0; 0.0984058; 4.26938; 11; 37.2059; 0.111813; 0; 6.69131; 18; 1485.55; 1; 6; 0.0643117; 0.0907925; 
0; 0; 1; 1; 73; 74; 20.4844; 0.0154651; 1; 0; 0.097184; 4.27096; 8; 19.853; 0.131709; 0; 8.08068; 18; 370.189; 1; 6; 0.0258633; 0.0475561; 
0; 0; 1; 1; 382; 383; 20.4844; 0.0134076; 1; 1; 0.077191; 4.90162; 11; 9.35427; 0.0866631; 0; 7.04381; 14; 321.261; 1; 6; 0.0690971; 0.0945175; 
0; 0; 1; 0; 1791; 1792; 20.4844; 0.0157916; 1; 1; 0.0890732; 5.02699; 9; 18.0765; 0.109314; 0; 6.99327; 17; 1144.14; 1; 6; 0.248904; 0.119893; 
0; 0; 1; 1; 2083; 2084; 20.4844; 0.016568; 1; 1; 0.0703887; 5.08383; 8; 30.066; 0.0862627; 0; 8.80099; 23; 4963.62; 1; 6; 0.302955; 0.117521; 
0; 0; 1; 1; 96; 97; 20.4844; 0.0130683; 1; 0; 0.0719605; 4.74663; 13; 74.9319; 0.101037; 0; 6.65092; 15; 916.406; 1; 6; 0.118616; 0.00968597; 
0; 0; 1; 1; 108; 109; 20.4844; 0.0171315; 1; 0; 0.086916; 5.02935; 9; 14.365; 0.0910195; 0; 7.45228; 14; 100.733; 1; 6; 0.0279767; 0.0739461; 
0; 0; 1; 1; 893; 894; 20.4844; 0.0180192; 1; 1; 0.0636985; 4.6577; 13; 73.7855; 0.102796; 0; 6.3536; 18; 895.55; 1; 6; 0.143182; 0.111042; 
0; 0; 1; 1; 306; 307; 20.4844; 0.0139894; 1; 0; 0.0811165; 4.45082; 10; 42.2512; 0.0781529; 0; 6.84959; 18; 402.696; 1; 6; 0.0613476; 0.0832424; 
0; 0; 1; 1; 567; 568; 20.4844; 0.0161055; 1; 1; 0.0725494; 4.14963; 10; 27.8283; 0.113033; 0; 7.73214; 22; 249.982; 1; 6; 0.0982868; 0.0914526; 
0; 0; 1; 1; 618; 619; 20.4844; 0.0182467; 1; 1; 0.0876541; 5.36804; 10; 228.944; 0.121819; 0; 10.1014; 23; 388.978; 1; 6; 0.102041; 0.10382; 
0; 0; 1; 1; 3158; 3159; 20.4844; 0.0191295; 1; 0; 0.0809007; 4.69478; 12; 207.898; 0.0613499; 0; 7.44829; 18; 1688.12; 1; 6; 0.437364; 0.125697; 
0; 0; 1; 1; 94; 95; 20.4844; 0.0175508; 1; 1; 0.0771109; 4.35324; 9; 26.4827; 0.0796102; 0; 5.61594; 10; 56.0411; 1; 6; 0.0233208; 0.0808696; 
0; 0; 1; 1; 1086; 1087; 20.4844; 0.0157318; 1; 1; 0.0823434; 5.16909; 10; 24.7469; 0.104569; 0; 6.05312; 12; 470.978; 1; 6; 0.157502; 0.112238; 
0; 0; 1; 1; 124; 125; 20.4844; 0.0190544; 1; 0; 0.123141; 5.37716; 12; 58.9451; 0.12071; 0; 10.1239; 25; 600.515; 1; 6; 0.0387541; 0.0521628; 
0; 0; 1; 1; 1667; 1668; 20.4844; 0.0168944; 1; 0; 0.079603; 4.927; 11; 155.434; 0.0836668; 0; 7.56142; 25; 1066.96; 1; 6; 0.298891; 0.0857746; 
0; 0; 1; 0; 990; 991; 20.4844; 0.0172138; 1; 0; 0.0692379; 5.31889; 11; 78.4666; 0.0853027; 0; 7.37941; 20; 1797.47; 1; 6; 0.151804; 0.107127; 
0; 0; 1; 0; 784; 785; 20.4844; 0.012728; 1; 1; 0.0667067; 4.54894; 11; 72.31; 0.121508; 0; 5.88728; 14; 1215.15; 1; 6; 0.129646; 0.100811; 
0; 0; 1; 1; 765; 766; 20.4844; 0.0146802; 1; 1; 0.0906598; 5.65065; 12; 36.9362; 0.104229; 0; 7.81965; 20; 1343.34; 1; 6; 0.163604; 0.0692719; 
0; 0; 1; 0; 404; 405; 20.4844; 0.0203922; 1; 1; 0.0594236; 4.58285; 12; 42.4826; 0.136248; 0; 7.82291; 20; 792.504; 1; 6; 0.0906607; 0.0703561; 
0; 0; 1; 0; 392; 393; 20.4844; 0.0155516; 1; 0; 0.0698472; 4.48017; 12; 47.5762; 0.128248; 0; 6.36241; 16; 293.731; 1; 6; 0.0749125; 0.0807184; 
0; 0; 1; 0; 435; 436; 20.4844; 0.0157383; 1; 0; 0.0671635; 4.97636; 10; 29.7085; 0.127175; 0; 6.92129; 18; 333.47; 1; 6; 0.160299; 0.035726; 
0; 0; 1; 1; 348; 349; 20.4844; 0.015176; 1; 1; 0.0635383; 5.03764; 10; 11.4492; 0.124562; 0; 6.14332; 13; 345.09; 1; 6; 0.0620555; 0.0964961; 
0; 0; 1; 0; 123; 124; 20.4844; 0.0157354; 1; 0; 0.121445; 5.64267; 10; 34.6633; 0.0872286; 0; 7.18404; 15; 226.644; 1; 6; 0.0282852; 0.0810631; 
0; 0; 1; 0; 776; 777; 20.4844; 0.0211186; 1; 0; 0.0978977; 5.04987; 11; 26.1533; 0.0808065; 0; 7.15659; 14; 269.851; 1; 6; 0.120671; 0.110399; 
0; 0; 1; 1; 900; 901; 20.4844; 0.0189463; 1; 1; 0.0425194; 4.62501; 12; 27.4606; 0.101609; 0; 7.65313; 21; 606.142; 1; 6; 0.151331; 0.100977; 
0; 0; 1; 1; 122; 123; 20.4844; 0.0160116; 1; 1; 0.104822; 5.14189; 10; 166.619; 0.103965; 0; 7.51268; 16; 427.548; 1; 6; 0.037472; 0.0558118; 
0; 0; 1; 1; 1221; 1222; 20.4844; 0.0134265; 1; 1; 0.0782832; 4.99995; 9; 15.6447; 0.0986757; 0; 6.26314; 17; 1082.54; 1; 6; 0.198826; 0.101921; 
0; 0; 1; 1; 264; 265; 20.4844; 0.0169745; 1; 1; 0.0555919; 4.95405; 12; 38.7672; 0.0997792; 0; 7.85255; 19; 434.871; 1; 6; 0.0547493; 0.0808733; 
0; 0; 1; 1; 149; 150; 20.4844; 0.0130213; 1; 0; 0.0754858; 4.36622; 9; 20.4735; 0.126274; 0; 5.36943; 12; 181.206; 1; 6; 0.0347392; 0.0834743; 
0; 0; 1; 1; 555; 556; 20.4844; 0.0198066; 1; 0; 0.0655631; 4.83825; 10; 48.0837; 0.134434; 0; 6.51868; 15; 452.192; 1; 6; 0.093978; 0.107908; 
0; 0; 1; 1; 601; 602; 20.4844; 0.0209468; 1; 1; 0.0691446; 4.4958; 13; 89.8456; 0.0958441; 0; 7.24408; 15; 1551.7; 1; 6; 0.0954419; 0.107469; 
0; 0; 1; 1; 200; 201; 20.4844; 0.0175798; 1; 1; 0.093917; 4.9002; 13; 85.5242; 0.10635; 0; 6.54808; 15; 395.057; 1; 6; 0.0379874; 0.0917473; 
0; 0; 1; 0; 1115; 1116; 20.4844; 0.0165671; 1; 0; 0.0653397; 5.14385; 11; 311.452; 0.118451; 0; 6.99597; 21; 1372.99; 1; 6; 0.180725; 0.0977022; 
0; 0; 1; 1; 415; 416; 20.4844; 0.0179033; 1; 1; 0.0721476; 5.20916; 9; 16.4865; 0.103099; 0; 6.64441; 15; 432.885; 1; 6; 0.0686161; 0.103474; 
0; 0; 1; 1; 412; 413; 20.4844; 0.0180029; 1; 1; 0.0857681; 5.00742; 8; 7.74041; 0.121865; 0; 6.74096; 19; 532.968; 1; 6; 0.073608; 0.0933667; 
0; 0; 1; 1; 448; 449; 20.4844; 0.0153612; 1; 1; 0.0729465; 5.30488; 12; 62.1266; 0.101747; 0; 6.32469; 14; 506.862; 1; 6; 0.0767266; 0.102031; 
.
geometric_RRT Range 0.1.
15 common properties
goal_bias = 0.05
intermediate_states = 0
longest_valid_segment_fraction = 0.00166667
projection.cellsize.0 = 0.1
projection.cellsize.1 = 0.1
projection.cellsize_factor = 0
projection.l1:R2.cellsize.0 = 0.1
projection.l1:R2.cellsize.1 = 0.1
projection.l1:R2.cellsize_factor = 0
projection.l1:SE2.cellsize.0 = 0.1
projection.l1:SE2.cellsize.1 = 0.1
projection.l1:SE2.cellsize.2 = 0.1
projection.l1:SE2.cellsize_factor = 0
range = 0.1
valid_segment_count_factor = 1
22 properties for each run
approximate solution BOOLEAN
correct solution BOOLEAN
correct solution strict BOOLEAN
graph motions INTEGER
graph states INTEGER
memory REAL
simplification time REAL
simplified correct solution BOOLEAN
simplified correct solution strict BOOLEAN
simplified solution clearance REAL
simplified solution length REAL
simplified solution segments INTEGER
simplified solution smoothness REAL
solution clearance REAL
solution difference REAL
solution length REAL
solution segments INTEGER
solution smoothness REAL
solved BOOLEAN
status ENUM
time REAL
valid segment fraction REAL
50 runs
0; 1; 0; 804; 805; 20.4844; 0.0180445; 1; 0; 0.0650633; 4.45378; 13; 92.5208; 0.0857275; 0; 6.12624; 62; 4683.83; 1; 6; 0.059152; 0.228344; 
0; 1; 1; 448; 449; 20.4844; 0.0187533; 1; 0; 0.0383992; 4.36589; 13; 298.496; 0.0807157; 0; 5.78282; 58; 4491.89; 1; 6; 0.036383; 0.15836; 
0; 1; 1; 391; 392; 20.4844; 0.0229572; 1; 0; 0.0466757; 4.99407; 14; 305.596; 0.0779912; 0; 5.97994; 60; 4243.16; 1; 6; 0.0260394; 0.243462; 
0; 1; 1; 646; 647; 20.4844; 0.017488; 1; 1; 0.0540505; 4.30656; 12; 96.598; 0.0848524; 0; 6.26556; 63; 5714.99; 1; 6; 0.0465785; 0.219728; 
0; 1; 0; 486; 487; 20.4844; 0.0161379; 1; 1; 0.0764139; 4.62511; 17; 291.176; 0.0905742; 0; 5.71414; 58; 3612.2; 1; 6; 0.0334771; 0.243122; 
0; 1; 1; 402; 403; 20.4844; 0.0133499; 1; 0; 0.104622; 4.32537; 8; 13.2561; 0.0876264; 0; 5.68665; 57; 3426.39; 1; 6; 0.0266672; 0.240863; 
0; 1; 1; 481; 482; 20.4844; 0.0164651; 1; 0; 0.0763359; 4.25211; 11; 39.339; 0.0835473; 0; 5.84878; 59; 4180.74; 1; 6; 0.0321678; 0.248066; 
0; 1; 1; 1552; 1553; 20.4844; 0.0162461; 1; 0; 0.0634753; 4.17935; 11; 77.8329; 0.0827933; 0; 6.0352; 61; 5581.83; 1; 6; 0.123604; 0.178473; 
0; 1; 0; 719; 720; 20.4844; 0.0201206; 1; 0; 0.0603052; 5.25106; 13; 45.7818; 0.0935859; 0; 7.15528; 73; 4744.43; 1; 6; 0.052311; 0.209682; 
0; 1; 1; 492; 493; 20.4844; 0.0197197; 1; 1; 0.0686911; 4.46903; 11; 62.0736; 0.117588; 0; 6.08941; 61; 4450.86; 1; 6; 0.0345851; 0.203896; 
0; 1; 1; 467; 468; 20.4844; 0.0204777; 1; 0; 0.0670087; 4.29512; 15; 248.898; 0.0798677; 0; 5.81285; 59; 3711.79; 1; 6; 0.0314815; 0.244119; 
0; 1; 1; 285; 286; 20.4844; 0.0208905; 1; 0; 0.0470698; 4.37892; 14; 62.1124; 0.0941628; 0; 5.89563; 59; 2748.21; 1; 6; 0.0198617; 0.256065; 
0; 1; 1; 354; 355; 20.4844; 0.0182963; 1; 1; 0.0436008; 3.96879; 12; 26.5461; 0.0845405; 0; 6.60412; 67; 4063.27; 1; 6; 0.025779; 0.188398; 
0; 1; 0; 477; 478; 20.4844; 0.0182868; 1; 0; 0.0919283; 4.35479; 14; 84.2617; 0.0996646; 0; 5.86701; 59; 4000.03; 1; 6; 0.0321941; 0.244867; 
0; 1; 1; 746; 747; 20.4844; 0.0154423; 1; 1; 0.0593166; 4.11038; 12; 49.9361; 0.0778098; 0; 5.99496; 60; 4015.71; 1; 6; 0.0518332; 0.228975; 
0; 1; 1; 247; 248; 20.4844; 0.0222155; 1; 0; 0.0596065; 5.08752; 15; 96.5119; 0.0825087; 0; 6.53153; 66; 5665; 1; 6; 0.0165642; 0.244071; 
0; 1; 1; 465; 466; 20.4844; 0.0183135; 1; 0; 0.0633326; 4.34947; 14; 88.7818; 0.10143; 0; 6.00656; 61; 3333.96; 1; 6; 0.0312225; 0.235443; 
0; 1; 0; 355; 356; 20.4844; 0.018949; 1; 0; 0.0598545; 4.38998; 14; 82.1268; 0.0859346; 0; 6.08889; 61; 4811.95; 1; 6; 0.0252787; 0.230819; 
0; 1; 0; 718; 719; 20.4844; 0.0148804; 1; 0; 0.0533761; 4.08559; 13; 108; 0.0768918; 0; 5.68653; 58; 5014.21; 1; 6; 0.0549537; 0.198617; 
0; 1; 1; 763; 764; 20.4844; 0.0201462; 1; 0; 0.0609501; 4.07407; 14; 67.4; 0.0861542; 0; 6.45578; 65; 4002.05; 1; 6; 0.0527497; 0.22858; 
0; 1; 1; 469; 470; 20.4844; 0.0216278; 1; 0; 0.0546543; 4.13787; 16; 237.93; 0.10436; 0; 6.47956; 65; 6248.69; 1; 6; 0.0333335; 0.219467; 
0; 1; 0; 478; 479; 20.4844; 0.018655; 1; 0; 0.0520967; 4.13315; 13; 29.5607; 0.101708; 0; 5.70935; 58; 3452.45; 1; 6; 0.0309734; 0.265999; 
0; 1; 1; 582; 583; 20.4844; 0.0193154; 1; 0; 0.0497827; 4.17589; 12; 112.461; 0.0736445; 0; 5.61389; 57; 4514.91; 1; 6; 0.0401945; 0.227789; 
0; 1; 1; 388; 389; 20.4844; 0.0210424; 1; 0; 0.0780612; 4.37218; 12; 45.2998; 0.0765004; 0; 5.29528; 53; 2933.28; 1; 6; 0.0255858; 0.259358; 
0; 1; 1; 459; 460; 20.4844; 0.0167241; 1; 0; 0.0722214; 4.3794; 13; 77.6171; 0.103015; 0; 5.64187; 57; 4828.55; 1; 6; 0.0297765; 0.265012; 
0; 1; 1; 386; 387; 20.4844; 0.0163727; 1; 0; 0.0405339; 3.97217; 14; 43.6224; 0.0819681; 0; 5.4735; 55; 2786.19; 1; 6; 0.0271772; 0.250324; 
0; 1; 1; 410; 411; 20.4844; 0.016826; 1; 0; 0.0495165; 3.95349; 12; 42.6412; 0.10411; 0; 5.3551; 54; 3405; 1; 6; 0.027897; 0.246988; 
0; 1; 1; 398; 399; 20.4844; 0.0169979; 1; 1; 0.0552317; 4.02632; 16; 72.0074; 0.104251; 0; 5.91299; 60; 4143.56; 1; 6; 0.0333171; 0.165972; 
0; 1; 1; 308; 309; 20.4844; 0.0214318; 1; 0; 0.0607017; 4.3299; 13; 44.3487; 0.0815382; 0; 6.49875; 65; 4925.63; 1; 6; 0.0231005; 0.263473; 
0; 1; 1; 685; 686; 20.4844; 0.0174677; 1; 0; 0.077593; 4.46051; 11; 95.2626; 0.100553; 0; 6.13286; 62; 4569.37; 1; 6; 0.050596; 0.215341; 
0; 1; 1; 374; 375; 20.4844; 0.0230022; 1; 0; 0.0444554; 5.01015; 13; 28.3883; 0.0721636; 0; 6.06732; 61; 4747.38; 1; 6; 0.028281; 0.218841; 
0; 1; 1; 687; 688; 20.4844; 0.0173221; 1; 1; 0.0521991; 4.05408; 13; 39.8826; 0.11217; 0; 5.22399; 53; 4733.41; 1; 6; 0.0487195; 0.221541; 
0; 1; 1; 215; 216; 20.4844; 0.0176139; 1; 1; 0.0625578; 4.32416; 12; 122.559; 0.0895489; 0; 5.77417; 59; 5775.19; 1; 6; 0.0155752; 0.223958; 
0; 1; 1; 629; 630; 20.4844; 0.018485; 1; 1; 0.0694393; 4.44757; 14; 65.8109; 0.100727; 0; 6.17884; 62; 4716.65; 1; 6; 0.0429104; 0.222813; 
0; 1; 1; 1309; 1310; 20.4844; 0.0189089; 1; 1; 0.0665896; 4.07259; 9; 20.706; 0.105103; 0; 6.21212; 63; 6868.76; 1; 6; 0.104; 0.187509; 
0; 1; 1; 2067; 2068; 20.4844; 0.0173195; 1; 0; 0.0667685; 4.36081; 13; 170.366; 0.0867075; 0; 7.07105; 71; 5172.25; 1; 6; 0.176335; 0.179911; 
0; 1; 1; 414; 415; 20.4844; 0.015957; 1; 0; 0.0413261; 4.14054; 14; 41.4245; 0.0978465; 0; 5.41735; 55; 3664.08; 1; 6; 0.0266588; 0.250909; 
0; 1; 0; 561; 562; 20.4844; 0.0206743; 1; 0; 0.063654; 4.36797; 17; 113.407; 0.0840437; 0; 5.23254; 53; 3185.07; 1; 6; 0.0414643; 0.219484; 
0; 1; 1; 324; 325; 20.4844; 0.0200575; 1; 0; 0.0440214; 4.31401; 12; 39.0442; 0.10653; 0; 5.37332; 55; 3062.87; 1; 6; 0.040944; 0.0656269; 
0; 1; 1; 1080; 1081; 20.4844; 0.0201921; 1; 0; 0.0503199; 4.419; 14; 81.4785; 0.0715589; 0; 5.7742; 59; 3062.17; 1; 6; 0.0801406; 0.202096; 
0; 1; 1; 340; 341; 20.4844; 0.0220336; 1; 1; 0.0603496; 4.97044; 9; 8.23324; 0.099544; 0; 6.55327; 67; 4962.64; 1; 6; 0.0264566; 0.143946; 
0; 1; 1; 234; 235; 20.4844; 0.0167713; 1; 0; 0.0550098; 4.18021; 13; 115.487; 0.0851376; 0; 5.10425; 52; 3084.16; 1; 6; 0.0168519; 0.209115; 
0; 1; 1; 365; 366; 20.4844; 0.0140349; 1; 0; 0.0507087; 4.08308; 12; 26.133; 0.100055; 0; 5.6764; 57; 3902.7; 1; 6; 0.0247067; 0.264301; 
0; 1; 1; 1969; 1970; 20.4844; 0.021121; 1; 0; 0.0778064; 4.29503; 13; 88.1522; 0.067696; 0; 5.96805; 60; 4367.39; 1; 6; 0.160152; 0.182146; 
0; 1; 1; 659; 660; 20.4844; 0.0150841; 1; 1; 0.0459593; 4.02166; 14; 63.1468; 0.10159; 0; 6.13602; 62; 4498.53; 1; 6; 0.0451475; 0.244165; 
0; 1; 1; 324; 325; 20.4844; 0.0237754; 1; 0; 0.0687716; 5.17424; 12; 21.5551; 0.0979563; 0; 6.37269; 64; 4297.29; 1; 6; 0.0203548; 0.264274; 
0; 1; 1; 345; 346; 20.4844; 0.0154106; 1; 1; 0.0424357; 3.95401; 13; 25.5702; 0.0947625; 0; 5.77992; 58; 3608.43; 1; 6; 0.0238273; 0.238095; 
0; 1; 1; 503; 504; 20.4844; 0.0195481; 1; 1; 0.0905731; 4.55798; 11; 147.024; 0.0848846; 0; 6.01469; 61; 3857.91; 1; 6; 0.0375076; 0.198814; 
0; 1; 1; 637; 638; 20.4844; 0.0195489; 1; 0; 0.0711257; 4.41821; 12; 101.841; 0.0973844; 0; 5.96412; 60; 4316.37; 1; 6; 0.0436335; 0.236803; 
0; 1; 1; 289; 290; 20.4844; 0.0176239; 1; 1; 0.0547869; 4.08733; 11; 30.6069; 0.0909476; 0; 5.88213; 60; 2974.57; 1; 6; 0.0203057; 0.234198; 
.
geometric_KPIECE1
17 common properties
border_fraction = 0.9
failed_expansion_score_factor = 0.5
goal_bias = 0.05
longest_valid_segment_fraction = 0.00166667
min_valid_path_fraction = 0.2
projection.cellsize.0 = 0.1
projection.cellsize.1 = 0.1
projection.cellsize_factor = 0
projection.l1:R2.cellsize.0 = 0.1
projection.l1:R2.cellsize.1 = 0.1
projection.l1:R2.cellsize_factor = 0
projection.l1:SE2.cellsize.0 = 0.1
projection.l1:SE2.cellsize.1 = 0.1
projection.l1:SE2.cellsize.2 = 0.1
projection.l1:SE2.cellsize_factor = 0
range = 1.64612
valid_segment_count_factor = 1
22 properties for each run
approximate solution BOOLEAN
correct solution BOOLEAN
correct solution strict BOOLEAN
graph motions INTEGER
graph states INTEGER
memory REAL
simplification time REAL
simplified correct solution BOOLEAN
simplified correct solution strict BOOLEAN
simplified solution clearance REAL
simplified solution length REAL
simplified solution segments INTEGER
simplified solution smoothness REAL
solution clearance REAL
solution difference REAL
solution length REAL
solution segments INTEGER
solution smoothness REAL
solved BOOLEAN
status ENUM
time REAL
valid segment fraction REAL
50 runs
0; 1; 1; 15419; 15420; 60.4375; 0.0248755; 1; 1; 0.082882; 7.89105; 19; 184.375; 0.062149; 0; 28.7399; 73; 3071.32; 1; 6; 2.10727; 0.100129; 
0; 1; 1; 18663; 18664; 70.8281; 0.0174667; 1; 0; 0.056844; 4.62313; 12; 125.661; 0.0378323; 0; 18.1885; 53; 2290.93; 1; 6; 2.54547; 0.0993385; 
0; 1; 1; 25353; 25354; 91.9336; 0.0188812; 1; 1; 0.0784189; 4.75906; 8; 8.20048; 0.13206; 0; 16.7484; 42; 1307.26; 1; 6; 3.48254; 0.0964041; 
0; 1; 0; 1619; 1620; 99.4102; 0.020498; 1; 0; 0.0969699; 4.3699; 9; 28.5468; 0.035296; 0; 15.1034; 42; 2218.01; 1; 6; 0.216985; 0.0820779; 
0; 1; 1; 282; 283; 99.4102; 0.016123; 1; 0; 0.0656402; 4.13655; 11; 26.0696; 0.037842; 0; 10.3866; 26; 1403.32; 1; 6; 0.0389525; 0.0724638; 
0; 1; 1; 619; 620; 99.4102; 0.0167132; 1; 1; 0.104735; 4.38566; 9; 29.9861; 0.0527172; 0; 11.4686; 33; 1551.66; 1; 6; 0.0834776; 0.126814; 
0; 1; 1; 1069; 1070; 99.4102; 0.017511; 1; 0; 0.056359; 4.40505; 13; 205.775; 0.0418906; 0; 11.1039; 30; 1232.19; 1; 6; 0.145672; 0.0785953; 
0; 1; 1; 7159; 7160; 99.9258; 0.0161299; 1; 1; 0.0844944; 4.72311; 12; 70.6686; 0.0490505; 0; 14.9165; 36; 2653.36; 1; 6; 0.960916; 0.0949797; 
0; 1; 1; 1126; 1127; 99.9258; 0.0197284; 1; 1; 0.0653452; 4.53822; 12; 136.643; 0.0346258; 0; 17.3104; 48; 2592.73; 1; 6; 0.152217; 0.0833333; 
0; 1; 1; 262; 263; 99.9258; 0.016848; 1; 1; 0.0665819; 4.79621; 12; 126.497; 0.0440854; 0; 12.8492; 37; 1688.49; 1; 6; 0.0352428; 0.0943662; 
0; 1; 1; 27322; 27323; 99.9258; 0.0187187; 1; 0; 0.0448295; 4.44267; 13; 189.834; 0.0226388; 0; 20.8242; 56; 4544.5; 1; 6; 3.71391; 0.0950288; 
0; 1; 1; 1675; 1676; 106.371; 0.0199953; 1; 0; 0.0761496; 4.46219; 10; 39.2389; 0.0462774; 0; 25.2298; 64; 2671.15; 1; 6; 0.22476; 0.0923239; 
0; 1; 1; 629; 630; 106.371; 0.0209907; 1; 1; 0.0748512; 5.25961; 15; 261.784; 0.0260757; 0; 23.9364; 61; 3185.92; 1; 6; 0.0838695; 0.0571809; 
0; 1; 1; 820; 821; 106.371; 0.0184764; 1; 0; 0.0988166; 4.46752; 11; 43.045; 0.040629; 0; 17.713; 51; 3022.11; 1; 6; 0.109496; 0.0759305; 
0; 1; 1; 18937; 18938; 106.629; 0.0187652; 1; 0; 0.111664; 5.93739; 9; 42.9504; 0.0281322; 0; 16.9723; 48; 2600.24; 1; 6; 2.56699; 0.0965114; 
0; 1; 1; 851; 852; 106.629; 0.0205549; 1; 0; 0.0807256; 5.04991; 12; 75.3331; 0.0375322; 0; 24.0742; 65; 4753.52; 1; 6; 0.114522; 0.0563443; 
0; 1; 0; 886; 887; 106.629; 0.0157637; 1; 0; 0.0628641; 4.27408; 10; 34.0011; 0.0629983; 0; 22.4564; 63; 3635.64; 1; 6; 0.120102; 0.0563173; 
0; 1; 0; 598; 599; 106.629; 0.0161928; 1; 0; 0.0470297; 4.04371; 12; 21.5221; 0.0533576; 0; 18.5969; 50; 2565.06; 1; 6; 0.0788347; 0.0794521; 
0; 1; 1; 1984; 1985; 106.629; 0.0196713; 1; 1; 0.0670968; 4.72646; 10; 72.0904; 0.0380601; 0; 15.7571; 44; 2782.27; 1; 6; 0.268564; 0.0847914; 
0; 1; 1; 2010; 2011; 106.629; 0.016696; 1; 0; 0.0971504; 4.34903; 9; 57.3298; 0.049038; 0; 12.7187; 38; 2367.92; 1; 6; 0.276563; 0.0801828; 
0; 1; 1; 1407; 1408; 106.629; 0.0190535; 1; 0; 0.0757168; 4.30726; 12; 48.1334; 0.0426048; 0; 19.9177; 62; 3785.14; 1; 6; 0.184403; 0.0596734; 
0; 1; 1; 1003; 1004; 106.629; 0.0177495; 1; 0; 0.0716605; 4.22623; 10; 29.0393; 0.0329757; 0; 27.6445; 71; 4419.98; 1; 6; 0.135888; 0.0480315; 
0; 1; 1; 15722; 15723; 106.629; 0.0162012; 1; 1; 0.100089; 4.70135; 10; 56.9313; 0.0227259; 0; 18.2414; 50; 2885.74; 1; 6; 2.0924; 0.10296; 
0; 1; 1; 959; 960; 106.629; 0.0160461; 1; 1; 0.0644076; 4.50029; 14; 272.13; 0.0396892; 0; 17.7052; 47; 2243.59; 1; 6; 0.132838; 0.0865659; 
0; 1; 1; 6689; 6690; 106.629; 0.0196179; 1; 0; 0.0631382; 4.69971; 10; 4.94138; 0.0859336; 0; 11.0786; 26; 850.039; 1; 6; 0.890645; 0.0985078; 
0; 1; 0; 450; 451; 106.629; 0.0220165; 1; 0; 0.123568; 4.68377; 9; 32.1844; 0.0534689; 0; 17.3621; 45; 1599.03; 1; 6; 0.0620332; 0.0760518; 
0; 1; 1; 43960; 43961; 150.457; 0.0209361; 1; 1; 0.0972603; 4.67074; 12; 33.8556; 0.0517253; 0; 25.431; 67; 3321.67; 1; 6; 6.03124; 0.0974777; 
0; 1; 1; 11279; 11280; 161.137; 0.02347; 1; 1; 0.0598019; 4.71778; 7; 6.88931; 0.0878488; 0; 13.6609; 39; 1544.69; 1; 6; 1.52128; 0.100334; 
0; 1; 0; 432; 433; 161.137; 0.0211647; 1; 1; 0.0697887; 4.66476; 14; 128.115; 0.026305; 0; 19.4735; 54; 2884.53; 1; 6; 0.059856; 0.0530531; 
0; 1; 1; 769; 770; 161.137; 0.0197183; 1; 0; 0.0951582; 4.56071; 10; 55.0875; 0.0239167; 0; 14.7385; 43; 1734.5; 1; 6; 0.107277; 0.104819; 
0; 1; 1; 1380; 1381; 161.137; 0.0204595; 1; 0; 0.0682871; 5.03334; 12; 99.7367; 0.0254296; 0; 24.3922; 63; 2399.35; 1; 6; 0.18592; 0.0764431; 
0; 1; 1; 37371; 37372; 161.137; 0.018768; 1; 0; 0.0808879; 4.82256; 9; 46.4121; 0.079487; 0; 13.6175; 37; 1692.74; 1; 6; 5.10275; 0.0967434; 
0; 1; 1; 4012; 4013; 151.051; 0.0212244; 1; 1; 0.0786992; 4.75508; 9; 111.451; 0.0563637; 0; 20.3343; 51; 2467.11; 1; 6; 0.528497; 0.0934866; 
0; 1; 1; 854; 855; 151.051; 0.0187468; 1; 1; 0.0708293; 4.68109; 13; 54.084; 0.0529778; 0; 22.7569; 59; 4040.38; 1; 6; 0.113674; 0.0612154; 
0; 1; 1; 704; 705; 151.051; 0.0170515; 1; 1; 0.095156; 4.74413; 12; 107.623; 0.0381896; 0; 13.7176; 42; 2926.01; 1; 6; 0.0992241; 0.0958156; 
0; 1; 0; 436; 437; 151.051; 0.018461; 1; 0; 0.0655638; 4.31566; 13; 122.083; 0.0372198; 0; 14.2896; 45; 2459.88; 1; 6; 0.0569453; 0.0821459; 
0; 1; 1; 681; 682; 151.051; 0.0213681; 1; 1; 0.053069; 4.75032; 9; 5.36316; 0.066968; 0; 10.5017; 32; 8057.73; 1; 6; 0.107946; 0.0958647; 
0; 1; 1; 656; 657; 151.051; 0.0174814; 1; 1; 0.0676792; 4.34218; 10; 65.3822; 0.0383124; 0; 19.1811; 58; 3150.7; 1; 6; 0.0943606; 0.0574289; 
0; 1; 1; 9813; 9814; 151.051; 0.0152213; 1; 1; 0.0475893; 4.15196; 11; 80.4683; 0.0566751; 0; 13.1338; 34; 2447.56; 1; 6; 1.31534; 0.103309; 
0; 1; 1; 689; 690; 151.051; 0.017522; 1; 1; 0.0691419; 4.11702; 12; 39.9386; 0.0347091; 0; 27.2325; 72; 4890.83; 1; 6; 0.0936464; 0.0755849; 
0; 1; 1; 10492; 10493; 151.051; 0.023077; 1; 1; 0.065825; 4.69862; 8; 5.38316; 0.0824585; 0; 15.2103; 48; 2500.89; 1; 6; 1.41831; 0.0939464; 
0; 1; 0; 27801; 27802; 151.051; 0.023449; 1; 0; 0.0830887; 5.15916; 12; 40.6557; 0.0321787; 0; 25.6675; 68; 3196.13; 1; 6; 3.76068; 0.0970471; 
0; 1; 1; 15041; 15042; 151.051; 0.0151986; 1; 1; 0.072883; 5.00701; 11; 21.4738; 0.0382088; 0; 17.4009; 46; 1768.11; 1; 6; 2.03095; 0.0973468; 
0; 1; 1; 561; 562; 151.051; 0.018383; 1; 0; 0.0979637; 4.28708; 13; 153.702; 0.0350993; 0; 13.0136; 41; 2502.06; 1; 6; 0.0759425; 0.0845707; 
0; 1; 0; 10523; 10524; 151.051; 0.0180788; 1; 1; 0.0669053; 4.75821; 10; 21.9837; 0.0343036; 0; 14.5859; 43; 3152.15; 1; 6; 1.41995; 0.102225; 
0; 1; 1; 1572; 1573; 151.051; 0.0173175; 1; 0; 0.115283; 5.18289; 12; 92.8805; 0.0532603; 0; 15.1707; 43; 2268.49; 1; 6; 0.216091; 0.0953788; 
0; 1; 1; 1296; 1297; 151.051; 0.0208674; 1; 0; 0.0769955; 4.53902; 10; 44.8626; 0.0423874; 0; 27.5889; 71; 2966.03; 1; 6; 0.175349; 0.091374; 
0; 1; 1; 216; 217; 151.051; 0.0152269; 1; 0; 0.0843274; 4.53234; 10; 29.9569; 0.0361921; 0; 9.59772; 25; 1573.91; 1; 6; 0.0320917; 0.0921986; 
0; 1; 1; 6930; 6931; 151.051; 0.01746; 1; 0; 0.0955875; 4.46971; 12; 87.242; 0.0340598; 0; 14.6474; 43; 2721.59; 1; 6; 0.931388; 0.100843; 
0; 1; 1; 727; 728; 151.051; 0.0183933; 1; 0; 0.0626481; 5.0297; 12; 32.8854; 0.0429646; 0; 14.1712; 37; 1484.6; 1; 6; 0.0969555; 0.0905109; 
.
geometric_PRM
13 common properties
longest_valid_segment_fraction = 0.00166667
max_nearest_neighbors = 10
projection.cellsize.0 = 0.1
projection.cellsize.1 = 0.1
projection.cellsize_factor = 0
projection.l1:R2.cellsize.0 = 0.1
projection.l1:R2.cellsize.1 = 0.1
projection.l1:R2.cellsize_factor = 0
projection.l1:SE2.cellsize.0 = 0.1
projection.l1:SE2.cellsize.1 = 0.1
projection.l1:SE2.cellsize.2 = 0.1
projection.l1:SE2.cellsize_factor = 0
valid_segment_count_factor = 1
26 properties for each run
approximate solution BOOLEAN
best cost REAL
correct solution BOOLEAN
correct solution strict BOOLEAN
edge count INTEGER
graph motions INTEGER
graph states INTEGER
iterations INTEGER
memory REAL
milestone count INTEGER
simplification time REAL
simplified correct solution BOOLEAN
simplified correct solution strict BOOLEAN
simplified solution clearance REAL
simplified solution length REAL
simplified solution segments INTEGER
simplified solution smoothness REAL
solution clearance REAL
solution difference REAL
solution length REAL
solution segments INTEGER
solution smoothness REAL
solved BOOLEAN
status ENUM
time REAL
valid segment fraction REAL
50 runs
0; 4.586796; 1; 0; 15921; 31842; 2321; 1715; 151.441; 2321; 0.0151719; 1; 1; 0.0694538; 4.18539; 13; 120.996; 0.0751209; 0; 4.5868; 18; 282.848; 1; 6; 0.951329; 0.810804; 
0; 4.890953; 1; 1; 19879; 39758; 3031; 2103; 151.492; 3031; 0.0146599; 1; 1; 0.0660654; 4.08257; 14; 122.112; 0.0702285; 0; 4.89095; 22; 537.823; 1; 6; 1.12009; 0.791254; 
0; 4.297048; 1; 1; 6695; 13390; 1092; 775; 151.492; 1092; 0.00975875; 1; 1; 0.0537964; 4.09168; 12; 41.5225; 0.0859985; 0; 4.29705; 12; 159.135; 1; 6; 0.524749; 0.730333; 
0; 4.658298; 1; 0; 10803; 21606; 1787; 1189; 151.492; 1787; 0.0163447; 1; 0; 0.0524754; 4.23434; 8; 29.9069; 0.0948462; 0; 4.6583; 20; 249.195; 1; 6; 0.737026; 0.74764; 
0; 5.151427; 1; 0; 2046; 4092; 303; 301; 151.496; 303; 0.0162134; 1; 0; 0.0433942; 4.62954; 17; 153.69; 0.109322; 0; 5.15143; 13; 179.763; 1; 6; 0.214007; 0.687731; 
0; 5.086199; 1; 1; 1546; 3092; 244; 243; 151.496; 245; 0.0157017; 1; 0; 0.0703182; 4.22768; 11; 28.1691; 0.0871292; 0; 5.0862; 14; 198.871; 1; 6; 0.176009; 0.645511; 
0; 4.533117; 1; 1; 5622; 11244; 832; 684; 151.496; 832; 0.0139869; 1; 0; 0.059719; 4.09803; 9; 12.4301; 0.0816763; 0; 4.53312; 20; 907.391; 1; 6; 0.456054; 0.754071; 
0; 4.624782; 1; 0; 4966; 9932; 635; 610; 151.496; 636; 0.0155832; 1; 0; 0.0972007; 4.12395; 12; 74.2492; 0.0916952; 0; 4.62478; 18; 272.078; 1; 6; 0.415231; 0.804731; 
0; 4.665206; 1; 1; 6998; 13996; 1188; 818; 151.496; 1188; 0.0125602; 1; 1; 0.055404; 4.31635; 14; 106.952; 0.0865654; 0; 4.66521; 16; 168.01; 1; 6; 0.539869; 0.708206; 
0; 5.004682; 1; 0; 5452; 10904; 774; 668; 151.5; 774; 0.0137771; 1; 0; 0.0684569; 4.34646; 13; 982.971; 0.0939917; 0; 5.00468; 15; 394.592; 1; 6; 0.442724; 0.771097; 
0; 4.589547; 1; 1; 13432; 26864; 2026; 1468; 151.5; 2026; 0.0181281; 1; 1; 0.0412631; 4.2286; 15; 155.675; 0.0754172; 0; 4.58955; 27; 639.961; 1; 6; 0.837194; 0.780111; 
0; 4.064376; 1; 1; 9324; 18648; 1632; 1040; 151.504; 1632; 0.0124249; 1; 1; 0.0252203; 3.92104; 18; 36.8804; 0.0690827; 0; 4.06438; 14; 66.7319; 1; 6; 0.667054; 0.71796; 
0; 5.427046; 1; 1; 3161; 6322; 428; 426; 151.504; 428; 0.0135215; 1; 1; 0.0736727; 4.17463; 10; 41.2836; 0.0915534; 0; 5.42705; 17; 226.581; 1; 6; 0.306822; 0.748166; 
0; 4.075024; 1; 1; 13319; 26638; 2048; 1470; 151.504; 2049; 0.00898013; 1; 1; 0.0426551; 3.92853; 14; 67.9006; 0.0516772; 0; 4.07502; 19; 413.831; 1; 6; 0.840712; 0.772781; 
0; 4.573606; 1; 0; 33015; 66030; 4694; 3454; 151.582; 4695; 0.014649; 1; 0; 0.0406604; 4.05489; 16; 138.183; 0.0434344; 0; 4.57361; 28; 1730.95; 1; 6; 1.61416; 0.828125; 
0; 5.049898; 1; 1; 1846; 3692; 267; 268; 151.582; 270; 0.0156881; 1; 0; 0.0759767; 4.36132; 10; 64.5985; 0.0905256; 0; 5.0499; 14; 101.792; 1; 6; 0.203928; 0.697921; 
0; 4.416299; 1; 1; 16102; 32204; 2346; 1760; 151.582; 2346; 0.0120454; 1; 1; 0.0616764; 4.03999; 13; 69.8741; 0.0893885; 0; 4.4163; 17; 113.492; 1; 6; 0.95556; 0.800576; 
0; 4.595481; 1; 1; 3207; 6414; 444; 443; 151.582; 445; 0.0137056; 1; 1; 0.0594071; 3.96679; 11; 18.1796; 0.115791; 0; 4.59548; 16; 112.799; 1; 6; 0.308029; 0.729693; 
0; 4.183661; 1; 1; 5722; 11444; 832; 682; 151.582; 833; 0.0139721; 1; 1; 0.0512597; 3.95621; 12; 39.171; 0.0739846; 0; 4.18366; 16; 49.8221; 1; 6; 0.462816; 0.76848; 
0; 4.940175; 1; 0; 5536; 11072; 799; 672; 151.582; 799; 0.0183595; 1; 0; 0.0582565; 4.34778; 11; 53.9436; 0.0724038; 0; 4.94017; 17; 322.238; 1; 6; 0.455367; 0.760851; 
0; 4.963778; 1; 1; 5403; 10806; 736; 659; 151.582; 736; 0.0138845; 1; 1; 0.0548652; 3.97745; 12; 48.6121; 0.0752551; 0; 4.96378; 19; 1479.73; 1; 6; 0.440675; 0.778955; 
0; 4.498193; 1; 0; 11513; 23026; 1835; 1278; 151.582; 1835; 0.0163057; 1; 0; 0.0655484; 4.1606; 11; 98.9815; 0.078997; 0; 4.49819; 20; 192.469; 1; 6; 0.762727; 0.752207; 
0; 4.857751; 1; 1; 5827; 11654; 905; 697; 151.582; 905; 0.0131861; 1; 0; 0.102778; 4.44349; 10; 82.1865; 0.0843898; 0; 4.85775; 19; 319.437; 1; 6; 0.481898; 0.740681; 
0; 4.344581; 1; 1; 19589; 39178; 3015; 2073; 151.582; 3015; 0.0106386; 1; 1; 0.0326247; 3.91255; 13; 29.932; 0.0599716; 0; 4.34458; 25; 382.89; 1; 6; 1.12421; 0.788685; 
0; 4.270902; 1; 1; 17358; 34716; 2487; 1872; 151.582; 2487; 0.0129794; 1; 0; 0.044255; 3.98299; 12; 78.9178; 0.0575332; 0; 4.2709; 18; 407.477; 1; 6; 1.00866; 0.815415; 
0; 5.487467; 1; 1; 1941; 3882; 298; 298; 151.582; 300; 0.0160409; 1; 0; 0.0586565; 4.53953; 13; 74.8875; 0.0912867; 0; 5.48747; 15; 138.111; 1; 6; 0.206138; 0.659083; 
0; 4.660025; 1; 1; 6036; 12072; 970; 711; 151.582; 970; 0.0146931; 1; 1; 0.0756074; 4.33365; 11; 24.4809; 0.0743128; 0; 4.66002; 12; 119; 1; 6; 0.5079; 0.732602; 
0; 4.820987; 1; 0; 21532; 43064; 3480; 2243; 151.582; 3480; 0.0170863; 1; 0; 0.0500982; 4.1921; 12; 66.4073; 0.0857908; 0; 4.82099; 27; 887.607; 1; 6; 1.23315; 0.778581; 
0; 4.722566; 1; 0; 22922; 45844; 3583; 2418; 151.582; 3583; 0.0207907; 1; 0; 0.0414221; 4.18925; 11; 173.57; 0.0529814; 0; 4.72257; 25; 772.825; 1; 6; 1.26396; 0.779486; 
0; 4.865157; 1; 1; 7916; 15832; 1448; 910; 151.582; 1448; 0.0133535; 1; 1; 0.0647199; 4.33274; 14; 178.004; 0.069175; 0; 4.86516; 19; 971.191; 1; 6; 0.595327; 0.680628; 
0; 5.239799; 1; 1; 1401; 2802; 222; 221; 151.582; 223; 0.0121705; 1; 1; 0.0789641; 4.43699; 8; 16.5258; 0.139016; 0; 5.2398; 12; 76.6506; 1; 6; 0.1637; 0.644138; 
0; 4.739414; 1; 1; 1832; 3664; 278; 276; 151.582; 278; 0.0164312; 1; 1; 0.0549555; 4.17297; 11; 59.5009; 0.0808421; 0; 4.73941; 11; 69.449; 1; 6; 0.203139; 0.672294; 
0; 5.228134; 1; 0; 1608; 3216; 257; 255; 151.582; 257; 0.0160392; 1; 1; 0.0603109; 4.64945; 13; 77.6545; 0.0736163; 0; 5.22813; 13; 49.886; 1; 6; 0.182366; 0.639364; 
0; 4.755949; 1; 0; 24555; 49110; 3737; 2591; 151.582; 3737; 0.0178203; 1; 0; 0.0502562; 4.30809; 15; 191.98; 0.0605153; 0; 4.75595; 24; 1269.45; 1; 6; 1.33647; 0.790711; 
0; 4.477122; 1; 0; 32015; 64030; 4556; 3335; 151.594; 4556; 0.0281283; 1; 1; 0.0410417; 4.08936; 11; 64.7513; 0.0646982; 0; 4.47712; 28; 666.425; 1; 6; 1.59046; 0.830291; 
0; 4.497693; 1; 0; 3818; 7636; 500; 499; 151.594; 501; 0.0141092; 1; 0; 0.075027; 4.21728; 12; 62.4263; 0.0880827; 0; 4.49769; 18; 218.368; 1; 6; 0.353568; 0.770535; 
0; 4.467149; 1; 1; 5438; 10876; 772; 668; 151.594; 773; 0.0152058; 1; 0; 0.0495715; 4.13003; 10; 26.1121; 0.0678293; 0; 4.46715; 14; 46.1278; 1; 6; 0.43983; 0.767803; 
0; 4.420781; 1; 1; 1530; 3060; 243; 241; 151.594; 243; 0.012796; 1; 1; 0.0509635; 4.03813; 12; 33.6465; 0.0895738; 0; 4.42078; 11; 99.6938; 1; 6; 0.175154; 0.644211; 
0; 4.618524; 1; 1; 3221; 6442; 440; 438; 151.594; 440; 0.0173383; 1; 1; 0.0542773; 4.10136; 12; 17.912; 0.108078; 0; 4.61852; 16; 62.0116; 1; 6; 0.303888; 0.741312; 
0; 4.214198; 1; 1; 16856; 33712; 2401; 1823; 151.594; 2402; 0.0155153; 1; 1; 0.0414385; 3.98807; 14; 66.1843; 0.0584968; 0; 4.2142; 21; 154.218; 1; 6; 0.975338; 0.813847; 
0; 4.665432; 1; 1; 1231; 2462; 210; 209; 151.594; 211; 0.0174895; 1; 0; 0.0759248; 4.28633; 13; 523.365; 0.0905714; 0; 4.66543; 11; 255.528; 1; 6; 0.148725; 0.599027; 
0; 4.933805; 1; 1; 556; 1112; 115; 116; 151.594; 118; 0.0132508; 1; 0; 0.0511963; 4.07651; 14; 58.9176; 0.10063; 0; 4.93381; 11; 71.7357; 1; 6; 0.0811593; 0.494222; 
0; 4.605555; 1; 1; 7477; 14954; 1300; 858; 151.594; 1300; 0.0145155; 1; 0; 0.0654993; 4.14797; 12; 44.2311; 0.076396; 0; 4.60555; 21; 392.199; 1; 6; 0.563445; 0.705242; 
0; 4.631165; 1; 1; 1962; 3924; 294; 292; 151.594; 294; 0.0136636; 1; 1; 0.0416271; 4.02822; 12; 33.1466; 0.126049; 0; 4.63117; 12; 39.887; 1; 6; 0.214018; 0.680069; 
0; 4.604780; 1; 0; 3734; 7468; 485; 483; 151.594; 485; 0.0188324; 1; 1; 0.0583876; 4.09544; 10; 11.3075; 0.108231; 0; 4.60478; 14; 92.4492; 1; 6; 0.345159; 0.778728; 
0; 4.612826; 1; 1; 5774; 11548; 855; 699; 151.594; 855; 0.011409; 1; 1; 0.0915703; 4.18582; 12; 99.668; 0.0902587; 0; 4.61283; 16; 562.321; 1; 6; 0.465054; 0.750574; 
0; 5.235739; 1; 1; 1273; 2546; 214; 213; 151.594; 215; 0.0102487; 1; 0; 0.0849323; 4.62541; 13; 88.1589; 0.107554; 0; 5.23574; 10; 48.4408; 1; 6; 0.152202; 0.607637; 
0; 4.763710; 1; 1; 3730; 7460; 481; 482; 151.594; 484; 0.0177854; 1; 0; 0.0593772; 4.1041; 11; 20.1441; 0.0795644; 0; 4.76371; 13; 125.901; 1; 6; 0.3515; 0.779519; 
0; 4.542491; 1; 1; 6888; 13776; 1181; 801; 151.594; 1181; 0.0151773; 1; 0; 0.070321; 4.16953; 10; 24.1537; 0.0654616; 0; 4.54249; 15; 116.14; 1; 6; 0.545242; 0.709314; 
0; 4.577963; 1; 1; 4794; 9588; 608; 607; 151.594; 609; 0.0160552; 1; 0; 0.0601954; 4.18033; 15; 98.4994; 0.0939008; 0; 4.57796; 17; 153.464; 1; 6; 0.402678; 0.794366; 
5 progress properties for each run
best cost REAL
edge count INTEGER
iterations INTEGER
milestone count INTEGER
time REAL
50 runs
inf,295,76,78,0.0501294,;inf,721,137,139,0.100242,;inf,1283,209,211,0.152088,;inf,1894,281,283,0.202168,;inf,2602,360,362,0.257017,;inf,3357,444,446,0.307106,;inf,4041,518,520,0.357216,;inf,4805,600,617,0.40777,;inf,5528,668,819,0.457963,;inf,6470,755,1071,0.513067,;inf,7366,835,1308,0.564612,;inf,8341,927,1533,0.614738,;inf,9525,1051,1657,0.669049,;inf,10659,1168,1774,0.721011,;inf,11820,1290,1896,0.772327,;inf,13142,1426,2032,0.82752,;inf,14302,1546,2152,0.877617,;inf,15502,1670,2276,0.927707,;
inf,363,81,83,0.0548762,;inf,866,150,152,0.110011,;inf,1434,223,225,0.165153,;inf,2090,298,300,0.21795,;inf,2764,377,378,0.268033,;inf,3557,462,464,0.322838,;inf,4359,548,550,0.372961,;inf,5185,635,690,0.425788,;inf,6039,716,927,0.480989,;inf,6937,798,1151,0.533363,;inf,7822,881,1386,0.583448,;inf,8815,978,1549,0.633578,;inf,9897,1090,1661,0.683661,;inf,10986,1204,1775,0.733745,;inf,12143,1324,1895,0.783826,;inf,13290,1447,2018,0.833908,;inf,14585,1580,2151,0.886654,;inf,15964,1720,2291,0.941814,;inf,17193,1848,2419,0.991897,;inf,18299,1954,2646,1.04198,;inf,19363,2054,2901,1.09206,;
inf,311,78,80,0.0524446,;inf,803,145,147,0.104534,;inf,1394,216,218,0.158971,;inf,1982,283,285,0.209055,;inf,2629,354,356,0.259136,;inf,3330,432,434,0.309228,;inf,4078,512,514,0.359309,;inf,4913,602,620,0.409399,;inf,5704,678,834,0.461404,;inf,6568,762,1058,0.5145,;
inf,296,77,79,0.0525358,;inf,752,137,139,0.10409,;inf,1290,203,205,0.154835,;inf,1901,275,277,0.205251,;inf,2567,350,352,0.255335,;inf,3250,428,430,0.305551,;inf,3989,508,510,0.355633,;inf,4857,601,627,0.410206,;inf,5621,671,831,0.460311,;inf,6418,744,1063,0.51047,;inf,7232,821,1292,0.56055,;inf,8193,914,1512,0.610629,;inf,9267,1027,1625,0.660715,;inf,10346,1140,1738,0.710798,;
inf,313,84,86,0.0533121,;inf,819,156,158,0.108411,;inf,1441,228,230,0.163026,;5.151427,2046,301,303,0.213828,;
inf,312,76,78,0.0500905,;inf,747,146,148,0.100177,;inf,1287,211,213,0.150306,;
inf,312,75,77,0.0501322,;inf,749,145,147,0.100216,;inf,1277,210,212,0.150316,;inf,1885,279,281,0.200443,;inf,2568,356,358,0.252328,;inf,3323,443,445,0.304827,;inf,4116,529,531,0.354975,;inf,4963,619,640,0.41009,;
inf,318,75,77,0.0535411,;inf,773,131,133,0.107324,;inf,1336,203,205,0.160036,;inf,1989,280,282,0.212927,;inf,2759,368,370,0.268094,;inf,3555,457,459,0.321747,;inf,4412,551,553,0.376848,;
inf,282,76,78,0.0500724,;inf,728,142,144,0.100163,;inf,1250,208,210,0.150248,;inf,1826,279,281,0.200338,;inf,2478,352,354,0.250421,;inf,3206,432,434,0.300597,;inf,3966,514,516,0.350681,;inf,4814,603,605,0.400845,;inf,5594,675,808,0.450932,;inf,6465,765,1050,0.506151,;
inf,316,79,81,0.0500714,;inf,783,145,147,0.102759,;inf,1389,222,224,0.157873,;inf,2048,303,305,0.212996,;inf,2736,380,382,0.263641,;inf,3518,466,468,0.315601,;inf,4340,555,557,0.368048,;inf,5176,641,688,0.419957,;
inf,303,75,77,0.0500808,;inf,755,137,139,0.100167,;inf,1302,201,203,0.150291,;inf,1871,271,273,0.200431,;inf,2624,358,360,0.255544,;inf,3353,440,442,0.305691,;inf,4194,532,534,0.360886,;inf,4998,622,651,0.413444,;inf,5794,695,857,0.464808,;inf,6672,782,1080,0.517817,;inf,7684,876,1332,0.572993,;inf,8712,976,1534,0.62472,;inf,9808,1092,1650,0.674838,;inf,10895,1205,1763,0.725001,;inf,12152,1335,1893,0.780111,;inf,13407,1466,2024,0.83237,;
inf,281,71,73,0.0500862,;inf,727,132,134,0.101132,;inf,1253,199,201,0.151208,;inf,1855,275,277,0.201287,;inf,2576,356,358,0.256407,;inf,3375,443,445,0.311627,;inf,4208,536,538,0.366851,;inf,4959,613,643,0.416985,;inf,5795,692,880,0.472154,;inf,6643,772,1107,0.522353,;inf,7557,862,1359,0.574237,;inf,8619,964,1556,0.629336,;
inf,329,80,82,0.0551422,;inf,797,141,143,0.106741,;inf,1358,213,215,0.16192,;inf,1943,287,289,0.213113,;inf,2581,363,365,0.264031,;
inf,301,84,86,0.051586,;inf,785,150,152,0.106717,;inf,1328,220,222,0.15775,;inf,2004,300,302,0.212927,;inf,2678,375,376,0.263006,;inf,3388,453,455,0.313092,;inf,4270,547,549,0.368202,;inf,5112,634,685,0.421859,;inf,5959,715,915,0.475512,;inf,6858,804,1163,0.530622,;inf,7761,890,1401,0.581436,;inf,8706,990,1569,0.631665,;inf,9876,1113,1692,0.686776,;inf,11084,1239,1818,0.741898,;inf,12366,1372,1951,0.79707,;
inf,308,78,80,0.0500737,;inf,755,145,147,0.100166,;inf,1264,211,213,0.150255,;inf,1873,277,279,0.200342,;inf,2542,348,350,0.250427,;inf,3309,434,436,0.30553,;inf,4131,520,522,0.358345,;inf,4900,604,618,0.408444,;inf,5629,672,813,0.458528,;inf,6459,754,1025,0.508614,;inf,7384,842,1263,0.558695,;inf,8331,938,1491,0.608776,;inf,9424,1055,1608,0.658862,;inf,10518,1171,1724,0.708971,;inf,11673,1291,1844,0.759621,;inf,12730,1400,1953,0.810314,;inf,13845,1515,2068,0.860517,;inf,15125,1649,2202,0.915707,;inf,16426,1785,2338,0.968891,;inf,17735,1919,2543,1.024,;inf,18748,2014,2800,1.07667,;inf,19907,2122,3106,1.13179,;inf,20906,2220,3358,1.18187,;inf,22176,2344,3571,1.23204,;inf,23688,2499,3726,1.28717,;inf,25193,2653,3880,1.34091,;inf,26786,2816,4043,1.39599,;inf,28371,2979,4206,1.4511,;inf,29991,3146,4373,1.50628,;inf,31583,3307,4534,1.5582,;4.573606,33015,3454,4695,1.6119,;
inf,280,70,72,0.0528936,;inf,759,138,140,0.10469,;inf,1339,210,212,0.15983,;
inf,304,77,79,0.0501265,;inf,742,137,139,0.100264,;inf,1309,206,208,0.150348,;inf,1929,281,283,0.20547,;inf,2568,356,358,0.25631,;inf,3310,440,442,0.308735,;inf,4171,535,537,0.363965,;inf,5014,625,662,0.418234,;inf,5900,709,899,0.473342,;inf,6776,794,1140,0.528444,;inf,7785,892,1414,0.583613,;inf,8868,1006,1592,0.635606,;inf,10084,1133,1719,0.690703,;inf,11306,1261,1847,0.74581,;inf,12526,1388,1974,0.800428,;inf,13675,1508,2094,0.850734,;inf,15017,1647,2233,0.905951,;
inf,299,80,82,0.0506744,;inf,785,157,159,0.105779,;inf,1310,219,221,0.1567,;inf,1941,295,297,0.209138,;inf,2654,378,380,0.264317,;
inf,330,80,81,0.0551158,;inf,822,146,148,0.11032,;inf,1432,217,219,0.165695,;inf,2064,293,295,0.216697,;inf,2846,380,382,0.271874,;inf,3608,464,466,0.32272,;inf,4369,547,549,0.372801,;inf,5147,630,680,0.422908,;
inf,302,78,80,0.0502094,;inf,797,154,156,0.105329,;inf,1359,222,224,0.160536,;inf,2015,299,301,0.214689,;inf,2666,373,375,0.265066,;inf,3406,452,454,0.315151,;inf,4197,539,540,0.36523,;inf,4972,621,654,0.415397,;
inf,330,76,78,0.0551073,;inf,837,148,150,0.110208,;inf,1433,221,223,0.165299,;inf,2116,301,303,0.220467,;inf,2844,382,384,0.271074,;inf,3614,468,470,0.322381,;inf,4484,564,566,0.377439,;inf,5320,650,718,0.431957,;
inf,290,82,84,0.0500957,;inf,726,140,142,0.100973,;inf,1272,211,213,0.151101,;inf,1854,284,286,0.201184,;inf,2490,358,360,0.251823,;inf,3280,444,446,0.304783,;inf,4025,525,527,0.354861,;inf,4811,611,619,0.404961,;inf,5599,689,819,0.455049,;inf,6397,765,1047,0.505188,;inf,7249,845,1262,0.555286,;inf,8224,936,1493,0.606801,;inf,9337,1052,1609,0.659822,;inf,10398,1161,1718,0.710542,;4.498193,11513,1278,1835,0.760729,;
inf,337,79,81,0.0551095,;inf,819,148,150,0.107665,;inf,1403,221,223,0.161976,;inf,2007,292,294,0.212975,;inf,2661,366,368,0.263062,;inf,3385,445,447,0.313203,;inf,4055,520,522,0.363284,;inf,4819,602,633,0.413371,;inf,5576,674,837,0.463478,;
inf,356,86,88,0.0551065,;inf,845,158,160,0.108277,;inf,1434,228,230,0.163435,;inf,2102,305,307,0.217558,;inf,2834,388,390,0.272647,;inf,3515,461,463,0.323261,;inf,4240,542,544,0.378061,;inf,5059,621,703,0.433177,;inf,5817,694,904,0.483282,;inf,6642,771,1114,0.533378,;inf,7619,861,1360,0.588106,;inf,8696,969,1519,0.641391,;inf,9878,1094,1644,0.696528,;inf,11061,1221,1771,0.75168,;inf,12267,1345,1895,0.802607,;inf,13479,1470,2020,0.853818,;inf,14833,1610,2160,0.908915,;inf,16183,1749,2299,0.964005,;inf,17492,1883,2482,1.01914,;inf,18532,1978,2754,1.07034,;4.344581,19589,2073,3015,1.12188,;
inf,285,73,75,0.0507538,;inf,767,140,142,0.103685,;inf,1304,209,211,0.156636,;inf,1969,287,289,0.211768,;inf,2646,363,365,0.263971,;inf,3397,449,451,0.315465,;inf,4300,549,551,0.370642,;inf,5156,634,696,0.42574,;inf,5979,714,936,0.478494,;inf,6822,794,1162,0.528894,;inf,7785,884,1402,0.580381,;inf,8856,989,1602,0.632941,;inf,9963,1106,1719,0.687354,;inf,11178,1234,1847,0.742544,;inf,12424,1363,1976,0.796949,;inf,13579,1481,2094,0.847247,;inf,14870,1616,2229,0.902367,;inf,16049,1739,2352,0.952498,;inf,17301,1867,2480,1.00259,;
inf,286,83,85,0.0500772,;inf,758,150,152,0.101236,;inf,1372,230,232,0.156348,;
inf,301,65,67,0.0500673,;inf,731,125,127,0.100184,;inf,1224,187,189,0.150269,;inf,1762,258,260,0.200347,;inf,2429,336,338,0.250578,;inf,3183,422,424,0.30722,;inf,3935,504,506,0.361957,;inf,4805,596,635,0.417074,;inf,5604,672,856,0.472186,;
inf,252,68,70,0.0501228,;inf,665,128,130,0.100229,;inf,1058,181,183,0.150346,;inf,1649,252,254,0.204628,;inf,2319,330,332,0.258188,;inf,3087,417,419,0.31245,;inf,3864,502,504,0.364533,;inf,4664,583,612,0.416923,;inf,5477,659,827,0.472121,;inf,6343,738,1051,0.527298,;inf,7201,816,1285,0.577435,;inf,8309,926,1479,0.632533,;inf,9402,1043,1596,0.684373,;inf,10500,1156,1709,0.735918,;inf,11732,1283,1836,0.790328,;inf,12910,1406,1959,0.8424,;inf,14098,1529,2082,0.892829,;inf,15439,1669,2221,0.947957,;inf,16708,1799,2352,0.998968,;inf,17813,1905,2615,1.05414,;inf,18868,1997,2894,1.10734,;inf,19962,2092,3181,1.16038,;inf,21142,2202,3439,1.21294,;
inf,286,74,76,0.0501137,;inf,778,146,148,0.105239,;inf,1345,214,216,0.157476,;inf,1942,288,290,0.207583,;inf,2614,365,367,0.257685,;inf,3347,445,447,0.307771,;inf,4135,531,533,0.357872,;inf,4952,619,629,0.407959,;inf,5703,692,820,0.458045,;inf,6524,769,1028,0.508133,;inf,7372,852,1242,0.558406,;inf,8212,929,1451,0.608634,;inf,9265,1042,1564,0.660633,;inf,10325,1152,1674,0.711595,;inf,11476,1271,1793,0.761786,;inf,12718,1400,1922,0.816508,;inf,13842,1515,2037,0.866595,;inf,15026,1636,2158,0.916685,;inf,16304,1766,2288,0.966767,;inf,17537,1891,2465,1.02167,;inf,18580,1994,2730,1.07298,;inf,19759,2107,3015,1.12823,;inf,21030,2231,3319,1.18339,;inf,22335,2359,3524,1.23701,;
inf,279,69,71,0.050088,;inf,739,142,144,0.105217,;inf,1303,219,221,0.160329,;inf,1979,298,300,0.215506,;inf,2627,375,377,0.266397,;inf,3405,460,462,0.321575,;inf,4281,552,554,0.376691,;inf,5185,647,717,0.431833,;inf,6102,736,953,0.487017,;inf,6986,821,1188,0.539044,;inf,7866,906,1430,0.589733,;
inf,280,75,77,0.0500826,;inf,731,140,142,0.100173,;inf,1280,207,209,0.150268,;
inf,314,81,83,0.0500797,;inf,750,144,146,0.100164,;inf,1281,210,212,0.15029,;4.739414,1832,276,278,0.20095,;
inf,350,88,90,0.0551024,;inf,818,157,159,0.106093,;inf,1363,225,227,0.158462,;
inf,336,89,91,0.0550995,;inf,854,162,164,0.109222,;inf,1491,234,236,0.164332,;inf,2182,310,312,0.21943,;inf,2927,396,398,0.274672,;inf,3742,488,490,0.329247,;inf,4546,576,578,0.379344,;inf,5410,663,752,0.434507,;inf,6273,749,969,0.489652,;inf,7178,837,1198,0.544757,;inf,8115,926,1460,0.599955,;inf,9231,1043,1587,0.652316,;inf,10324,1158,1702,0.70392,;inf,11526,1281,1825,0.75909,;inf,12783,1413,1957,0.814204,;inf,13956,1535,2079,0.865,;inf,15313,1674,2218,0.920109,;inf,16662,1815,2359,0.975235,;inf,17812,1928,2558,1.03041,;inf,18633,2007,2768,1.08553,;inf,19639,2100,3025,1.13568,;inf,20854,2215,3319,1.18888,;inf,22110,2339,3485,1.23897,;inf,23493,2482,3628,1.29116,;
inf,295,69,71,0.0501264,;inf,786,139,141,0.100216,;inf,1321,205,207,0.150317,;inf,1902,281,283,0.2004,;inf,2542,354,356,0.250482,;inf,3279,436,438,0.300572,;inf,3991,515,517,0.350653,;inf,4764,601,603,0.400735,;inf,5502,673,786,0.450817,;inf,6244,741,979,0.500909,;inf,7069,816,1201,0.552688,;inf,7946,903,1440,0.603555,;inf,8968,1011,1551,0.653684,;inf,10118,1131,1672,0.706473,;inf,11265,1251,1792,0.757976,;inf,12431,1373,1914,0.808061,;inf,13638,1497,2038,0.860289,;inf,14904,1626,2167,0.91277,;inf,16108,1749,2290,0.963641,;inf,17406,1878,2467,1.01882,;inf,18486,1978,2737,1.06972,;inf,19575,2079,3010,1.12208,;inf,20734,2186,3300,1.17721,;inf,21999,2309,3530,1.2305,;inf,23430,2456,3677,1.28207,;inf,24963,2613,3834,1.33738,;inf,26456,2767,3988,1.3925,;inf,28049,2931,4152,1.44774,;inf,29650,3094,4315,1.50285,;inf,31222,3254,4475,1.55667,;
inf,268,72,74,0.0513457,;inf,747,141,143,0.106571,;inf,1269,210,212,0.15913,;inf,1887,284,286,0.211403,;inf,2540,358,360,0.262164,;inf,3283,442,444,0.314798,;
inf,308,78,80,0.0508055,;inf,810,154,156,0.105916,;inf,1343,221,222,0.156002,;inf,1960,292,294,0.206422,;inf,2696,376,378,0.261515,;inf,3486,461,463,0.31313,;inf,4359,556,558,0.36824,;inf,5248,649,715,0.423361,;
inf,346,81,83,0.0551127,;inf,843,154,156,0.110224,;inf,1410,227,229,0.160307,;
inf,299,80,82,0.0500721,;inf,721,142,143,0.100171,;inf,1239,211,213,0.150251,;inf,1830,281,283,0.200337,;inf,2526,361,363,0.25044,;4.618524,3218,438,440,0.300523,;
inf,293,78,80,0.0501155,;inf,782,143,145,0.101419,;inf,1367,215,217,0.156511,;inf,2001,287,289,0.208865,;inf,2690,364,366,0.260521,;inf,3481,454,456,0.315416,;inf,4228,537,539,0.365532,;inf,5062,623,670,0.42066,;inf,5919,710,904,0.475931,;inf,6777,784,1135,0.527202,;inf,7811,882,1400,0.582367,;inf,8976,999,1578,0.637465,;inf,10121,1123,1702,0.690157,;inf,11323,1249,1828,0.745247,;inf,12545,1375,1954,0.797079,;inf,13844,1513,2092,0.851027,;inf,15195,1653,2232,0.906249,;inf,16601,1797,2376,0.961414,;
inf,329,89,91,0.0550922,;inf,838,159,161,0.110222,;
inf,349,84,86,0.0542883,;
inf,292,78,80,0.0507185,;inf,803,148,150,0.105905,;inf,1341,219,220,0.156011,;inf,1948,291,293,0.206097,;inf,2630,366,368,0.256184,;inf,3342,446,448,0.306268,;inf,4100,531,533,0.356351,;inf,4902,620,630,0.406443,;inf,5649,688,826,0.456521,;inf,6493,765,1048,0.506605,;inf,7464,858,1297,0.559344,;
inf,283,80,82,0.0501775,;inf,774,151,153,0.105272,;inf,1326,217,219,0.156493,;inf,1910,285,287,0.206558,;
inf,333,79,81,0.055093,;inf,786,146,148,0.108295,;inf,1333,209,211,0.158413,;inf,1918,279,281,0.208497,;inf,2564,355,357,0.258586,;inf,3327,437,439,0.313529,;
inf,359,77,79,0.0551267,;inf,845,148,150,0.107238,;inf,1428,221,223,0.160904,;inf,2050,293,295,0.211699,;inf,2767,377,379,0.266799,;inf,3473,459,461,0.317558,;inf,4341,554,556,0.372801,;inf,5219,645,714,0.427972,;
inf,311,79,81,0.0500779,;inf,753,146,148,0.100166,;5.235739,1273,213,215,0.150335,;
inf,281,70,72,0.0500751,;inf,674,130,132,0.100182,;inf,1159,192,194,0.150276,;inf,1734,259,261,0.200381,;inf,2377,333,335,0.250473,;inf,3038,404,406,0.300563,;4.763710,3730,482,484,0.350876,;
inf,272,72,74,0.0500797,;inf,696,141,143,0.100166,;inf,1210,208,210,0.150249,;inf,1770,277,279,0.200342,;inf,2445,351,353,0.250429,;inf,3139,428,430,0.300642,;inf,3842,505,507,0.350836,;inf,4642,593,595,0.400923,;inf,5372,662,782,0.451008,;inf,6168,734,996,0.502006,;
inf,291,79,81,0.0500693,;inf,725,145,147,0.100167,;inf,1266,213,215,0.15025,;inf,1886,284,286,0.200335,;inf,2620,369,371,0.255463,;inf,3413,456,458,0.31064,;inf,4198,545,546,0.361974,;
.
