OMPL version 1.5.2
Experiment class/homotopy1.yml
0 experiment properties
Running on 10c75a3eac1d
Starting at 2023-09-22 04:01:54
<<<|
Properties of the state space 'RealVectorSpace0'
  - signature: 2 1 3 
  - dimension: 3
  - extent: 8.45449
  - sanity checks for state space passed
  - probability of valid states: 0.233
  - average length of a valid motion: 0.282277
  - average number of samples drawn per second: sampleUniform()=3.14548e+06 sampleUniformNear()=3.1068e+06 sampleGaussian()=2.12071e+06
Settings for the state space 'RealVectorSpace0'
  - state validity check resolution: 0.166667%
  - valid segment count factor: 1
  - state space:
Real vector state space 'RealVectorSpace0' of dimension 3 with bounds: 
  - min: -2 -2 -3.14159 
  - max: 2 2 3.14159 

Declared parameters:
longest_valid_segment_fraction = 0.00166667
projection.cellsize.0 = 0.1
projection.cellsize.1 = 0.1
projection.cellsize_factor = 0
projection.l1:R2.cellsize.0 = 0.1
projection.l1:R2.cellsize.1 = 0.1
projection.l1:R2.cellsize_factor = 0
projection.l1:SE2.cellsize.0 = 0.1
projection.l1:SE2.cellsize.1 = 0.1
projection.l1:SE2.cellsize.2 = 0.1
projection.l1:SE2.cellsize_factor = 0
valid_segment_count_factor = 1
Valid state sampler named uniform with parameters:
nr_attempts = 100
Start states:
l1[  -1.7200,  -1.8400,   0.0000 ]

Goal state, threshold = 2.22045e-16, memory address = 0xaaab13f89f90, state = 
l1[  -0.1090,   1.4000,   0.0000 ]

OptimizationObjective = nullptr
There are 0 solutions

Properties of benchmarked planners:
Planner RRTConnect Range 5. specs:
Multithreaded:                 No
Reports approximate solutions: No
Can optimize solutions:        No
Aware of the following parameters: intermediate_states range
Planner RRTConnect Range 1. specs:
Multithreaded:                 No
Reports approximate solutions: No
Can optimize solutions:        No
Aware of the following parameters: intermediate_states range
Planner RRTConnect Range 0.1. specs:
Multithreaded:                 No
Reports approximate solutions: No
Can optimize solutions:        No
Aware of the following parameters: intermediate_states range
Planner RRT Range 5. specs:
Multithreaded:                 No
Reports approximate solutions: Yes
Can optimize solutions:        No
Aware of the following parameters: goal_bias intermediate_states range
Planner RRT Range 1. specs:
Multithreaded:                 No
Reports approximate solutions: No
Can optimize solutions:        No
Aware of the following parameters: intermediate_states range
Planner RRT Range 0.1. specs:
Multithreaded:                 No
Reports approximate solutions: Yes
Can optimize solutions:        No
Aware of the following parameters: goal_bias intermediate_states range
Planner KPIECE1 specs:
Multithreaded:                 No
Reports approximate solutions: Yes
Can optimize solutions:        No
Aware of the following parameters: border_fraction failed_expansion_score_factor goal_bias min_valid_path_fraction range
Planner PRM specs:
Multithreaded:                 Yes
Reports approximate solutions: Yes
Can optimize solutions:        Yes
Aware of the following parameters: max_nearest_neighbors
|>>>
<<<|
Architecture:                    aarch64
CPU op-mode(s):                  64-bit
Byte Order:                      Little Endian
CPU(s):                          7
On-line CPU(s) list:             0-6
Thread(s) per core:              1
Core(s) per socket:              7
Socket(s):                       1
Vendor ID:                       0x00
Model:                           0
Stepping:                        0x0
BogoMIPS:                        48.00
Vulnerability Itlb multihit:     Not affected
Vulnerability L1tf:              Not affected
Vulnerability Mds:               Not affected
Vulnerability Meltdown:          Not affected
Vulnerability Mmio stale data:   Not affected
Vulnerability Spec store bypass: Vulnerable
Vulnerability Spectre v1:        Mitigation; __user pointer sanitization
Vulnerability Spectre v2:        Not affected
Vulnerability Srbds:             Not affected
Vulnerability Tsx async abort:   Not affected
Flags:                           fp asimd evtstrm aes pmull sha1 sha2 crc32 atomics fphp asimdhp cpuid asimdrdm jscvt fcma lrcpc dcpop sha3 asimddp sha512 asimdfhm dit uscat ilrcpc flagm sb paca pacg dcpodp flagm2 frint
|>>>
10918727351725288 is the random seed
60 seconds per run
10000 MB per run
50 runs per planner
105.002 seconds spent to collect the data
1 enum type
status|Unknown status|Invalid start|Invalid goal|Unrecognized goal type|Timeout|Approximate solution|Exact solution|Crash|Unknown status|Unknown status
8 planners
geometric_RRTConnect Range 5.
14 common properties
intermediate_states = 0
longest_valid_segment_fraction = 0.00166667
projection.cellsize.0 = 0.1
projection.cellsize.1 = 0.1
projection.cellsize_factor = 0
projection.l1:R2.cellsize.0 = 0.1
projection.l1:R2.cellsize.1 = 0.1
projection.l1:R2.cellsize_factor = 0
projection.l1:SE2.cellsize.0 = 0.1
projection.l1:SE2.cellsize.1 = 0.1
projection.l1:SE2.cellsize.2 = 0.1
projection.l1:SE2.cellsize_factor = 0
range = 5
valid_segment_count_factor = 1
23 properties for each run
approx goal distance REAL
approximate solution BOOLEAN
correct solution BOOLEAN
correct solution strict BOOLEAN
graph motions INTEGER
graph states INTEGER
memory REAL
simplification time REAL
simplified correct solution BOOLEAN
simplified correct solution strict BOOLEAN
simplified solution clearance REAL
simplified solution length REAL
simplified solution segments INTEGER
simplified solution smoothness REAL
solution clearance REAL
solution difference REAL
solution length REAL
solution segments INTEGER
solution smoothness REAL
solved BOOLEAN
status ENUM
time REAL
valid segment fraction REAL
50 runs
0; 0; 1; 1; 1409; 1410; 13.1484; 0.0237014; 1; 1; 0.121831; 6.4881; 13; 11.4913; 0.109866; 0; 8.4202; 14; 58.2954; 1; 6; 0.18794; 0.150331; 
0; 0; 1; 0; 488; 489; 13.7305; 0.0152207; 1; 0; 0.0977027; 5.62803; 11; 73.3018; 0.152262; 0; 7.13979; 14; 221.474; 1; 6; 0.101056; 0.0831626; 
0; 0; 1; 1; 1426; 1427; 13.7305; 0.0177226; 1; 0; 0.0676614; 4.91793; 10; 24.8079; 0.170551; 0; 6.24182; 15; 181.653; 1; 6; 0.203298; 0.117439; 
0; 0; 1; 1; 495; 496; 13.7305; 0.0182871; 1; 1; 0.0988743; 5.52614; 15; 38.7765; 0.133842; 0; 6.979; 16; 150.356; 1; 6; 0.0964508; 0.0819645; 
0; 0; 1; 1; 809; 810; 13.8242; 0.0227755; 1; 0; 0.0939772; 7.00878; 15; 75.0842; 0.106053; 0; 9.61973; 23; 1559.74; 1; 6; 0.127342; 0.107062; 
0; 0; 1; 1; 69; 70; 13.8242; 0.0176119; 1; 0; 0.113227; 5.8536; 11; 13.8252; 0.148849; 0; 8.26556; 16; 858.09; 1; 6; 0.0230147; 0.0594406; 
0; 0; 1; 1; 188; 189; 13.8242; 0.0227221; 1; 0; 0.123956; 6.64729; 11; 24.0838; 0.215609; 0; 8.69315; 18; 171.788; 1; 6; 0.051066; 0.0601286; 
0; 0; 1; 1; 306; 307; 13.8242; 0.018998; 1; 0; 0.0739558; 4.88654; 13; 53.1136; 0.198528; 0; 7.58479; 17; 188.86; 1; 6; 0.0637794; 0.0846047; 
0; 0; 1; 1; 252; 253; 13.8242; 0.014642; 1; 1; 0.163246; 4.45764; 8; 13.3706; 0.215868; 0; 6.17698; 11; 74.6198; 1; 6; 0.0483322; 0.0997219; 
0; 0; 1; 1; 316; 317; 13.8242; 0.0160014; 1; 0; 0.0717383; 4.92653; 13; 43.8911; 0.125088; 0; 6.00001; 16; 194.636; 1; 6; 0.0899669; 0.0517072; 
0; 0; 1; 1; 595; 596; 13.8242; 0.017215; 1; 0; 0.126388; 4.87972; 13; 135.947; 0.181616; 0; 5.77585; 14; 491.158; 1; 6; 0.108719; 0.088617; 
0; 0; 1; 1; 403; 404; 13.8242; 0.0172231; 1; 1; 0.0738932; 4.22985; 10; 60.9438; 0.151056; 0; 5.07541; 12; 1046.09; 1; 6; 0.059783; 0.130647; 
0; 0; 1; 1; 1365; 1366; 13.8242; 0.020457; 1; 0; 0.0722196; 6.60644; 12; 25.9752; 0.168905; 0; 11.1244; 24; 900.066; 1; 6; 0.183796; 0.128558; 
0; 0; 1; 1; 2278; 2279; 14.8516; 0.018083; 1; 1; 0.137062; 5.64699; 10; 19.7379; 0.195872; 0; 7.09178; 17; 679.353; 1; 6; 0.276009; 0.144526; 
0; 0; 1; 1; 2111; 2112; 15.5508; 0.0221964; 1; 1; 0.0826831; 6.56246; 11; 9.32026; 0.12326; 0; 8.46324; 19; 279.183; 1; 6; 0.271863; 0.129297; 
0; 0; 1; 1; 5053; 5054; 19.5586; 0.02064; 1; 1; 0.083139; 5.77861; 11; 44.2115; 0.160772; 0; 8.04763; 24; 1589.45; 1; 6; 0.578365; 0.151725; 
0; 0; 1; 0; 147; 148; 21.0312; 0.01526; 1; 1; 0.104476; 4.8579; 11; 6.76873; 0.31883; 0; 6.53122; 12; 373.406; 1; 6; 0.0443505; 0.0550113; 
0; 0; 1; 1; 1670; 1671; 21.0312; 0.018325; 1; 0; 0.091383; 5.55495; 11; 22.4977; 0.156564; 0; 7.0313; 16; 723.531; 1; 6; 0.218329; 0.128543; 
0; 0; 1; 1; 2270; 2271; 21.0312; 0.016319; 1; 0; 0.0750034; 6.18644; 15; 50.9133; 0.100461; 0; 7.41177; 18; 1486.17; 1; 6; 0.254086; 0.149237; 
0; 0; 1; 0; 942; 943; 21.0312; 0.0175458; 1; 0; 0.0994226; 5.30297; 11; 17.0064; 0.191676; 0; 7.18022; 16; 218.129; 1; 6; 0.145034; 0.107925; 
0; 0; 1; 1; 167; 168; 21.0312; 0.0187855; 1; 0; 0.101506; 6.64263; 13; 38.0299; 0.129002; 0; 9.87593; 19; 375.461; 1; 6; 0.0405856; 0.073549; 
0; 0; 1; 1; 1158; 1159; 21.0312; 0.0208617; 1; 0; 0.098438; 6.20222; 14; 82.5867; 0.104634; 0; 8.25435; 24; 1131.82; 1; 6; 0.188708; 0.0990328; 
0; 0; 1; 0; 141; 142; 21.0312; 0.0175298; 1; 1; 0.101554; 6.62365; 12; 10.0269; 0.16736; 0; 9.183; 20; 211.404; 1; 6; 0.0447639; 0.0482426; 
0; 0; 1; 1; 735; 736; 21.0312; 0.0253204; 1; 1; 0.131191; 7.55425; 13; 60.5358; 0.115503; 0; 10.8618; 22; 408.962; 1; 6; 0.103452; 0.124365; 
0; 0; 1; 1; 1963; 1964; 21.0312; 0.0238349; 1; 1; 0.104426; 5.62532; 11; 46.72; 0.134488; 0; 8.38131; 24; 1302.3; 1; 6; 0.284149; 0.112953; 
0; 0; 1; 0; 320; 321; 21.0312; 0.0217082; 1; 0; 0.0832959; 6.04108; 11; 101.417; 0.141278; 0; 9.82827; 24; 406.487; 1; 6; 0.0673245; 0.0842355; 
0; 0; 1; 1; 311; 312; 21.0312; 0.0249991; 1; 0; 0.123837; 7.08482; 16; 217.113; 0.151694; 0; 8.98376; 23; 316.349; 1; 6; 0.062968; 0.0894403; 
0; 0; 1; 1; 778; 779; 21.0312; 0.0194911; 1; 1; 0.0790442; 5.93249; 12; 107.43; 0.167307; 0; 8.06393; 20; 596.967; 1; 6; 0.119291; 0.120652; 
0; 0; 1; 1; 140; 141; 21.0312; 0.0134728; 1; 1; 0.119169; 6.34337; 13; 94.0457; 0.180783; 0; 8.00737; 19; 247.339; 1; 6; 0.03099; 0.096662; 
0; 0; 1; 0; 200; 201; 21.0312; 0.021984; 1; 1; 0.0625932; 4.80035; 9; 22.8473; 0.18532; 0; 6.89468; 14; 73.7744; 1; 6; 0.0467626; 0.0895993; 
0; 0; 1; 1; 268; 269; 21.0312; 0.0185497; 1; 0; 0.10872; 6.59007; 15; 80.4844; 0.173446; 0; 10.0864; 22; 461.342; 1; 6; 0.0526594; 0.105994; 
0; 0; 1; 1; 1184; 1185; 21.0312; 0.020944; 1; 1; 0.0970179; 4.91652; 13; 92.0877; 0.166166; 0; 8.14053; 21; 602.268; 1; 6; 0.146624; 0.146031; 
0; 0; 1; 1; 221; 222; 21.0312; 0.0240847; 1; 0; 0.0956525; 3.86947; 6; 8.27668; 0.143685; 0; 4.92468; 11; 304.665; 1; 6; 0.0586603; 0.0654957; 
0; 0; 1; 1; 60; 61; 21.0312; 0.0200039; 1; 1; 0.0899716; 5.84919; 10; 12.5992; 0.162968; 0; 7.24678; 12; 32.4047; 1; 6; 0.028184; 0.0467883; 
0; 0; 1; 1; 210; 211; 21.0312; 0.017487; 1; 0; 0.0994093; 4.01055; 8; 10.0651; 0.101372; 0; 4.42785; 9; 498.582; 1; 6; 0.0695745; 0.0455437; 
0; 0; 1; 1; 2241; 2242; 21.0312; 0.022803; 1; 1; 0.0970553; 6.70105; 12; 22.9504; 0.145101; 0; 8.90806; 21; 821.765; 1; 6; 0.300193; 0.132812; 
0; 0; 1; 1; 576; 577; 21.0312; 0.0186177; 1; 0; 0.0709082; 4.45681; 12; 47.8946; 0.163275; 0; 5.50271; 10; 39.4035; 1; 6; 0.11739; 0.0790052; 
0; 0; 1; 1; 1493; 1494; 21.0312; 0.0314625; 1; 1; 0.119822; 6.64402; 14; 23.919; 0.128226; 0; 9.33874; 24; 705.219; 1; 6; 0.235548; 0.120761; 
0; 0; 1; 1; 124; 125; 21.0312; 0.0196246; 1; 1; 0.119725; 6.87299; 10; 10.5823; 0.182222; 0; 9.54647; 16; 164.244; 1; 6; 0.0455993; 0.0444043; 
0; 0; 1; 1; 361; 362; 21.0312; 0.0233739; 1; 0; 0.0670539; 6.99774; 13; 32.0864; 0.121495; 0; 8.86743; 21; 399.992; 1; 6; 0.0600509; 0.107175; 
0; 0; 1; 1; 1602; 1603; 21.0312; 0.0232653; 1; 0; 0.0887336; 5.8566; 11; 45.2018; 0.147663; 0; 8.6602; 28; 1054.63; 1; 6; 0.239031; 0.11345; 
0; 0; 1; 1; 1205; 1206; 21.0312; 0.0147538; 1; 0; 0.0932802; 4.6227; 13; 61.1637; 0.0873563; 0; 6.81417; 23; 903.918; 1; 6; 0.202141; 0.097648; 
0; 0; 1; 1; 208; 209; 21.0312; 0.0194194; 1; 1; 0.136132; 6.61726; 12; 14.2389; 0.17901; 0; 10.2801; 22; 269.169; 1; 6; 0.0602045; 0.0563572; 
0; 0; 1; 1; 2865; 2866; 21.0312; 0.0252491; 1; 0; 0.0875276; 6.03152; 14; 26.0907; 0.138559; 0; 10.2455; 27; 1935.91; 1; 6; 0.338568; 0.149759; 
0; 0; 1; 1; 1105; 1106; 21.0312; 0.0222822; 1; 1; 0.0976909; 7.09467; 9; 39.5167; 0.184922; 0; 10.3146; 22; 704.427; 1; 6; 0.157488; 0.128507; 
0; 0; 1; 1; 223; 224; 21.0312; 0.0142734; 1; 0; 0.106008; 3.96432; 7; 9.08579; 0.132775; 0; 4.62667; 11; 369.838; 1; 6; 0.0579223; 0.0631939; 
0; 0; 1; 1; 4043; 4044; 21.0312; 0.0226202; 1; 0; 0.0661846; 5.69928; 15; 63.5795; 0.128536; 0; 9.65361; 29; 2620.03; 1; 6; 0.514534; 0.134954; 
0; 0; 1; 1; 765; 766; 21.0312; 0.021854; 1; 0; 0.137942; 5.65111; 10; 33.3452; 0.15148; 0; 7.91021; 21; 618.333; 1; 6; 0.137721; 0.102071; 
0; 0; 1; 1; 5866; 5867; 21.2852; 0.0205334; 1; 1; 0.090059; 6.57333; 12; 20.1713; 0.170258; 0; 10.7739; 29; 1576.33; 1; 6; 0.73057; 0.145044; 
0; 0; 1; 1; 1743; 1744; 23.0898; 0.0221313; 1; 1; 0.118347; 6.69318; 15; 32.0205; 0.202941; 0; 10.2454; 30; 2728.51; 1; 6; 0.249013; 0.120429; 
.
geometric_RRTConnect Range 1.
14 common properties
intermediate_states = 0
longest_valid_segment_fraction = 0.00166667
projection.cellsize.0 = 0.1
projection.cellsize.1 = 0.1
projection.cellsize_factor = 0
projection.l1:R2.cellsize.0 = 0.1
projection.l1:R2.cellsize.1 = 0.1
projection.l1:R2.cellsize_factor = 0
projection.l1:SE2.cellsize.0 = 0.1
projection.l1:SE2.cellsize.1 = 0.1
projection.l1:SE2.cellsize.2 = 0.1
projection.l1:SE2.cellsize_factor = 0
range = 1
valid_segment_count_factor = 1
23 properties for each run
approx goal distance REAL
approximate solution BOOLEAN
correct solution BOOLEAN
correct solution strict BOOLEAN
graph motions INTEGER
graph states INTEGER
memory REAL
simplification time REAL
simplified correct solution BOOLEAN
simplified correct solution strict BOOLEAN
simplified solution clearance REAL
simplified solution length REAL
simplified solution segments INTEGER
simplified solution smoothness REAL
solution clearance REAL
solution difference REAL
solution length REAL
solution segments INTEGER
solution smoothness REAL
solved BOOLEAN
status ENUM
time REAL
valid segment fraction REAL
50 runs
0; 0; 1; 1; 447; 448; 23.0898; 0.0198129; 1; 0; 0.111; 6.55807; 14; 41.3942; 0.175259; 0; 8.59489; 17; 407.672; 1; 6; 0.0835397; 0.101502; 
0; 0; 1; 1; 563; 564; 23.0898; 0.0179246; 1; 1; 0.0789794; 5.69598; 14; 53.8302; 0.198571; 0; 7.32812; 14; 330.245; 1; 6; 0.0826558; 0.129553; 
0; 0; 1; 1; 2584; 2585; 23.0898; 0.0171711; 1; 1; 0.0873962; 5.15058; 12; 36.7861; 0.201177; 0; 8.59807; 23; 1434.18; 1; 6; 0.285605; 0.150279; 
0; 0; 1; 1; 194; 195; 23.0898; 0.0196217; 1; 1; 0.0734228; 6.5901; 14; 22.4675; 0.176013; 0; 9.72289; 19; 630.776; 1; 6; 0.0465047; 0.0733561; 
0; 0; 1; 1; 1262; 1263; 23.0898; 0.0176556; 1; 1; 0.0634728; 3.99969; 9; 35.9791; 0.174389; 0; 5.63082; 18; 571.568; 1; 6; 0.22149; 0.131904; 
0; 0; 1; 1; 896; 897; 23.0898; 0.0251157; 1; 1; 0.106029; 6.83635; 13; 120.904; 0.154292; 0; 8.30632; 18; 404.836; 1; 6; 0.148422; 0.116158; 
0; 0; 1; 1; 885; 886; 23.0898; 0.0203605; 1; 1; 0.0711387; 4.78031; 12; 40.8848; 0.151883; 0; 7.33935; 19; 611.623; 1; 6; 0.133208; 0.113377; 
0; 0; 1; 1; 440; 441; 23.0898; 0.0234663; 1; 1; 0.0760909; 6.73545; 11; 20.6079; 0.150172; 0; 8.59756; 17; 155.043; 1; 6; 0.0857493; 0.0895553; 
0; 0; 1; 1; 70; 71; 23.0898; 0.0168466; 1; 0; 0.0801529; 4.87838; 12; 20.4539; 0.14972; 0; 5.57807; 10; 77.89; 1; 6; 0.0209684; 0.109177; 
0; 0; 1; 1; 3263; 3264; 23.0898; 0.0249801; 1; 0; 0.0634827; 6.94102; 15; 55.6769; 0.136907; 0; 8.79074; 21; 995.546; 1; 6; 0.384802; 0.143271; 
0; 0; 1; 0; 389; 390; 23.0898; 0.0200335; 1; 1; 0.144399; 6.86033; 10; 13.2367; 0.193481; 0; 10.5208; 22; 378.808; 1; 6; 0.0804081; 0.0962063; 
0; 0; 1; 1; 838; 839; 23.0898; 0.0167381; 1; 1; 0.11624; 6.14067; 13; 264.937; 0.155481; 0; 9.22872; 21; 618.559; 1; 6; 0.129959; 0.109198; 
0; 0; 1; 1; 2090; 2091; 23.0898; 0.0240155; 1; 1; 0.0968077; 5.77094; 10; 138.528; 0.138177; 0; 7.24336; 18; 450.123; 1; 6; 0.242514; 0.139602; 
0; 0; 1; 1; 844; 845; 23.0898; 0.0191369; 1; 1; 0.0593745; 5.59085; 15; 33.1109; 0.174334; 0; 8.22768; 20; 763.904; 1; 6; 0.119843; 0.117919; 
0; 0; 1; 0; 499; 500; 23.0898; 0.0157039; 1; 1; 0.0956009; 5.08119; 9; 38.1138; 0.142925; 0; 5.76982; 12; 76.173; 1; 6; 0.0765752; 0.113647; 
0; 0; 1; 1; 332; 333; 23.0898; 0.0171598; 1; 1; 0.0841421; 5.94704; 14; 30.5152; 0.175055; 0; 7.75501; 16; 103.098; 1; 6; 0.0627613; 0.0875198; 
0; 0; 1; 1; 67; 68; 23.0898; 0.0176053; 1; 1; 0.0936117; 5.93704; 11; 40.4997; 0.182088; 0; 9.66902; 18; 217.583; 1; 6; 0.0288646; 0.0390302; 
0; 0; 1; 1; 943; 944; 23.0898; 0.0189742; 1; 1; 0.0844627; 6.53078; 13; 45.5483; 0.178294; 0; 9.1308; 24; 1803.63; 1; 6; 0.1335; 0.11611; 
0; 0; 1; 1; 781; 782; 23.0898; 0.0207735; 1; 0; 0.0961813; 5.50716; 11; 28.7531; 0.11501; 0; 6.40255; 13; 107.329; 1; 6; 0.103292; 0.130391; 
0; 0; 1; 1; 2046; 2047; 23.0898; 0.0182288; 1; 1; 0.0902226; 5.56982; 13; 34.3605; 0.132352; 0; 7.8657; 20; 506.864; 1; 6; 0.237184; 0.139791; 
0; 0; 1; 1; 332; 333; 23.0898; 0.014787; 1; 1; 0.0783833; 5.01571; 9; 101.309; 0.154615; 0; 6.30626; 13; 92.1449; 1; 6; 0.06736; 0.0865812; 
0; 0; 1; 1; 372; 373; 23.0898; 0.0171503; 1; 1; 0.0821868; 4.98075; 9; 32.9459; 0.149592; 0; 6.18072; 12; 236.559; 1; 6; 0.0805776; 0.0736988; 
0; 0; 1; 1; 59; 60; 23.0898; 0.0182665; 1; 1; 0.071382; 5.81343; 15; 38.0921; 0.0898723; 0; 8.34159; 14; 79.1569; 1; 6; 0.0234262; 0.0483333; 
0; 0; 1; 1; 300; 301; 23.0898; 0.0213896; 1; 1; 0.0746336; 6.5196; 15; 36.4525; 0.173917; 0; 8.57204; 16; 136.55; 1; 6; 0.0547674; 0.0981615; 
0; 0; 1; 1; 1661; 1662; 23.0898; 0.0236646; 1; 1; 0.0715165; 6.8042; 13; 34.8754; 0.165298; 0; 8.30346; 19; 395.847; 1; 6; 0.194742; 0.137657; 
0; 0; 1; 1; 1032; 1033; 23.0898; 0.0232408; 1; 1; 0.0777351; 6.06829; 13; 38.4241; 0.1309; 0; 7.77271; 25; 1039.83; 1; 6; 0.135458; 0.126395; 
0; 0; 1; 0; 1431; 1432; 23.0898; 0.0169573; 1; 0; 0.101488; 5.26776; 9; 28.9231; 0.155832; 0; 7.3677; 18; 981.587; 1; 6; 0.191302; 0.12132; 
0; 0; 1; 1; 1636; 1637; 23.0898; 0.0166125; 1; 1; 0.0799798; 4.7825; 12; 40.9538; 0.121785; 0; 7.71836; 19; 1919.79; 1; 6; 0.191292; 0.141094; 
0; 0; 1; 0; 238; 239; 23.0898; 0.0200926; 1; 0; 0.0890599; 5.11913; 13; 321.36; 0.181983; 0; 7.03928; 13; 501.281; 1; 6; 0.0397175; 0.119335; 
0; 0; 1; 1; 458; 459; 23.0898; 0.0220231; 1; 0; 0.107104; 6.63117; 12; 8.0935; 0.216895; 0; 11.3179; 23; 226.96; 1; 6; 0.0837604; 0.0988749; 
0; 0; 1; 1; 1602; 1603; 23.0898; 0.0147307; 1; 1; 0.10498; 4.23366; 10; 23.6928; 0.163658; 0; 5.27453; 15; 1239.81; 1; 6; 0.224548; 0.127549; 
0; 0; 1; 1; 347; 348; 23.0898; 0.02336; 1; 1; 0.121616; 7.77702; 12; 42.1222; 0.160443; 0; 11.3732; 27; 1142.21; 1; 6; 0.0757901; 0.0803717; 
0; 0; 1; 1; 327; 328; 23.0898; 0.0193908; 1; 0; 0.0735507; 6.45957; 10; 10.4063; 0.148914; 0; 8.93084; 22; 359.11; 1; 6; 0.0807438; 0.0624282; 
0; 0; 1; 1; 504; 505; 23.0898; 0.0211795; 1; 1; 0.107974; 7.03703; 13; 55.9077; 0.172538; 0; 10.0332; 22; 264.388; 1; 6; 0.0994481; 0.0809202; 
0; 0; 1; 1; 111; 112; 23.0898; 0.0188823; 1; 0; 0.0733704; 5.77321; 14; 67.9687; 0.154544; 0; 7.1036; 14; 52.9699; 1; 6; 0.0353096; 0.0522317; 
0; 0; 1; 1; 1521; 1522; 23.0898; 0.0204647; 1; 1; 0.0954504; 5.70811; 12; 66.6563; 0.0984852; 0; 8.50984; 23; 628.802; 1; 6; 0.195612; 0.123627; 
0; 0; 1; 1; 1311; 1312; 23.0898; 0.0195512; 1; 1; 0.0887193; 5.5129; 12; 45.6942; 0.185223; 0; 6.45173; 17; 571.967; 1; 6; 0.17764; 0.121521; 
0; 0; 1; 0; 2944; 2945; 23.0898; 0.0235217; 1; 0; 0.0667114; 5.23117; 11; 25.35; 0.1588; 0; 7.34615; 18; 295.394; 1; 6; 0.333434; 0.146258; 
0; 0; 1; 1; 6161; 6162; 23.4062; 0.0240845; 1; 0; 0.0631704; 5.99749; 13; 33.2862; 0.113284; 0; 8.18807; 24; 5184.12; 1; 6; 0.709902; 0.150207; 
0; 0; 1; 1; 140; 141; 23.9219; 0.0230109; 1; 0; 0.0844642; 6.84406; 12; 13.221; 0.125876; 0; 9.02237; 18; 127.663; 1; 6; 0.0517848; 0.04448; 
0; 0; 1; 1; 860; 861; 23.9219; 0.0176242; 1; 1; 0.135653; 5.63597; 9; 20.8017; 0.130623; 0; 7.03378; 14; 536.805; 1; 6; 0.105739; 0.14818; 
0; 0; 1; 1; 1796; 1797; 23.9219; 0.0173292; 1; 1; 0.0950494; 5.57458; 12; 26.0496; 0.127994; 0; 7.00223; 18; 456.749; 1; 6; 0.225868; 0.128914; 
0; 0; 1; 0; 171; 172; 23.9219; 0.0217069; 1; 0; 0.0933041; 6.8961; 16; 154.001; 0.14373; 0; 7.56545; 13; 318.63; 1; 6; 0.0349407; 0.100532; 
0; 0; 1; 1; 413; 414; 23.9219; 0.0209963; 1; 1; 0.0712773; 4.18461; 9; 37.5566; 0.193602; 0; 7.04922; 15; 1147.6; 1; 6; 0.076781; 0.0975148; 
0; 0; 1; 1; 1815; 1816; 23.9219; 0.0176339; 1; 1; 0.120608; 6.87494; 12; 22.2309; 0.172985; 0; 10.051; 24; 585.448; 1; 6; 0.24375; 0.120492; 
0; 0; 1; 1; 505; 506; 23.9219; 0.0195196; 1; 1; 0.115493; 6.13436; 11; 45.7455; 0.149862; 0; 8.07517; 16; 1028.93; 1; 6; 0.0741877; 0.118644; 
0; 0; 1; 0; 189; 190; 23.9219; 0.0167818; 1; 0; 0.0983526; 4.06161; 9; 25.3101; 0.1419; 0; 5.06258; 11; 570.264; 1; 6; 0.0558139; 0.0527201; 
0; 0; 1; 1; 4533; 4534; 23.9219; 0.0136045; 1; 1; 0.119789; 6.19517; 14; 174.641; 0.126793; 0; 7.6703; 20; 2804.47; 1; 6; 0.49999; 0.150325; 
0; 0; 1; 1; 754; 755; 23.9219; 0.0209278; 1; 0; 0.0821128; 4.00721; 13; 28.4811; 0.164042; 0; 6.52657; 16; 905.932; 1; 6; 0.122455; 0.102171; 
0; 0; 1; 1; 149; 150; 23.9219; 0.0186613; 1; 1; 0.130206; 6.76751; 11; 6.50143; 0.146593; 0; 8.6459; 14; 103.51; 1; 6; 0.0635491; 0.0323285; 
.
geometric_RRTConnect Range 0.1.
14 common properties
intermediate_states = 0
longest_valid_segment_fraction = 0.00166667
projection.cellsize.0 = 0.1
projection.cellsize.1 = 0.1
projection.cellsize_factor = 0
projection.l1:R2.cellsize.0 = 0.1
projection.l1:R2.cellsize.1 = 0.1
projection.l1:R2.cellsize_factor = 0
projection.l1:SE2.cellsize.0 = 0.1
projection.l1:SE2.cellsize.1 = 0.1
projection.l1:SE2.cellsize.2 = 0.1
projection.l1:SE2.cellsize_factor = 0
range = 0.1
valid_segment_count_factor = 1
23 properties for each run
approx goal distance REAL
approximate solution BOOLEAN
correct solution BOOLEAN
correct solution strict BOOLEAN
graph motions INTEGER
graph states INTEGER
memory REAL
simplification time REAL
simplified correct solution BOOLEAN
simplified correct solution strict BOOLEAN
simplified solution clearance REAL
simplified solution length REAL
simplified solution segments INTEGER
simplified solution smoothness REAL
solution clearance REAL
solution difference REAL
solution length REAL
solution segments INTEGER
solution smoothness REAL
solved BOOLEAN
status ENUM
time REAL
valid segment fraction REAL
50 runs
0; 0; 1; 1; 225; 226; 23.9219; 0.017341; 1; 1; 0.0431384; 4.16; 19; 289.032; 0.0583632; 0; 5.82192; 59; 4233.97; 1; 6; 0.0247385; 0.185892; 
0; 0; 1; 0; 163; 164; 23.9219; 0.0226018; 1; 1; 0.0434036; 4.75216; 15; 47.9589; 0.108848; 0; 6.43437; 65; 5167.73; 1; 6; 0.0150564; 0.249615; 
0; 0; 1; 1; 223; 224; 23.9219; 0.0242596; 1; 0; 0.0523308; 4.81946; 13; 33.7817; 0.112414; 0; 6.79706; 68; 4732.57; 1; 6; 0.0190675; 0.260563; 
0; 0; 1; 1; 258; 259; 23.9219; 0.015114; 1; 0; 0.0478861; 4.48429; 18; 131.638; 0.0511017; 0; 5.36409; 54; 4488.91; 1; 6; 0.0240292; 0.222318; 
0; 0; 1; 1; 282; 283; 23.9219; 0.0221217; 1; 1; 0.0511843; 4.79836; 13; 33.7081; 0.085882; 0; 6.57454; 66; 4986.77; 1; 6; 0.0272114; 0.22498; 
0; 0; 1; 1; 203; 204; 23.9219; 0.018162; 1; 0; 0.0642535; 4.11032; 12; 82.2189; 0.0936819; 0; 5.59905; 57; 3754.49; 1; 6; 0.0205763; 0.224444; 
0; 0; 1; 1; 207; 208; 23.9219; 0.0181965; 1; 0; 0.047722; 4.4746; 17; 283.49; 0.0638474; 0; 5.91989; 60; 4685.93; 1; 6; 0.0230808; 0.198459; 
0; 0; 1; 1; 203; 204; 23.9219; 0.0208495; 1; 0; 0.0551158; 4.56077; 15; 33.204; 0.0765958; 0; 6.64568; 67; 6262.01; 1; 6; 0.0229941; 0.209979; 
0; 0; 1; 1; 170; 171; 23.9219; 0.0220039; 1; 0; 0.0580857; 5.63488; 14; 26.3352; 0.0804903; 0; 7.89531; 79; 6749.91; 1; 6; 0.0191885; 0.167659; 
0; 0; 1; 1; 252; 253; 23.9219; 0.0211944; 1; 0; 0.0722714; 4.84598; 12; 65.7664; 0.108417; 0; 6.20931; 63; 4851.32; 1; 6; 0.024624; 0.203404; 
0; 0; 1; 1; 214; 215; 23.9219; 0.0193991; 1; 0; 0.057063; 4.078; 14; 137.241; 0.0604785; 0; 4.84861; 49; 3235.11; 1; 6; 0.0210949; 0.215805; 
0; 0; 1; 1; 257; 258; 23.9219; 0.0174518; 1; 1; 0.0652793; 4.33658; 15; 66.4194; 0.0675277; 0; 5.57548; 57; 4722.97; 1; 6; 0.0225958; 0.224759; 
0; 0; 1; 1; 230; 231; 23.9219; 0.0234378; 1; 0; 0.0445825; 4.75541; 15; 32.1883; 0.115633; 0; 6.65117; 67; 4231.31; 1; 6; 0.02061; 0.22429; 
0; 0; 1; 1; 259; 260; 23.9219; 0.026899; 1; 0; 0.0644693; 4.78516; 12; 44.5841; 0.117554; 0; 6.41175; 65; 5377.71; 1; 6; 0.0245103; 0.234759; 
0; 0; 1; 1; 198; 199; 23.9219; 0.0197342; 1; 1; 0.0591771; 4.48832; 12; 38.3398; 0.0621534; 0; 5.89627; 59; 4161.93; 1; 6; 0.0203977; 0.215772; 
0; 0; 1; 1; 223; 224; 23.9219; 0.0210406; 1; 0; 0.067971; 4.5808; 14; 157.443; 0.0717401; 0; 5.75008; 58; 3852.99; 1; 6; 0.0227194; 0.206704; 
0; 0; 1; 1; 227; 228; 23.9219; 0.019819; 1; 0; 0.05546; 4.35314; 14; 200.971; 0.0706929; 0; 6.12786; 62; 5006.5; 1; 6; 0.021857; 0.236402; 
0; 0; 1; 0; 222; 223; 23.9219; 0.0171107; 1; 0; 0.0640603; 4.34681; 12; 47.3258; 0.0956566; 0; 6.15174; 63; 5474.6; 1; 6; 0.0219285; 0.217734; 
0; 0; 1; 1; 133; 134; 23.9219; 0.0175045; 1; 0; 0.0537803; 4.59958; 15; 158.774; 0.0722728; 0; 5.8525; 59; 6471.64; 1; 6; 0.0133018; 0.27907; 
0; 0; 1; 0; 837; 838; 23.9219; 0.0202097; 1; 0; 0.0639382; 3.84587; 8; 12.6069; 0.106788; 0; 5.26667; 53; 3977.6; 1; 6; 0.0736885; 0.187192; 
0; 0; 1; 1; 178; 179; 23.9219; 0.0231221; 1; 1; 0.0893495; 4.7973; 11; 10.6196; 0.0907476; 0; 6.12225; 62; 3357.58; 1; 6; 0.0177065; 0.240816; 
0; 0; 1; 1; 212; 213; 23.9219; 0.0225748; 1; 0; 0.0730523; 4.80291; 10; 11.6277; 0.0605643; 0; 6.04591; 61; 4204.41; 1; 6; 0.021289; 0.214213; 
0; 0; 1; 1; 235; 236; 23.9219; 0.0172886; 1; 1; 0.0600242; 4.47804; 14; 126.262; 0.0766508; 0; 5.92368; 60; 5804.75; 1; 6; 0.022766; 0.226964; 
0; 0; 1; 1; 310; 311; 23.9219; 0.0197665; 1; 1; 0.0515403; 4.4262; 14; 181.911; 0.116532; 0; 5.91058; 60; 5532.48; 1; 6; 0.0284185; 0.222462; 
0; 0; 1; 1; 275; 276; 23.9219; 0.0260948; 1; 1; 0.0565714; 6.09002; 14; 183.712; 0.0938808; 0; 7.96616; 81; 7441.12; 1; 6; 0.024216; 0.285417; 
0; 0; 1; 1; 217; 218; 23.9219; 0.0154195; 1; 0; 0.0469898; 4.11149; 19; 401.715; 0.0520739; 0; 5.5459; 56; 6365.85; 1; 6; 0.0212248; 0.204739; 
0; 0; 1; 1; 224; 225; 23.9219; 0.0241131; 1; 0; 0.0693903; 4.81908; 10; 27.6653; 0.151249; 0; 5.93229; 60; 3233.79; 1; 6; 0.0209382; 0.23302; 
0; 0; 1; 1; 198; 199; 23.9219; 0.0185808; 1; 0; 0.0487263; 4.37523; 15; 75.6118; 0.0605005; 0; 5.16479; 52; 2951.93; 1; 6; 0.0182337; 0.287591; 
0; 0; 1; 1; 188; 189; 23.9219; 0.0228225; 1; 0; 0.0583152; 4.80844; 14; 57.3316; 0.072052; 0; 5.9971; 60; 2890.17; 1; 6; 0.0189995; 0.212259; 
0; 0; 1; 0; 250; 251; 23.9219; 0.0281704; 1; 0; 0.0654448; 4.78617; 12; 43.1809; 0.0830753; 0; 5.96797; 60; 3869.02; 1; 6; 0.0240536; 0.207673; 
0; 0; 1; 1; 180; 181; 23.9219; 0.0243525; 1; 1; 0.0899873; 4.91015; 13; 43.4036; 0.133022; 0; 6.44282; 65; 4726.59; 1; 6; 0.0182589; 0.210094; 
0; 0; 1; 1; 261; 262; 23.9219; 0.0199262; 1; 0; 0.0402751; 4.47116; 19; 103.997; 0.0546733; 0; 5.96686; 60; 5104.65; 1; 6; 0.0260522; 0.219224; 
0; 0; 1; 1; 225; 226; 23.9219; 0.0211885; 1; 0; 0.0504008; 4.76685; 16; 28.5718; 0.0979274; 0; 5.89294; 59; 3509; 1; 6; 0.0214097; 0.214971; 
0; 0; 1; 1; 148; 149; 23.9219; 0.0192422; 1; 1; 0.058148; 4.54847; 15; 76.0601; 0.0832661; 0; 5.72166; 58; 4042.86; 1; 6; 0.0140202; 0.230769; 
0; 0; 1; 1; 213; 214; 23.9219; 0.0247725; 1; 1; 0.0759211; 4.80704; 10; 23.1031; 0.0984987; 0; 5.89979; 59; 5351.71; 1; 6; 0.020141; 0.236872; 
0; 0; 1; 1; 247; 248; 23.9219; 0.0136807; 1; 1; 0.0525394; 4.44941; 15; 152.169; 0.0638798; 0; 6.08137; 62; 4015.21; 1; 6; 0.0228592; 0.247485; 
0; 0; 1; 1; 241; 242; 23.9219; 0.0227876; 1; 0; 0.0712659; 4.10725; 11; 34.0756; 0.0751866; 0; 5.97604; 60; 5747.65; 1; 6; 0.0239912; 0.203046; 
0; 0; 1; 1; 185; 186; 23.9219; 0.0170293; 1; 1; 0.0827953; 4.45059; 14; 146.675; 0.0808489; 0; 6.02054; 61; 4415.91; 1; 6; 0.0183313; 0.232617; 
0; 0; 1; 1; 235; 236; 23.9219; 0.0244413; 1; 0; 0.0551663; 4.74845; 13; 17.8714; 0.0826245; 0; 6.52442; 66; 5155.99; 1; 6; 0.0250209; 0.220963; 
0; 0; 1; 1; 330; 331; 23.9219; 0.0177593; 1; 0; 0.0566782; 4.11281; 13; 126.259; 0.0562033; 0; 6.11543; 62; 6094.1; 1; 6; 0.0302121; 0.232345; 
0; 0; 1; 1; 237; 238; 23.9219; 0.0237304; 1; 0; 0.0547333; 4.85441; 11; 42.5646; 0.111609; 0; 6.21228; 63; 4671.93; 1; 6; 0.0215802; 0.28468; 
0; 0; 1; 1; 299; 300; 23.9219; 0.0184542; 1; 0; 0.0494042; 4.35511; 13; 88.0528; 0.0789447; 0; 6.65797; 68; 5406.08; 1; 6; 0.0282384; 0.253617; 
0; 0; 1; 1; 213; 214; 23.9219; 0.0218901; 1; 0; 0.0460375; 4.78053; 13; 70.6789; 0.108297; 0; 6.1021; 62; 4290.72; 1; 6; 0.0222182; 0.215886; 
0; 0; 1; 1; 271; 272; 23.9219; 0.0233271; 1; 1; 0.0511769; 4.79684; 12; 42.518; 0.0863726; 0; 6.06479; 61; 3863.95; 1; 6; 0.0274599; 0.194245; 
0; 0; 1; 1; 233; 234; 23.9219; 0.0176879; 1; 0; 0.059957; 4.47734; 13; 121.165; 0.0670326; 0; 5.75251; 58; 4359.08; 1; 6; 0.0221872; 0.197279; 
0; 0; 1; 1; 211; 212; 23.9219; 0.0208922; 1; 0; 0.0489447; 4.86828; 14; 54.5346; 0.142581; 0; 6.26804; 63; 4348.47; 1; 6; 0.0212459; 0.206897; 
0; 0; 1; 1; 244; 245; 23.9219; 0.026371; 1; 0; 0.0529029; 4.38441; 10; 13.2373; 0.0791556; 0; 5.90139; 60; 4696.43; 1; 6; 0.0243268; 0.226468; 
0; 0; 1; 1; 274; 275; 23.9219; 0.0247986; 1; 0; 0.0676915; 4.82136; 12; 101.484; 0.170117; 0; 6.07379; 61; 3434.21; 1; 6; 0.025548; 0.210486; 
0; 0; 1; 0; 187; 188; 23.9219; 0.0169028; 1; 0; 0.057264; 4.37407; 17; 111.809; 0.0931584; 0; 5.86069; 59; 4858.19; 1; 6; 0.020227; 0.2; 
0; 0; 1; 1; 178; 179; 23.9219; 0.0226787; 1; 0; 0.0655405; 4.7876; 11; 31.8544; 0.0768774; 0; 5.97081; 60; 4289.25; 1; 6; 0.0166248; 0.251778; 
.
geometric_RRT Range 5.
15 common properties
goal_bias = 0.05
intermediate_states = 0
longest_valid_segment_fraction = 0.00166667
projection.cellsize.0 = 0.1
projection.cellsize.1 = 0.1
projection.cellsize_factor = 0
projection.l1:R2.cellsize.0 = 0.1
projection.l1:R2.cellsize.1 = 0.1
projection.l1:R2.cellsize_factor = 0
projection.l1:SE2.cellsize.0 = 0.1
projection.l1:SE2.cellsize.1 = 0.1
projection.l1:SE2.cellsize.2 = 0.1
projection.l1:SE2.cellsize_factor = 0
range = 5
valid_segment_count_factor = 1
22 properties for each run
approximate solution BOOLEAN
correct solution BOOLEAN
correct solution strict BOOLEAN
graph motions INTEGER
graph states INTEGER
memory REAL
simplification time REAL
simplified correct solution BOOLEAN
simplified correct solution strict BOOLEAN
simplified solution clearance REAL
simplified solution length REAL
simplified solution segments INTEGER
simplified solution smoothness REAL
solution clearance REAL
solution difference REAL
solution length REAL
solution segments INTEGER
solution smoothness REAL
solved BOOLEAN
status ENUM
time REAL
valid segment fraction REAL
50 runs
0; 1; 1; 1234; 1235; 23.9219; 0.0223428; 1; 0; 0.0576113; 7.02639; 14; 29.159; 0.156181; 0; 9.75645; 28; 4463.69; 1; 6; 0.213095; 0.0540612; 
0; 1; 1; 123; 124; 23.9219; 0.0213067; 1; 0; 0.119609; 5.64254; 8; 27.4111; 0.124154; 0; 7.06322; 13; 1177.03; 1; 6; 0.0813077; 0.0124167; 
0; 1; 1; 639; 640; 23.9219; 0.0220136; 1; 1; 0.135813; 5.6972; 9; 28.1369; 0.169053; 0; 7.61019; 20; 860.494; 1; 6; 0.106348; 0.0630986; 
0; 1; 1; 286; 287; 23.9219; 0.0164218; 1; 0; 0.092951; 4.64188; 11; 108.805; 0.156069; 0; 6.55936; 13; 116.005; 1; 6; 0.06324; 0.0479544; 
0; 1; 1; 652; 653; 23.9219; 0.0179529; 1; 0; 0.062321; 4.79664; 12; 14.8757; 0.131059; 0; 6.84345; 18; 804.075; 1; 6; 0.0923157; 0.081317; 
0; 1; 1; 460; 461; 23.9219; 0.0155229; 1; 1; 0.070834; 4.28532; 11; 26.8451; 0.105891; 0; 7.36081; 15; 433.296; 1; 6; 0.0722114; 0.0679067; 
0; 1; 1; 237; 238; 23.9219; 0.020506; 1; 1; 0.0928996; 6.90771; 13; 101.531; 0.146137; 0; 8.6289; 13; 54.4227; 1; 6; 0.0685493; 0.0321008; 
0; 1; 0; 164; 165; 23.9219; 0.0234141; 1; 1; 0.110927; 7.04266; 10; 13.1687; 0.132663; 0; 9.59095; 19; 166.185; 1; 6; 0.0779692; 0.0169807; 
0; 1; 1; 74; 75; 23.9219; 0.019301; 1; 1; 0.1381; 5.70692; 10; 18.5519; 0.14843; 0; 6.34993; 8; 745.342; 1; 6; 0.0523907; 0.0118818; 
0; 1; 1; 435; 436; 23.9219; 0.0191148; 1; 0; 0.11899; 3.92602; 10; 40.4166; 0.153905; 0; 8.61575; 21; 836.189; 1; 6; 0.0738343; 0.062509; 
0; 1; 1; 86; 87; 23.9219; 0.0167095; 1; 1; 0.0876446; 4.58917; 9; 34.5942; 0.221533; 0; 5.6935; 8; 20.5678; 1; 6; 0.0216756; 0.064275; 
0; 1; 1; 304; 305; 23.9219; 0.0150998; 1; 0; 0.0841224; 4.25949; 12; 67.487; 0.0872109; 0; 6.58164; 13; 136.98; 1; 6; 0.158656; 0.0150711; 
0; 1; 1; 241; 242; 23.9219; 0.0188767; 1; 0; 0.122655; 5.0677; 10; 40.416; 0.123264; 0; 9.39918; 20; 982.804; 1; 6; 0.306189; 0.0057962; 
0; 1; 1; 387; 388; 23.9219; 0.0180037; 1; 0; 0.0754108; 4.80791; 15; 156.238; 0.200131; 0; 7.44337; 15; 165.227; 1; 6; 0.0591914; 0.0752625; 
0; 1; 1; 254; 255; 23.9219; 0.018415; 1; 1; 0.0916459; 7.01241; 13; 40.6453; 0.159589; 0; 8.0589; 19; 1053.7; 1; 6; 0.151104; 0.0134477; 
0; 1; 1; 270; 271; 23.9219; 0.0183986; 1; 1; 0.0781251; 6.69031; 18; 92.4363; 0.174824; 0; 8.67632; 16; 353.573; 1; 6; 0.106593; 0.0212967; 
0; 1; 1; 259; 260; 23.9219; 0.0148311; 1; 1; 0.0760038; 4.18392; 7; 19.7449; 0.144672; 0; 5.6817; 14; 293.407; 1; 6; 0.113708; 0.018035; 
0; 1; 0; 332; 333; 23.9219; 0.0175266; 1; 0; 0.0631622; 4.33399; 12; 33.0689; 0.139076; 0; 6.01919; 13; 112.349; 1; 6; 0.204128; 0.0125122; 
0; 1; 1; 166; 167; 23.9219; 0.0281991; 1; 1; 0.10002; 6.82149; 14; 17.3228; 0.147581; 0; 7.39794; 14; 39.5924; 1; 6; 0.0454984; 0.0398559; 
0; 1; 0; 331; 332; 23.9219; 0.019731; 1; 0; 0.0958833; 6.63096; 15; 25.8687; 0.167262; 0; 8.57994; 17; 1684.32; 1; 6; 0.0679118; 0.0514614; 
0; 1; 1; 485; 486; 23.9219; 0.0217937; 1; 1; 0.110264; 6.29418; 13; 33.1338; 0.175564; 0; 8.23186; 14; 135.192; 1; 6; 0.124545; 0.0346429; 
0; 1; 0; 380; 381; 23.9219; 0.0208745; 1; 1; 0.121696; 7.38076; 16; 100.338; 0.168458; 0; 9.66859; 23; 1168.24; 1; 6; 0.130311; 0.0237738; 
0; 1; 1; 648; 649; 23.9219; 0.0186468; 1; 0; 0.109393; 6.72673; 9; 10.16; 0.202528; 0; 8.38589; 15; 125.818; 1; 6; 0.113316; 0.0593026; 
0; 1; 1; 183; 184; 23.9219; 0.0144551; 1; 1; 0.109474; 4.06951; 12; 55.2881; 0.185146; 0; 5.2256; 12; 265.466; 1; 6; 0.0563066; 0.0297997; 
0; 1; 0; 575; 576; 23.9219; 0.0360101; 1; 0; 0.106369; 6.83885; 13; 36.114; 0.134601; 0; 11.152; 23; 1776.61; 1; 6; 0.410229; 0.0131411; 
0; 1; 0; 253; 254; 23.9219; 0.026474; 1; 0; 0.130235; 5.66704; 12; 133.206; 0.171692; 0; 6.86773; 14; 131.835; 1; 6; 0.108873; 0.0282555; 
0; 1; 1; 131; 132; 23.9219; 0.0152638; 1; 1; 0.0771511; 4.34663; 12; 128.25; 0.152133; 0; 6.50755; 13; 268.993; 1; 6; 0.116244; 0.00936651; 
0; 1; 1; 641; 642; 23.9219; 0.0164212; 1; 1; 0.108972; 6.2929; 13; 50.9607; 0.14495; 0; 8.64649; 17; 636.215; 1; 6; 0.090849; 0.0900914; 
0; 1; 1; 317; 318; 23.9219; 0.0185402; 1; 1; 0.149077; 6.9253; 13; 37.7634; 0.219408; 0; 8.08795; 15; 62.3594; 1; 6; 0.0599231; 0.058769; 
0; 1; 1; 122; 123; 23.9219; 0.0193491; 1; 0; 0.111077; 5.65678; 11; 116.91; 0.182854; 0; 6.69716; 13; 261.138; 1; 6; 0.0634672; 0.0163561; 
0; 1; 1; 191; 192; 23.9219; 0.0197052; 1; 0; 0.100819; 6.71419; 15; 112.656; 0.11906; 0; 7.97452; 16; 158.567; 1; 6; 0.0528333; 0.0342233; 
0; 1; 0; 679; 680; 23.9219; 0.0182138; 1; 0; 0.07157; 5.53015; 9; 27.3499; 0.155964; 0; 7.29429; 15; 353.68; 1; 6; 0.153037; 0.0410173; 
0; 1; 1; 212; 213; 23.9219; 0.0204278; 1; 1; 0.0859902; 5.54113; 14; 38.8998; 0.165591; 0; 6.60962; 14; 391.102; 1; 6; 0.276654; 0.00565741; 
0; 1; 1; 485; 486; 23.9219; 0.0177024; 1; 0; 0.0623638; 6.53916; 16; 84.7958; 0.149025; 0; 8.65771; 20; 341.284; 1; 6; 0.0984366; 0.0470417; 
0; 1; 1; 878; 879; 23.9219; 0.0211207; 1; 0; 0.0691016; 5.611; 13; 18.9561; 0.153487; 0; 6.94579; 17; 758.914; 1; 6; 0.191102; 0.0419353; 
0; 1; 1; 283; 284; 23.9219; 0.0180147; 1; 1; 0.0775285; 4.84555; 13; 58.4112; 0.177279; 0; 6.68643; 14; 205.589; 1; 6; 0.0420341; 0.0946805; 
0; 1; 0; 567; 568; 23.9219; 0.0254386; 1; 1; 0.127114; 7.40934; 14; 28.7718; 0.162334; 0; 9.80728; 19; 248.449; 1; 6; 0.0664969; 0.12361; 
0; 1; 1; 284; 285; 23.9219; 0.0169155; 1; 1; 0.0967693; 6.02391; 11; 17.4898; 0.120609; 0; 7.35788; 16; 102.145; 1; 6; 0.0855054; 0.0296234; 
0; 1; 1; 107; 108; 23.9219; 0.0164225; 1; 0; 0.138141; 5.1919; 12; 54.855; 0.202598; 0; 6.99831; 12; 84.4138; 1; 6; 0.107564; 0.00878706; 
0; 1; 1; 423; 424; 23.9219; 0.0197721; 1; 1; 0.140655; 6.36217; 9; 124.665; 0.160312; 0; 8.61362; 14; 175.284; 1; 6; 0.219333; 0.0165655; 
0; 1; 0; 1811; 1812; 23.9219; 0.0212021; 1; 0; 0.0799484; 5.76048; 13; 21.0938; 0.168716; 0; 7.63329; 18; 475.84; 1; 6; 0.295093; 0.0811453; 
0; 1; 0; 329; 330; 23.9219; 0.020545; 1; 1; 0.0646969; 4.37808; 12; 40.7579; 0.136158; 0; 7.76425; 16; 660.887; 1; 6; 0.152933; 0.0172287; 
0; 1; 0; 193; 194; 23.9219; 0.0165785; 1; 0; 0.0949571; 4.53665; 8; 13.5098; 0.159389; 0; 6.48402; 12; 728.296; 1; 6; 0.123325; 0.0119423; 
0; 1; 1; 82; 83; 23.9219; 0.0228321; 1; 1; 0.148756; 5.68843; 8; 15.1979; 0.208729; 0; 6.13824; 10; 31.3599; 1; 6; 0.0176115; 0.08308; 
0; 1; 1; 76; 77; 23.9219; 0.0129481; 1; 0; 0.0785517; 4.18365; 14; 79.0352; 0.193061; 0; 7.93249; 12; 227.905; 1; 6; 0.0707476; 0.00865013; 
0; 1; 1; 243; 244; 23.9219; 0.0182191; 1; 1; 0.107914; 3.99497; 12; 65.82; 0.138249; 0; 7.83505; 13; 343.784; 1; 6; 0.0603778; 0.0396088; 
0; 1; 1; 370; 371; 23.9219; 0.0181602; 1; 0; 0.0979498; 5.3542; 10; 25.8955; 0.224428; 0; 7.17699; 17; 240.304; 1; 6; 0.0649071; 0.0679148; 
0; 1; 1; 159; 160; 23.9219; 0.0162452; 1; 0; 0.0976067; 5.20449; 13; 93.1319; 0.181374; 0; 9.52; 21; 318.067; 1; 6; 0.118941; 0.0104427; 
0; 1; 1; 191; 192; 23.9219; 0.0185353; 1; 0; 0.0874109; 5.07788; 11; 154.186; 0.14876; 0; 7.02403; 12; 123.901; 1; 6; 0.0768945; 0.0229182; 
0; 1; 1; 192; 193; 23.9219; 0.0187453; 1; 1; 0.0950431; 5.58274; 12; 25.6403; 0.223075; 0; 6.48006; 13; 75.8868; 1; 6; 0.0348247; 0.0763116; 
.
geometric_RRT Range 1.
14 common properties
intermediate_states = 0
longest_valid_segment_fraction = 0.00166667
projection.cellsize.0 = 0.1
projection.cellsize.1 = 0.1
projection.cellsize_factor = 0
projection.l1:R2.cellsize.0 = 0.1
projection.l1:R2.cellsize.1 = 0.1
projection.l1:R2.cellsize_factor = 0
projection.l1:SE2.cellsize.0 = 0.1
projection.l1:SE2.cellsize.1 = 0.1
projection.l1:SE2.cellsize.2 = 0.1
projection.l1:SE2.cellsize_factor = 0
range = 1
valid_segment_count_factor = 1
23 properties for each run
approx goal distance REAL
approximate solution BOOLEAN
correct solution BOOLEAN
correct solution strict BOOLEAN
graph motions INTEGER
graph states INTEGER
memory REAL
simplification time REAL
simplified correct solution BOOLEAN
simplified correct solution strict BOOLEAN
simplified solution clearance REAL
simplified solution length REAL
simplified solution segments INTEGER
simplified solution smoothness REAL
solution clearance REAL
solution difference REAL
solution length REAL
solution segments INTEGER
solution smoothness REAL
solved BOOLEAN
status ENUM
time REAL
valid segment fraction REAL
50 runs
0; 0; 1; 1; 149; 150; 23.9219; 0.0192036; 1; 1; 0.0850663; 5.64974; 12; 18.2902; 0.228536; 0; 6.27698; 11; 26.5672; 1; 6; 0.0373152; 0.0849111; 
0; 0; 1; 1; 999; 1000; 23.9219; 0.023959; 1; 0; 0.127354; 6.98716; 10; 61.0011; 0.20958; 0; 9.74155; 22; 439.214; 1; 6; 0.157134; 0.106967; 
0; 0; 1; 1; 166; 167; 23.9219; 0.0206776; 1; 1; 0.0893858; 5.59801; 11; 26.1388; 0.163746; 0; 7.87901; 15; 303.041; 1; 6; 0.040706; 0.0808427; 
0; 0; 1; 1; 549; 550; 23.9219; 0.0196935; 1; 0; 0.090269; 5.96813; 10; 24.1361; 0.129192; 0; 7.92866; 20; 721.824; 1; 6; 0.0942405; 0.0962248; 
0; 0; 1; 1; 661; 662; 23.9219; 0.0154005; 1; 0; 0.0698533; 4.73884; 12; 82.4252; 0.0883421; 0; 5.97728; 19; 349.849; 1; 6; 0.108442; 0.113461; 
0; 0; 1; 1; 1237; 1238; 23.9219; 0.0220343; 1; 1; 0.131619; 6.94263; 14; 61.1849; 0.144335; 0; 8.45616; 19; 357.543; 1; 6; 0.163596; 0.13286; 
0; 0; 1; 1; 1597; 1598; 23.9219; 0.014638; 1; 1; 0.112439; 4.63213; 11; 27.2014; 0.140736; 0; 5.40108; 14; 298.04; 1; 6; 0.218715; 0.136831; 
0; 0; 1; 0; 379; 380; 23.9219; 0.0214245; 1; 0; 0.109292; 6.74103; 15; 31.6599; 0.130529; 0; 9.95839; 19; 164.746; 1; 6; 0.0620737; 0.125874; 
0; 0; 1; 1; 93; 94; 23.9219; 0.0201107; 1; 0; 0.108544; 4.84731; 9; 6.72888; 0.233611; 0; 7.08387; 15; 116.322; 1; 6; 0.0313981; 0.0650636; 
0; 0; 1; 1; 799; 800; 23.9219; 0.0219664; 1; 0; 0.10366; 5.79904; 14; 205.028; 0.100912; 0; 8.77774; 25; 818.645; 1; 6; 0.132142; 0.10489; 
0; 0; 1; 1; 1105; 1106; 23.9219; 0.0216587; 1; 0; 0.122773; 5.47026; 9; 10.5667; 0.18967; 0; 7.91802; 22; 636.571; 1; 6; 0.155415; 0.117798; 
0; 0; 1; 0; 601; 602; 23.9219; 0.0201119; 1; 0; 0.0759395; 6.39908; 11; 87.3565; 0.171397; 0; 9.02256; 19; 246.07; 1; 6; 0.085105; 0.121902; 
0; 0; 1; 1; 232; 233; 23.9219; 0.020491; 1; 1; 0.0936986; 5.95205; 9; 8.54948; 0.193113; 0; 8.52876; 17; 110.261; 1; 6; 0.0421189; 0.107692; 
0; 0; 1; 1; 1093; 1094; 23.9219; 0.0189599; 1; 0; 0.0743968; 6.77008; 16; 78.6498; 0.151251; 0; 8.86736; 23; 1175.31; 1; 6; 0.140503; 0.131852; 
0; 0; 1; 1; 865; 866; 23.9219; 0.0178914; 1; 1; 0.063489; 5.62705; 13; 36.8739; 0.0995148; 0; 6.75701; 17; 405.417; 1; 6; 0.120885; 0.126649; 
0; 0; 1; 1; 315; 316; 23.9219; 0.0163053; 1; 0; 0.0763141; 4.39721; 13; 111.594; 0.111271; 0; 8.43758; 23; 397.292; 1; 6; 0.0880389; 0.060315; 
0; 0; 1; 1; 901; 902; 23.9219; 0.0230361; 1; 0; 0.0751866; 6.75528; 14; 54.0987; 0.119511; 0; 11.1213; 24; 799.392; 1; 6; 0.148456; 0.100897; 
0; 0; 1; 0; 533; 534; 23.9219; 0.0116669; 1; 0; 0.0849085; 4.30719; 11; 119.228; 0.155761; 0; 4.95476; 13; 190.067; 1; 6; 0.0735999; 0.140074; 
0; 0; 1; 1; 863; 864; 23.9219; 0.0262357; 1; 0; 0.0569731; 6.74231; 17; 56.7802; 0.106011; 0; 9.00644; 25; 517.013; 1; 6; 0.13756; 0.129741; 
0; 0; 1; 1; 1116; 1117; 23.9219; 0.0183514; 1; 0; 0.0880895; 4.30532; 13; 87.658; 0.184103; 0; 5.82488; 16; 570.99; 1; 6; 0.142379; 0.137028; 
0; 0; 1; 1; 166; 167; 23.9219; 0.0191457; 1; 0; 0.0734517; 4.22709; 12; 17.4856; 0.134731; 0; 5.61605; 10; 134.975; 1; 6; 0.0557314; 0.0522483; 
0; 0; 1; 1; 1240; 1241; 23.9219; 0.019936; 1; 0; 0.117942; 6.67166; 14; 17.6768; 0.161751; 0; 8.87324; 18; 182.008; 1; 6; 0.16799; 0.125621; 
0; 0; 1; 1; 303; 304; 23.9219; 0.018404; 1; 1; 0.0597438; 5.17745; 11; 41.4035; 0.180018; 0; 6.87589; 14; 129.544; 1; 6; 0.0672288; 0.0738567; 
0; 0; 1; 1; 1030; 1031; 23.9219; 0.0166213; 1; 1; 0.0763844; 5.81291; 13; 80.702; 0.121955; 0; 8.85198; 22; 1155.93; 1; 6; 0.154561; 0.116469; 
0; 0; 1; 1; 1348; 1349; 23.9219; 0.0204463; 1; 1; 0.0892263; 6.67772; 13; 27.419; 0.135889; 0; 10.7756; 28; 647.391; 1; 6; 0.19697; 0.109548; 
0; 0; 1; 1; 484; 485; 23.9219; 0.0195264; 1; 1; 0.0992032; 5.02784; 12; 435.212; 0.196538; 0; 6.03819; 11; 338.931; 1; 6; 0.0727832; 0.118324; 
0; 0; 1; 1; 904; 905; 23.9219; 0.021304; 1; 0; 0.136883; 5.59771; 10; 12.6521; 0.144115; 0; 8.29412; 20; 736.762; 1; 6; 0.1272; 0.1261; 
0; 0; 1; 1; 498; 499; 23.9219; 0.0177367; 1; 1; 0.0683953; 5.82063; 13; 23.7707; 0.152874; 0; 9.05277; 23; 693.523; 1; 6; 0.094826; 0.0864799; 
0; 0; 1; 1; 1056; 1057; 23.9219; 0.0171887; 1; 1; 0.109459; 4.10431; 9; 213.527; 0.123413; 0; 5.73635; 13; 284.361; 1; 6; 0.146032; 0.129958; 
0; 0; 1; 1; 2386; 2387; 23.9219; 0.0195504; 1; 1; 0.0818354; 7.24924; 15; 175.966; 0.145296; 0; 9.1945; 26; 1348.55; 1; 6; 0.286203; 0.139059; 
0; 0; 1; 1; 224; 225; 23.9219; 0.0145223; 1; 0; 0.0964261; 5.11339; 9; 25.3987; 0.167899; 0; 5.68224; 13; 187.422; 1; 6; 0.0526403; 0.074185; 
0; 0; 1; 1; 998; 999; 23.9219; 0.0215175; 1; 0; 0.0926509; 6.67252; 14; 59.4887; 0.11993; 0; 8.68594; 19; 316.156; 1; 6; 0.134002; 0.123636; 
0; 0; 1; 1; 434; 435; 23.9219; 0.0169061; 1; 0; 0.10662; 3.91173; 11; 62.8035; 0.123454; 0; 4.58986; 9; 75.0913; 1; 6; 0.072085; 0.099586; 
0; 0; 1; 1; 566; 567; 23.9219; 0.0207493; 1; 1; 0.079267; 6.76927; 13; 39.0789; 0.162069; 0; 8.74033; 22; 487.056; 1; 6; 0.12128; 0.0866432; 
0; 0; 1; 1; 61; 62; 23.9219; 0.0165293; 1; 1; 0.08827; 4.11956; 7; 10.1568; 0.16895; 0; 4.60292; 7; 9.87216; 1; 6; 0.0223503; 0.0502934; 
0; 0; 1; 1; 988; 989; 23.9219; 0.0275615; 1; 0; 0.106462; 7.44; 12; 178.451; 0.146574; 0; 9.73354; 20; 1646.05; 1; 6; 0.134611; 0.127486; 
0; 0; 1; 1; 628; 629; 23.9219; 0.0241129; 1; 1; 0.0791226; 6.81208; 11; 18.7666; 0.16209; 0; 11.3914; 26; 345.012; 1; 6; 0.108236; 0.0996503; 
0; 0; 1; 1; 289; 290; 23.9219; 0.0215528; 1; 0; 0.111912; 6.80565; 11; 31.343; 0.175118; 0; 8.53895; 17; 213.877; 1; 6; 0.0665611; 0.0726906; 
0; 0; 1; 1; 150; 151; 23.9219; 0.0207835; 1; 0; 0.0694234; 5.61387; 10; 31.2823; 0.202087; 0; 7.30393; 16; 295.744; 1; 6; 0.0429292; 0.065437; 
0; 0; 1; 1; 1172; 1173; 23.9219; 0.0164893; 1; 1; 0.0992751; 6.61539; 11; 12.8573; 0.142441; 0; 8.16587; 19; 266.701; 1; 6; 0.158005; 0.125684; 
0; 0; 1; 1; 1268; 1269; 23.9219; 0.019458; 1; 1; 0.0803687; 5.55897; 10; 51.9685; 0.156154; 0; 8.4189; 30; 1418.36; 1; 6; 0.187411; 0.113358; 
0; 0; 1; 1; 216; 217; 23.9219; 0.0232417; 1; 1; 0.077692; 5.99278; 12; 24.6087; 0.148905; 0; 7.99124; 19; 357.262; 1; 6; 0.0568107; 0.0627371; 
0; 0; 1; 0; 805; 806; 23.9219; 0.0218602; 1; 0; 0.106863; 6.02729; 10; 12.2501; 0.135346; 0; 8.06792; 17; 215.71; 1; 6; 0.109507; 0.129887; 
0; 0; 1; 1; 624; 625; 23.9219; 0.0228668; 1; 0; 0.12798; 6.82343; 12; 40.8852; 0.176781; 0; 8.27883; 15; 168.428; 1; 6; 0.0923405; 0.122493; 
0; 0; 1; 1; 181; 182; 23.9219; 0.0148295; 1; 1; 0.0954403; 4.05677; 9; 10.6347; 0.12865; 0; 4.97748; 11; 780.469; 1; 6; 0.0624206; 0.0407609; 
0; 0; 1; 1; 1367; 1368; 23.9219; 0.0249687; 1; 1; 0.126703; 7.93636; 14; 80.2405; 0.197653; 0; 9.23758; 20; 596.934; 1; 6; 0.212759; 0.130555; 
0; 0; 1; 1; 650; 651; 23.9219; 0.0199983; 1; 1; 0.167784; 6.62439; 11; 11.2278; 0.19698; 0; 9.13112; 21; 280.782; 1; 6; 0.0943366; 0.123267; 
0; 0; 1; 1; 327; 328; 23.9219; 0.0211959; 1; 1; 0.110061; 6.80723; 11; 34.4866; 0.127573; 0; 9.07577; 20; 547.341; 1; 6; 0.0682685; 0.0777116; 
0; 0; 1; 1; 120; 121; 23.9219; 0.0255923; 1; 0; 0.0715679; 6.14501; 9; 44.6948; 0.230768; 0; 9.21712; 20; 387.494; 1; 6; 0.0390274; 0.0546624; 
0; 0; 1; 1; 2843; 2844; 23.9219; 0.0198879; 1; 1; 0.124566; 6.05201; 12; 29.0219; 0.145282; 0; 9.52116; 31; 3653.7; 1; 6; 0.348569; 0.136516; 
.
geometric_RRT Range 0.1.
15 common properties
goal_bias = 0.05
intermediate_states = 0
longest_valid_segment_fraction = 0.00166667
projection.cellsize.0 = 0.1
projection.cellsize.1 = 0.1
projection.cellsize_factor = 0
projection.l1:R2.cellsize.0 = 0.1
projection.l1:R2.cellsize.1 = 0.1
projection.l1:R2.cellsize_factor = 0
projection.l1:SE2.cellsize.0 = 0.1
projection.l1:SE2.cellsize.1 = 0.1
projection.l1:SE2.cellsize.2 = 0.1
projection.l1:SE2.cellsize_factor = 0
range = 0.1
valid_segment_count_factor = 1
22 properties for each run
approximate solution BOOLEAN
correct solution BOOLEAN
correct solution strict BOOLEAN
graph motions INTEGER
graph states INTEGER
memory REAL
simplification time REAL
simplified correct solution BOOLEAN
simplified correct solution strict BOOLEAN
simplified solution clearance REAL
simplified solution length REAL
simplified solution segments INTEGER
simplified solution smoothness REAL
solution clearance REAL
solution difference REAL
solution length REAL
solution segments INTEGER
solution smoothness REAL
solved BOOLEAN
status ENUM
time REAL
valid segment fraction REAL
50 runs
0; 1; 1; 358; 359; 23.9219; 0.027346; 1; 1; 0.0516506; 6.06692; 12; 44.4401; 0.0994473; 0; 7.98403; 80; 6173.41; 1; 6; 0.0297576; 0.20056; 
0; 1; 1; 756; 757; 23.9219; 0.019514; 1; 0; 0.0566852; 4.33839; 17; 132.796; 0.0695518; 0; 6.63963; 67; 5570.28; 1; 6; 0.0562071; 0.214895; 
0; 1; 0; 295; 296; 23.9219; 0.0266217; 1; 0; 0.0578056; 4.28124; 9; 11.4749; 0.0883743; 0; 5.8056; 59; 2824.91; 1; 6; 0.0254666; 0.18449; 
0; 1; 1; 295; 296; 23.9219; 0.015638; 1; 1; 0.0731877; 4.28023; 16; 209.845; 0.101821; 0; 5.9791; 60; 4661.72; 1; 6; 0.0255122; 0.15445; 
0; 1; 1; 352; 353; 23.9219; 0.0181981; 1; 0; 0.0699124; 4.04311; 13; 138.277; 0.102156; 0; 5.01804; 51; 2820.22; 1; 6; 0.0260954; 0.221384; 
0; 1; 0; 585; 586; 23.9219; 0.0182239; 1; 0; 0.0536576; 3.97228; 19; 199.181; 0.0781465; 0; 5.79111; 58; 4887.7; 1; 6; 0.0458072; 0.183443; 
0; 1; 1; 789; 790; 23.9219; 0.0196697; 1; 0; 0.050882; 4.57875; 18; 330.077; 0.0815432; 0; 6.20227; 63; 4945.65; 1; 6; 0.0615108; 0.207796; 
0; 1; 1; 210; 211; 23.9219; 0.0186022; 1; 1; 0.0543297; 4.71155; 15; 116.638; 0.0706778; 0; 6.24451; 63; 7356.99; 1; 6; 0.0226259; 0.114943; 
0; 1; 0; 146; 147; 23.9219; 0.0206088; 1; 1; 0.0571662; 4.52057; 12; 86.2947; 0.113884; 0; 6.44537; 65; 4954.43; 1; 6; 0.0170493; 0.13918; 
0; 1; 1; 315; 316; 23.9219; 0.0252343; 1; 1; 0.0634954; 5.83842; 16; 60.6824; 0.129047; 0; 8.62998; 87; 6755.18; 1; 6; 0.0366108; 0.0922671; 
0; 1; 0; 349; 350; 23.9219; 0.0158955; 1; 0; 0.0397693; 4.18213; 18; 129.963; 0.0731833; 0; 5.43908; 55; 4446.87; 1; 6; 0.0321248; 0.170161; 
0; 1; 1; 383; 384; 23.9219; 0.0227322; 1; 1; 0.062304; 5.73777; 14; 144.635; 0.111427; 0; 7.63491; 77; 6878.41; 1; 6; 0.0269958; 0.242866; 
0; 1; 0; 177; 178; 23.9219; 0.0216198; 1; 0; 0.0712589; 4.46463; 9; 21.8721; 0.0793078; 0; 5.91838; 60; 5624.85; 1; 6; 0.0189697; 0.133888; 
0; 1; 0; 376; 377; 23.9219; 0.0204483; 1; 1; 0.0661758; 5.53463; 14; 26.8621; 0.0857299; 0; 7.46198; 75; 5506.06; 1; 6; 0.0281641; 0.206367; 
0; 1; 0; 445; 446; 23.9219; 0.0249084; 1; 0; 0.0585476; 5.88046; 17; 119.485; 0.11537; 0; 8.0494; 81; 5057.35; 1; 6; 0.0332402; 0.179798; 
0; 1; 0; 673; 674; 23.9219; 0.0159178; 1; 1; 0.0644579; 4.02815; 16; 242.685; 0.0716504; 0; 5.59583; 56; 3648.08; 1; 6; 0.0490581; 0.209592; 
0; 1; 0; 926; 927; 23.9219; 0.0176617; 1; 0; 0.0599568; 4.33176; 15; 132.353; 0.0840244; 0; 6.31211; 64; 4604.61; 1; 6; 0.071517; 0.213413; 
0; 1; 1; 805; 806; 23.9219; 0.0194482; 1; 0; 0.0468891; 4.628; 18; 310.07; 0.0673325; 0; 6.29719; 64; 5263.95; 1; 6; 0.089083; 0.0859951; 
0; 1; 0; 224; 225; 23.9219; 0.017801; 1; 0; 0.0651835; 4.10171; 10; 31.4336; 0.101918; 0; 6.01832; 61; 3955.02; 1; 6; 0.0201995; 0.162554; 
0; 1; 1; 472; 473; 23.9219; 0.0237668; 1; 0; 0.0636452; 5.69377; 14; 30.2261; 0.110315; 0; 8.35919; 84; 6885.57; 1; 6; 0.0387636; 0.185754; 
0; 1; 0; 442; 443; 23.9219; 0.015881; 1; 0; 0.0529255; 4.12283; 16; 185.228; 0.0819167; 0; 5.54276; 56; 2832; 1; 6; 0.0335558; 0.191425; 
0; 1; 1; 765; 766; 23.9219; 0.0183743; 1; 0; 0.044733; 4.22849; 14; 55.3726; 0.0903373; 0; 5.56286; 56; 3220.54; 1; 6; 0.0594785; 0.185635; 
0; 1; 1; 287; 288; 23.9219; 0.0283228; 1; 0; 0.0740362; 4.4083; 14; 111.442; 0.0854909; 0; 5.55865; 56; 3702.65; 1; 6; 0.0294044; 0.111111; 
0; 1; 1; 449; 450; 23.9219; 0.0245936; 1; 0; 0.0719201; 5.80474; 17; 82.132; 0.120709; 0; 8.29811; 83; 5109.12; 1; 6; 0.0346803; 0.185461; 
0; 1; 0; 109; 110; 23.9219; 0.022218; 1; 0; 0.0390647; 4.41515; 20; 459.757; 0.0745473; 0; 5.72499; 58; 5152.26; 1; 6; 0.015056; 0.11168; 
0; 1; 1; 782; 783; 23.9219; 0.0218993; 1; 0; 0.0734871; 5.74664; 12; 17.043; 0.105769; 0; 8.35776; 84; 6303.13; 1; 6; 0.0564492; 0.228789; 
0; 1; 0; 209; 210; 23.9219; 0.0249812; 1; 0; 0.0498833; 4.29175; 15; 38.5147; 0.0757022; 0; 5.90123; 60; 4381.39; 1; 6; 0.0226602; 0.112185; 
0; 1; 0; 134; 135; 23.9219; 0.018969; 1; 0; 0.0436043; 4.37746; 16; 350.529; 0.0757859; 0; 5.61754; 57; 3946.22; 1; 6; 0.0162347; 0.146769; 
0; 1; 0; 497; 498; 23.9219; 0.0160615; 1; 0; 0.0581303; 4.34669; 15; 58.6609; 0.0802413; 0; 5.37195; 54; 4420.07; 1; 6; 0.0390292; 0.178009; 
0; 1; 0; 375; 376; 23.9219; 0.0184268; 1; 0; 0.0489991; 4.38234; 13; 212.272; 0.0921923; 0; 5.55732; 56; 3661.44; 1; 6; 0.0305502; 0.16469; 
0; 1; 0; 402; 403; 23.9219; 0.0181799; 1; 1; 0.0630963; 3.98248; 12; 141.961; 0.07229; 0; 5.49901; 55; 3131.63; 1; 6; 0.028497; 0.218597; 
0; 1; 1; 597; 598; 23.9219; 0.0151707; 1; 1; 0.0567435; 3.91336; 13; 45.6954; 0.0733956; 0; 6.30018; 64; 5170.7; 1; 6; 0.0444952; 0.204382; 
0; 1; 0; 634; 635; 23.9219; 0.0159156; 1; 0; 0.0753724; 3.94653; 15; 85.8818; 0.0874497; 0; 5.13388; 52; 3617.31; 1; 6; 0.0494672; 0.177541; 
0; 1; 1; 228; 229; 23.9219; 0.0197975; 1; 0; 0.0553409; 4.45803; 11; 24.9274; 0.115333; 0; 6.19728; 62; 3532.52; 1; 6; 0.0229236; 0.145408; 
0; 1; 1; 666; 667; 23.9219; 0.0254104; 1; 0; 0.0536874; 5.75287; 14; 88.5962; 0.0785242; 0; 7.89246; 80; 4678.05; 1; 6; 0.051023; 0.191434; 
0; 1; 0; 171; 172; 23.9219; 0.0220943; 1; 0; 0.0513652; 4.27996; 14; 114.026; 0.136108; 0; 6.2394; 63; 5913.39; 1; 6; 0.0200514; 0.109897; 
0; 1; 1; 258; 259; 23.9219; 0.0179319; 1; 0; 0.0511427; 4.51292; 14; 55.9473; 0.0877942; 0; 5.66758; 57; 3902.49; 1; 6; 0.0228988; 0.166774; 
0; 1; 1; 146; 147; 23.9219; 0.0222976; 1; 0; 0.0558255; 4.35995; 12; 94.9182; 0.0870793; 0; 6.18169; 62; 6508.5; 1; 6; 0.0169518; 0.146586; 
0; 1; 0; 870; 871; 23.9219; 0.0322299; 1; 0; 0.0508685; 5.81908; 14; 59.4862; 0.109784; 0; 8.99859; 91; 7087.24; 1; 6; 0.0651023; 0.216257; 
0; 1; 1; 484; 485; 23.9219; 0.0273864; 1; 0; 0.0668612; 4.82323; 13; 32.7011; 0.0980256; 0; 6.44164; 65; 5764.58; 1; 6; 0.036117; 0.226168; 
0; 1; 1; 540; 541; 23.9219; 0.0242025; 1; 1; 0.0810233; 5.86535; 15; 60.8101; 0.0848689; 0; 8.10735; 82; 7208.04; 1; 6; 0.0426925; 0.200968; 
0; 1; 1; 507; 508; 23.9219; 0.0166346; 1; 0; 0.0507042; 4.05618; 15; 170.626; 0.0789935; 0; 4.75473; 48; 3665.23; 1; 6; 0.03608; 0.211779; 
0; 1; 1; 356; 357; 23.9219; 0.0163395; 1; 0; 0.0611834; 4.25546; 14; 231.986; 0.0913157; 0; 6.29244; 63; 5160.21; 1; 6; 0.0257616; 0.209782; 
0; 1; 0; 472; 473; 23.9219; 0.0227148; 1; 0; 0.0711516; 5.88744; 14; 110.364; 0.0861064; 0; 7.93116; 80; 5063.38; 1; 6; 0.0333267; 0.231373; 
0; 1; 0; 690; 691; 23.9219; 0.0250214; 1; 1; 0.0515802; 4.77786; 15; 41.9219; 0.133235; 0; 6.83473; 69; 5655.43; 1; 6; 0.0524078; 0.202941; 
0; 1; 1; 1206; 1207; 23.9219; 0.0239668; 1; 1; 0.0930548; 5.93864; 14; 71.6303; 0.112333; 0; 8.26734; 83; 6778.66; 1; 6; 0.0882883; 0.226777; 
0; 1; 1; 466; 467; 23.9219; 0.025744; 1; 0; 0.0695671; 5.87154; 13; 94.084; 0.102785; 0; 8.01976; 81; 6063.59; 1; 6; 0.0369297; 0.166191; 
0; 1; 0; 461; 462; 23.9219; 0.023585; 1; 1; 0.0574873; 5.79456; 16; 103.97; 0.102467; 0; 8.06463; 81; 7299.18; 1; 6; 0.0347933; 0.218173; 
0; 1; 1; 523; 524; 23.9219; 0.0238002; 1; 0; 0.0588306; 5.77162; 15; 46.3573; 0.0961675; 0; 7.7326; 78; 5933.66; 1; 6; 0.0389645; 0.206638; 
0; 1; 0; 645; 646; 23.9219; 0.023558; 1; 1; 0.055329; 6.02944; 18; 275.49; 0.0908461; 0; 7.55531; 76; 4715.56; 1; 6; 0.0488503; 0.201626; 
.
geometric_KPIECE1
17 common properties
border_fraction = 0.9
failed_expansion_score_factor = 0.5
goal_bias = 0.05
longest_valid_segment_fraction = 0.00166667
min_valid_path_fraction = 0.2
projection.cellsize.0 = 0.1
projection.cellsize.1 = 0.1
projection.cellsize_factor = 0
projection.l1:R2.cellsize.0 = 0.1
projection.l1:R2.cellsize.1 = 0.1
projection.l1:R2.cellsize_factor = 0
projection.l1:SE2.cellsize.0 = 0.1
projection.l1:SE2.cellsize.1 = 0.1
projection.l1:SE2.cellsize.2 = 0.1
projection.l1:SE2.cellsize_factor = 0
range = 1.6909
valid_segment_count_factor = 1
22 properties for each run
approximate solution BOOLEAN
correct solution BOOLEAN
correct solution strict BOOLEAN
graph motions INTEGER
graph states INTEGER
memory REAL
simplification time REAL
simplified correct solution BOOLEAN
simplified correct solution strict BOOLEAN
simplified solution clearance REAL
simplified solution length REAL
simplified solution segments INTEGER
simplified solution smoothness REAL
solution clearance REAL
solution difference REAL
solution length REAL
solution segments INTEGER
solution smoothness REAL
solved BOOLEAN
status ENUM
time REAL
valid segment fraction REAL
50 runs
0; 1; 1; 3662; 3663; 23.9219; 0.0220734; 1; 0; 0.103928; 5.19578; 10; 14.9962; 0.139279; 0; 16.8245; 46; 2471.91; 1; 6; 0.54475; 0.350258; 
0; 1; 0; 1628; 1629; 24.6953; 0.0247321; 1; 0; 0.071779; 6.83397; 13; 29.8882; 0.12352; 0; 30.7179; 70; 2785.76; 1; 6; 0.258023; 0.270144; 
0; 1; 1; 1097; 1098; 24.6953; 0.0263723; 1; 1; 0.128888; 5.79381; 10; 155.278; 0.139919; 0; 25.5973; 59; 2311.52; 1; 6; 0.171562; 0.275489; 
0; 1; 1; 358; 359; 24.6953; 0.0196557; 1; 0; 0.0911768; 5.10553; 11; 58.5021; 0.120943; 0; 18.447; 41; 2184.72; 1; 6; 0.0575094; 0.20197; 
0; 1; 1; 757; 758; 24.6953; 0.0191771; 1; 1; 0.154092; 5.24345; 9; 27.7547; 0.148556; 0; 20.4189; 53; 2213.98; 1; 6; 0.119839; 0.237531; 
0; 1; 1; 5741; 5742; 30.1094; 0.0201561; 1; 1; 0.0985312; 5.01768; 11; 99.6643; 0.162585; 0; 28.5006; 62; 2727.03; 1; 6; 0.932189; 0.374922; 
0; 1; 1; 937; 938; 31.9141; 0.017438; 1; 0; 0.0891779; 4.49935; 8; 301.891; 0.150937; 0; 9.82677; 26; 719.22; 1; 6; 0.146216; 0.310249; 
0; 1; 1; 2722; 2723; 31.9141; 0.0181741; 1; 0; 0.111997; 4.23782; 12; 89.9436; 0.193891; 0; 14.5554; 35; 1528.88; 1; 6; 0.409346; 0.320681; 
0; 1; 1; 550; 551; 31.9141; 0.0259152; 1; 0; 0.122811; 4.65816; 9; 39.9549; 0.164301; 0; 15.7026; 37; 1039.31; 1; 6; 0.0817583; 0.260782; 
0; 1; 0; 4268; 4269; 31.9141; 0.0218224; 1; 0; 0.0758819; 4.74178; 12; 288.11; 0.127507; 0; 27.7747; 68; 3329.79; 1; 6; 0.643869; 0.324809; 
0; 1; 1; 449; 450; 31.9141; 0.0218762; 1; 1; 0.0794384; 4.52381; 10; 11.3959; 0.0805645; 0; 16.7979; 39; 1319.32; 1; 6; 0.0657751; 0.168309; 
0; 1; 1; 6200; 6201; 31.9141; 0.0209218; 1; 0; 0.0604213; 4.71279; 11; 66.025; 0.235013; 0; 21.2207; 45; 1067.05; 1; 6; 0.917918; 0.346604; 
0; 1; 1; 741; 742; 33.4609; 0.0177715; 1; 0; 0.0700982; 4.34233; 9; 58.2186; 0.162284; 0; 17.2846; 35; 869.772; 1; 6; 0.11929; 0.222854; 
0; 1; 1; 2486; 2487; 33.4609; 0.0238666; 1; 1; 0.085766; 6.94226; 13; 67.5202; 0.178327; 0; 25.9169; 55; 1955.6; 1; 6; 0.395718; 0.312; 
0; 1; 1; 5661; 5662; 33.4609; 0.0242035; 1; 0; 0.0813347; 6.57329; 12; 12.735; 0.138597; 0; 26.7011; 64; 2413.28; 1; 6; 0.883731; 0.370743; 
0; 1; 1; 4721; 4722; 32.1836; 0.0262637; 1; 1; 0.0553708; 4.87283; 13; 319.375; 0.153209; 0; 14.5064; 33; 981.966; 1; 6; 0.740754; 0.33889; 
0; 1; 1; 4352; 4353; 32.1836; 0.0177352; 1; 0; 0.0873864; 4.89568; 8; 62.4076; 0.0736158; 0; 13.4141; 41; 2872.01; 1; 6; 0.663387; 0.330076; 
0; 1; 1; 651; 652; 32.1836; 0.0202755; 1; 1; 0.0814469; 6.32344; 14; 146.705; 0.0359974; 0; 14.0933; 37; 3212.81; 1; 6; 0.0988799; 0.174624; 
0; 1; 1; 4938; 4939; 32.1836; 0.0177257; 1; 0; 0.0688407; 4.14767; 17; 110.248; 0.121806; 0; 14.9899; 35; 1338.9; 1; 6; 0.77087; 0.370464; 
0; 1; 1; 516; 517; 32.1836; 0.0146684; 1; 1; 0.0583153; 4.6489; 15; 64.8619; 0.114437; 0; 9.31776; 27; 1180.95; 1; 6; 0.0783225; 0.200161; 
0; 1; 0; 2805; 2806; 32.1836; 0.0225137; 1; 0; 0.114884; 4.84525; 14; 62.2108; 0.144447; 0; 15.2368; 39; 2228.36; 1; 6; 0.431191; 0.315888; 
0; 1; 1; 4074; 4075; 32.1836; 0.0172659; 1; 1; 0.0839558; 4.47866; 13; 124.194; 0.163053; 0; 18.705; 39; 1777.53; 1; 6; 0.616085; 0.35048; 
0; 1; 0; 1216; 1217; 32.1836; 0.021249; 1; 0; 0.0989465; 4.15907; 11; 35.5194; 0.16747; 0; 19.599; 42; 1270.75; 1; 6; 0.184481; 0.268545; 
0; 1; 0; 1022; 1023; 32.1836; 0.0223014; 1; 0; 0.0576501; 3.89095; 10; 38.2706; 0.175932; 0; 22.4226; 49; 2205.38; 1; 6; 0.157252; 0.282759; 
0; 1; 1; 1545; 1546; 32.1836; 0.0210427; 1; 1; 0.0782251; 5.64417; 12; 76.0124; 0.136962; 0; 21.3218; 52; 2813.76; 1; 6; 0.228551; 0.264773; 
0; 1; 0; 1648; 1649; 32.1836; 0.0210705; 1; 0; 0.0964876; 5.9841; 12; 15.0163; 0.190857; 0; 19.7086; 38; 720.209; 1; 6; 0.251163; 0.270684; 
0; 1; 1; 2078; 2079; 32.1836; 0.0225336; 1; 1; 0.123943; 5.81003; 11; 85.006; 0.13418; 0; 14.959; 41; 1721.03; 1; 6; 0.315864; 0.304386; 
0; 1; 1; 937; 938; 32.1836; 0.0196095; 1; 1; 0.137105; 4.9889; 13; 98.1285; 0.0825609; 0; 18.8409; 46; 1584.52; 1; 6; 0.145339; 0.270237; 
0; 1; 1; 2439; 2440; 32.1836; 0.0227841; 1; 1; 0.0862214; 6.72968; 13; 22.5751; 0.134339; 0; 30.3326; 66; 2822.44; 1; 6; 0.37115; 0.313693; 
0; 1; 1; 1229; 1230; 32.1836; 0.025617; 1; 1; 0.1097; 6.84738; 11; 28.0878; 0.101176; 0; 27.8583; 63; 3161.79; 1; 6; 0.193397; 0.252561; 
0; 1; 1; 3162; 3163; 32.1836; 0.0276555; 1; 1; 0.0956763; 5.45895; 10; 16.5497; 0.168227; 0; 17.7021; 43; 2042.88; 1; 6; 0.479292; 0.32404; 
0; 1; 1; 5224; 5225; 32.1836; 0.0196081; 1; 0; 0.075564; 4.10943; 12; 86.3547; 0.211723; 0; 19.9314; 40; 795.057; 1; 6; 0.792328; 0.367526; 
0; 1; 0; 339; 340; 32.1836; 0.0196667; 1; 1; 0.117032; 4.83602; 11; 63.1231; 0.111133; 0; 13.7461; 37; 1668.35; 1; 6; 0.0533794; 0.209799; 
0; 1; 1; 942; 943; 32.1836; 0.0217101; 1; 0; 0.105181; 4.67821; 8; 39.6803; 0.15651; 0; 26.5405; 61; 5078.44; 1; 6; 0.144356; 0.233418; 
0; 1; 0; 4114; 4115; 32.1836; 0.020643; 1; 0; 0.0536641; 4.33029; 10; 22.866; 0.161053; 0; 24.7266; 58; 2054.88; 1; 6; 0.643255; 0.368086; 
0; 1; 0; 4861; 4862; 32.1836; 0.0218707; 1; 0; 0.0732184; 4.90429; 11; 44.3885; 0.189454; 0; 20.0167; 44; 1638.83; 1; 6; 0.754503; 0.349127; 
0; 1; 1; 1547; 1548; 32.1836; 0.0236719; 1; 0; 0.0846214; 4.99542; 12; 20.908; 0.158052; 0; 19.0459; 43; 2268.04; 1; 6; 0.250797; 0.304126; 
0; 1; 0; 7066; 7067; 34.5; 0.0276346; 1; 0; 0.102053; 7.21724; 14; 310.812; 0.130272; 0; 24.4454; 53; 2251.88; 1; 6; 1.06729; 0.344996; 
0; 1; 1; 4038; 4039; 36.5625; 0.0202419; 1; 1; 0.0504075; 4.09832; 14; 399.689; 0.161417; 0; 19.9855; 60; 2879.54; 1; 6; 0.626619; 0.335945; 
0; 1; 1; 4177; 4178; 36.5625; 0.028205; 1; 0; 0.100346; 4.73341; 10; 32.8835; 0.228799; 0; 24.5542; 49; 974.91; 1; 6; 0.644352; 0.322596; 
0; 1; 1; 4332; 4333; 36.5625; 0.024187; 0; 0; 0.0647299; 4.7907; 13; 203.736; 0.125642; 0; 12.443; 39; 2106.64; 1; 6; 0.668571; 0.357583; 
0; 1; 1; 302; 303; 36.5625; 0.0206635; 1; 0; 0.164436; 4.75399; 10; 20.367; 0.0687858; 0; 10.0319; 24; 1015.27; 1; 6; 0.050263; 0.302605; 
0; 1; 1; 1780; 1781; 36.5625; 0.0211452; 1; 0; 0.0677821; 4.73792; 10; 39.5154; 0.101669; 0; 12.5329; 31; 893.997; 1; 6; 0.279822; 0.32376; 
0; 1; 1; 2979; 2980; 36.5625; 0.0268576; 1; 1; 0.110914; 6.70984; 13; 21.1178; 0.0880683; 0; 27.0672; 61; 2108.46; 1; 6; 0.446864; 0.297756; 
0; 1; 1; 4944; 4945; 36.5625; 0.0219026; 1; 1; 0.136919; 6.61545; 13; 15.9688; 0.158618; 0; 29.3697; 66; 3291; 1; 6; 0.736463; 0.339859; 
0; 1; 1; 1082; 1083; 36.5625; 0.0220271; 1; 1; 0.0783199; 4.95328; 9; 15.2029; 0.120475; 0; 16.4362; 45; 2207.61; 1; 6; 0.166726; 0.276237; 
0; 1; 1; 5044; 5045; 36.5625; 0.0236178; 1; 1; 0.0809164; 6.57868; 12; 26.6178; 0.105235; 0; 19.4033; 49; 2306.46; 1; 6; 0.750273; 0.323259; 
0; 1; 1; 2559; 2560; 36.5625; 0.0198483; 1; 0; 0.109081; 5.01334; 9; 25.1771; 0.177171; 0; 17.7516; 35; 3189.3; 1; 6; 0.389648; 0.302888; 
0; 1; 1; 495; 496; 34.9141; 0.0198182; 1; 1; 0.11444; 6.59342; 13; 29.0278; 0.102875; 0; 12.7525; 26; 653.734; 1; 6; 0.0791592; 0.211977; 
0; 1; 1; 3016; 3017; 34.9141; 0.0203448; 1; 1; 0.0744521; 4.34745; 12; 99.0191; 0.13207; 0; 20.243; 49; 4257.81; 1; 6; 0.461625; 0.313356; 
.
geometric_PRM
13 common properties
longest_valid_segment_fraction = 0.00166667
max_nearest_neighbors = 10
projection.cellsize.0 = 0.1
projection.cellsize.1 = 0.1
projection.cellsize_factor = 0
projection.l1:R2.cellsize.0 = 0.1
projection.l1:R2.cellsize.1 = 0.1
projection.l1:R2.cellsize_factor = 0
projection.l1:SE2.cellsize.0 = 0.1
projection.l1:SE2.cellsize.1 = 0.1
projection.l1:SE2.cellsize.2 = 0.1
projection.l1:SE2.cellsize_factor = 0
valid_segment_count_factor = 1
26 properties for each run
approximate solution BOOLEAN
best cost REAL
correct solution BOOLEAN
correct solution strict BOOLEAN
edge count INTEGER
graph motions INTEGER
graph states INTEGER
iterations INTEGER
memory REAL
milestone count INTEGER
simplification time REAL
simplified correct solution BOOLEAN
simplified correct solution strict BOOLEAN
simplified solution clearance REAL
simplified solution length REAL
simplified solution segments INTEGER
simplified solution smoothness REAL
solution clearance REAL
solution difference REAL
solution length REAL
solution segments INTEGER
solution smoothness REAL
solved BOOLEAN
status ENUM
time REAL
valid segment fraction REAL
50 runs
0; 4.314009; 1; 0; 50421; 100842; 7534; 5124; 35.5938; 7534; 0.016943; 1; 0; 0.0499393; 4.0046; 17; 102.635; 0.0566001; 0; 4.31401; 28; 6193.17; 1; 6; 2.36208; 0.811298; 
0; 5.564586; 1; 1; 5271; 10542; 796; 648; 50.1484; 796; 0.0177674; 1; 0; 0.152885; 4.64379; 12; 27.6403; 0.128716; 0; 5.56459; 19; 210.533; 1; 6; 0.471803; 0.735414; 
0; 4.350729; 1; 0; 13658; 27316; 1997; 1511; 50.1523; 1997; 0.0144505; 1; 0; 0.0479161; 4.10131; 17; 128.431; 0.0664904; 0; 4.35073; 18; 136.451; 1; 6; 0.934935; 0.784145; 
0; 5.509610; 1; 1; 4691; 9382; 648; 574; 50.1523; 650; 0.0344522; 1; 1; 0.0786396; 4.71482; 13; 93.0293; 0.208376; 0; 5.50961; 20; 320.33; 1; 6; 0.435506; 0.778947; 
0; 5.379250; 1; 1; 4523; 9046; 641; 576; 50.1523; 641; 0.0189677; 1; 0; 0.0682974; 4.76254; 8; 18.3315; 0.158737; 0; 5.37925; 13; 48.1594; 1; 6; 0.433832; 0.750975; 
0; 4.182550; 1; 1; 12874; 25748; 1961; 1413; 50.1602; 1961; 0.032669; 1; 0; 0.0617419; 3.73899; 9; 345.607; 0.0978158; 0; 4.18255; 16; 1569.97; 1; 6; 1.05296; 0.771438; 
0; 4.417623; 1; 1; 2057; 4114; 285; 284; 50.1602; 286; 0.0406492; 1; 0; 0.101701; 3.95925; 13; 31.3337; 0.16846; 0; 4.41762; 13; 90.8051; 1; 6; 0.364972; 0.733333; 
0; 4.232634; 1; 1; 3884; 7768; 522; 484; 50.1602; 522; 0.0176832; 1; 0; 0.124108; 4.04154; 10; 29.3754; 0.17905; 0; 4.23263; 13; 102.623; 1; 6; 0.434841; 0.780448; 
0; 6.584869; 1; 0; 6637; 13274; 1192; 777; 50.1602; 1192; 0.0193373; 1; 1; 0.0568303; 5.92308; 19; 128.785; 0.0587866; 0; 6.58487; 21; 346.642; 1; 6; 0.581943; 0.67676; 
0; 5.104890; 1; 1; 15986; 31972; 2389; 1743; 50.1602; 2389; 0.017475; 1; 0; 0.0938484; 4.68376; 12; 43.2751; 0.162785; 0; 5.10489; 18; 131.329; 1; 6; 1.04495; 0.789581; 
0; 4.143733; 1; 0; 25582; 51164; 3837; 2655; 50.1602; 3837; 0.013098; 1; 0; 0.0360489; 3.8513; 16; 116.909; 0.0509387; 0; 4.14373; 22; 535.328; 1; 6; 1.46606; 0.807652; 
0; 4.536252; 1; 1; 9880; 19760; 1642; 1117; 50.1602; 1642; 0.0159476; 1; 0; 0.0872636; 3.79875; 11; 27.3547; 0.109048; 0; 4.53625; 14; 267.818; 1; 6; 0.740349; 0.726241; 
0; 4.912582; 1; 1; 3852; 7704; 483; 482; 50.1602; 484; 0.0160222; 1; 1; 0.0934131; 4.50588; 11; 87.2147; 0.141015; 0; 4.91258; 15; 171.567; 1; 6; 0.377051; 0.805016; 
0; 5.259431; 1; 0; 8804; 17608; 1506; 981; 50.1602; 1506; 0.0167337; 1; 1; 0.0553618; 4.75107; 14; 83.8951; 0.144839; 0; 5.25943; 19; 201.034; 1; 6; 0.678367; 0.721502; 
0; 4.291178; 1; 1; 3107; 6214; 405; 405; 50.1602; 407; 0.0166384; 1; 0; 0.109789; 3.95256; 11; 57.7881; 0.13691; 0; 4.29118; 11; 69.2043; 1; 6; 0.313578; 0.773848; 
0; 5.527499; 1; 1; 2751; 5502; 378; 376; 50.1602; 378; 0.0177003; 1; 1; 0.102001; 4.75698; 7; 15.5947; 0.185546; 0; 5.5275; 13; 119.726; 1; 6; 0.290728; 0.738523; 
0; 4.270719; 1; 1; 8041; 16082; 1429; 916; 50.1602; 1429; 0.0151137; 1; 0; 0.0363505; 3.79796; 16; 219.904; 0.0516128; 0; 4.27072; 17; 274.441; 1; 6; 0.668489; 0.691951; 
0; 6.542477; 1; 0; 4614; 9228; 592; 569; 50.1602; 592; 0.0179838; 1; 0; 0.0935499; 5.7986; 14; 40.2418; 0.135993; 0; 6.54248; 14; 37.2184; 1; 6; 0.417896; 0.79878; 
0; 4.773695; 1; 1; 2733; 5466; 375; 374; 50.1602; 376; 0.0153478; 1; 0; 0.0738938; 4.08498; 11; 25.6681; 0.120364; 0; 4.77369; 11; 162.595; 1; 6; 0.286804; 0.737652; 
0; 5.920255; 1; 1; 1601; 3202; 238; 239; 50.1602; 241; 0.0129088; 1; 1; 0.105173; 5.04135; 13; 80.7292; 0.0878863; 0; 5.92026; 12; 78.6763; 1; 6; 0.197929; 0.67983; 
0; 5.319917; 1; 1; 3967; 7934; 517; 515; 50.1602; 517; 0.0176961; 1; 0; 0.0556214; 4.55057; 11; 15.9677; 0.149853; 0; 5.31992; 17; 254.314; 1; 6; 0.388848; 0.775562; 
0; 4.148823; 1; 1; 52486; 104972; 7961; 5339; 50.2422; 7961; 0.0205689; 1; 0; 0.053298; 3.82061; 9; 17.1734; 0.124136; 0; 4.14882; 25; 713.163; 1; 6; 2.47181; 0.807388; 
0; 5.909422; 1; 1; 4178; 8356; 531; 529; 52.0469; 531; 0.018295; 1; 1; 0.0705068; 4.69364; 13; 133.336; 0.116647; 0; 5.90942; 18; 195.889; 1; 6; 0.40514; 0.795052; 
0; 5.585967; 1; 1; 3060; 6120; 405; 405; 52.0469; 407; 0.0160186; 1; 1; 0.0842189; 5.04974; 12; 82.4931; 0.177086; 0; 5.58597; 15; 138.034; 1; 6; 0.312626; 0.762142; 
0; 4.098302; 1; 1; 35504; 71008; 5488; 3680; 52.0469; 5488; 0.0116019; 1; 1; 0.0562189; 3.74099; 13; 60.6987; 0.0642293; 0; 4.0983; 29; 1013.89; 1; 6; 1.7883; 0.785106; 
0; 5.199395; 1; 1; 7424; 14848; 1351; 843; 52.0469; 1352; 0.0169635; 1; 0; 0.064586; 4.56102; 10; 37.0639; 0.179461; 0; 5.1994; 14; 401.042; 1; 6; 0.595457; 0.688741; 
0; 5.089182; 1; 1; 4848; 9696; 688; 603; 52.0469; 689; 0.0174197; 1; 1; 0.0947378; 4.52189; 7; 18.1701; 0.17114; 0; 5.08918; 18; 287.344; 1; 6; 0.439337; 0.761836; 
0; 4.387471; 1; 1; 18795; 37590; 2973; 1998; 52.0469; 2973; 0.0159806; 1; 0; 0.0607831; 3.98173; 9; 184.836; 0.104191; 0; 4.38747; 19; 311.258; 1; 6; 1.14809; 0.773996; 
0; 4.693136; 1; 0; 18438; 36876; 2924; 1970; 52.0469; 2924; 0.0169118; 1; 0; 0.0754883; 4.00214; 14; 61.6469; 0.0532323; 0; 4.69314; 20; 3599.02; 1; 6; 1.14653; 0.766861; 
0; 5.487661; 1; 1; 1992; 3984; 282; 280; 52.0469; 282; 0.0232682; 1; 0; 0.061541; 4.96396; 14; 263.814; 0.131665; 0; 5.48766; 12; 66.7971; 1; 6; 0.234292; 0.720434; 
0; 4.392938; 1; 1; 4329; 8658; 542; 542; 52.0469; 544; 0.0161127; 1; 0; 0.0627911; 3.88574; 11; 16.9009; 0.199944; 0; 4.39294; 13; 97.202; 1; 6; 0.401871; 0.8039; 
0; 5.300465; 1; 1; 5759; 11518; 918; 685; 52.0469; 918; 0.016527; 1; 0; 0.0652346; 4.65281; 10; 12.2602; 0.0837967; 0; 5.30046; 17; 734.335; 1; 6; 0.498714; 0.726908; 
0; 4.897061; 1; 1; 5098; 10196; 751; 613; 52.0469; 751; 0.0260547; 1; 1; 0.0746374; 3.99565; 10; 25.8668; 0.140399; 0; 4.89706; 12; 648.27; 1; 6; 0.466102; 0.756944; 
0; 4.613862; 1; 1; 5503; 11006; 870; 672; 52.0469; 870; 0.0153009; 1; 0; 0.0724408; 4.01399; 11; 33.0853; 0.14556; 0; 4.61386; 15; 602.466; 1; 6; 0.486876; 0.722768; 
0; 5.432012; 1; 1; 581; 1162; 108; 107; 52.0469; 109; 0.016832; 1; 0; 0.0837629; 4.86561; 10; 19.4473; 0.156684; 0; 5.43201; 9; 24.8384; 1; 6; 0.0935164; 0.561353; 
0; 6.955319; 1; 1; 9257; 18514; 1576; 1020; 52.0469; 1576; 0.021192; 1; 1; 0.102375; 4.79645; 9; 30.355; 0.113717; 0; 6.95532; 27; 540.414; 1; 6; 0.704048; 0.734685; 
0; 5.976485; 1; 0; 4396; 8792; 565; 555; 52.0469; 565; 0.0234559; 1; 0; 0.126044; 4.88006; 13; 34.8881; 0.110231; 0; 5.97649; 19; 335.292; 1; 6; 0.411154; 0.791516; 
0; 5.452086; 1; 0; 2855; 5710; 389; 390; 52.0469; 392; 0.0204548; 1; 0; 0.0785571; 4.83366; 12; 181.086; 0.108534; 0; 5.45209; 13; 154.327; 1; 6; 0.300709; 0.73868; 
0; 4.445699; 1; 0; 23502; 47004; 3562; 2488; 52.0469; 3562; 0.0164829; 1; 0; 0.0804049; 3.88219; 9; 38.9886; 0.121266; 0; 4.4457; 17; 745.637; 1; 6; 1.40344; 0.78936; 
0; 4.475398; 1; 1; 17487; 34974; 2724; 1895; 52.0469; 2724; 0.0177467; 1; 0; 0.0593942; 3.96611; 9; 20.7531; 0.121649; 0; 4.4754; 20; 171.354; 1; 6; 1.12347; 0.767663; 
0; 4.317365; 1; 1; 17090; 34180; 2698; 1856; 52.0469; 2698; 0.0179047; 1; 0; 0.0562663; 3.96505; 10; 32.1515; 0.0734072; 0; 4.31737; 21; 550.014; 1; 6; 1.13682; 0.755064; 
0; 5.348024; 1; 0; 14498; 28996; 2082; 1580; 52.0469; 2083; 0.0257362; 1; 0; 0.0633732; 4.55134; 8; 12.0416; 0.119011; 0; 5.34802; 27; 1007.25; 1; 6; 0.981531; 0.803024; 
0; 4.209801; 1; 1; 19588; 39176; 3205; 2089; 52.0469; 3205; 0.0193196; 1; 0; 0.0386506; 3.71998; 15; 201.447; 0.0475059; 0; 4.2098; 24; 873.673; 1; 6; 1.29573; 0.752405; 
0; 4.179167; 1; 1; 16348; 32696; 2474; 1775; 52.0469; 2474; 0.0163295; 1; 0; 0.109444; 3.85805; 7; 15.9701; 0.121327; 0; 4.17917; 13; 85.7667; 1; 6; 1.06298; 0.785142; 
0; 4.303576; 1; 0; 20756; 41512; 3322; 2239; 52.0469; 3322; 0.0198736; 1; 0; 0.0984318; 4.01879; 11; 54.2021; 0.146923; 0; 4.30358; 21; 654.453; 1; 6; 1.25648; 0.754655; 
0; 6.501450; 1; 1; 3495; 6990; 459; 459; 52.0469; 461; 0.0192433; 1; 0; 0.0827579; 5.69102; 16; 44.6994; 0.122799; 0; 6.50145; 17; 250.249; 1; 6; 0.364787; 0.767289; 
0; 4.152728; 1; 1; 11118; 22236; 1699; 1228; 52.0469; 1699; 0.017174; 1; 1; 0.0693002; 3.8676; 11; 48.4842; 0.136553; 0; 4.15273; 15; 117.554; 1; 6; 0.864934; 0.775593; 
0; 4.160827; 1; 1; 27722; 55444; 4140; 2909; 52.0469; 4140; 0.0176304; 1; 0; 0.0851565; 3.86019; 9; 22.2656; 0.112485; 0; 4.16083; 19; 324.071; 1; 6; 1.56729; 0.80658; 
0; 4.425649; 1; 0; 14076; 28152; 2078; 1537; 52.0469; 2078; 0.0153364; 1; 0; 0.0818999; 4.13134; 12; 89.6062; 0.0786531; 0; 4.42565; 18; 160.27; 1; 6; 0.936089; 0.795349; 
0; 5.904902; 1; 1; 1924; 3848; 284; 284; 52.0469; 286; 0.0173235; 1; 0; 0.10103; 5.08494; 9; 30.388; 0.178025; 0; 5.9049; 14; 214.158; 1; 6; 0.219188; 0.685918; 
5 progress properties for each run
best cost REAL
edge count INTEGER
iterations INTEGER
milestone count INTEGER
time REAL
50 runs
inf,269,56,58,0.0505049,;inf,712,117,119,0.10381,;inf,1195,180,182,0.153901,;inf,1757,249,251,0.203979,;inf,2341,314,316,0.256294,;inf,3006,385,387,0.306387,;inf,3687,461,463,0.356472,;inf,4400,541,551,0.406577,;inf,5134,611,755,0.456671,;inf,5950,693,966,0.506763,;inf,6750,773,1196,0.556842,;inf,7761,866,1450,0.606941,;inf,8777,974,1558,0.658194,;inf,9783,1080,1664,0.708281,;inf,10790,1185,1769,0.758405,;inf,11876,1298,1882,0.811848,;inf,12942,1409,1993,0.86368,;inf,14007,1521,2105,0.91379,;inf,15178,1641,2225,0.965506,;inf,16344,1758,2381,1.01559,;inf,17324,1851,2620,1.06567,;inf,18404,1952,2874,1.11576,;inf,19476,2062,3118,1.16587,;inf,20650,2175,3362,1.21595,;inf,21868,2301,3487,1.26685,;inf,23080,2425,3612,1.31708,;inf,24423,2561,3748,1.37022,;inf,25746,2696,3883,1.42032,;inf,27204,2844,4031,1.4755,;inf,28575,2984,4171,1.52677,;inf,29959,3126,4313,1.57778,;inf,31301,3256,4538,1.63221,;inf,32500,3365,4823,1.68403,;inf,33726,3483,5110,1.73478,;inf,35000,3602,5406,1.78567,;inf,36377,3736,5605,1.83883,;inf,37807,3882,5751,1.88895,;inf,39285,4032,5901,1.94149,;inf,40759,4181,6050,1.99174,;inf,41987,4306,6175,2.042,;inf,43420,4451,6320,2.09645,;inf,44996,4609,6478,2.15047,;inf,46472,4761,6632,2.20558,;inf,47883,4888,6967,2.26075,;inf,49340,5023,7285,2.31585,;
inf,268,67,69,0.0551338,;inf,720,132,134,0.110289,;inf,1268,204,206,0.165397,;inf,1891,275,277,0.220634,;inf,2510,350,352,0.270732,;inf,3155,424,426,0.320812,;inf,3856,500,502,0.370898,;inf,4578,578,609,0.421067,;5.564586,5271,648,796,0.471368,;
inf,254,57,59,0.0500753,;inf,635,126,128,0.10308,;inf,1160,193,195,0.158191,;inf,1746,266,268,0.213291,;inf,2315,334,336,0.264605,;inf,3003,413,415,0.316958,;inf,3708,493,495,0.367258,;inf,4461,569,608,0.419029,;inf,5138,639,782,0.469156,;inf,5881,712,990,0.520324,;inf,6704,791,1198,0.574067,;inf,7732,893,1379,0.629177,;inf,8670,995,1481,0.680529,;inf,9690,1100,1586,0.735636,;inf,10711,1206,1692,0.785742,;inf,11804,1320,1806,0.840869,;inf,12825,1425,1910,0.891717,;
inf,266,58,60,0.051464,;inf,659,116,118,0.101806,;inf,1128,183,185,0.153253,;inf,1684,249,251,0.204865,;inf,2327,321,323,0.258195,;inf,3021,396,398,0.310203,;inf,3697,469,471,0.360337,;inf,4403,545,569,0.410544,;
inf,194,50,52,0.0511373,;inf,610,116,118,0.106359,;inf,1067,185,187,0.157549,;inf,1647,258,260,0.212217,;inf,2214,324,326,0.262333,;inf,2858,394,396,0.312442,;inf,3562,471,473,0.362525,;inf,4281,547,571,0.412615,;
inf,222,57,58,0.0500833,;inf,617,114,116,0.10018,;inf,1107,180,182,0.150278,;inf,1616,245,247,0.200396,;inf,2205,310,312,0.250477,;inf,2815,381,383,0.300574,;inf,3449,449,451,0.350671,;inf,4136,522,524,0.400771,;inf,4787,588,692,0.453505,;inf,5526,660,879,0.504764,;inf,6237,731,1070,0.554887,;inf,6988,802,1259,0.604987,;inf,7855,893,1350,0.655147,;inf,8739,988,1445,0.705301,;inf,9686,1086,1543,0.755421,;inf,10233,1143,1600,0.805911,;inf,10706,1194,1651,0.858811,;inf,11122,1237,1694,0.912556,;inf,11792,1306,1763,0.963143,;inf,12422,1368,1848,1.01335,;
inf,149,35,37,0.0500722,;inf,426,78,80,0.100172,;inf,800,127,129,0.156642,;inf,1120,172,174,0.206968,;inf,1491,218,220,0.25921,;inf,1960,274,276,0.314343,;
inf,142,38,40,0.0510393,;inf,405,87,89,0.102445,;inf,768,128,130,0.15335,;inf,1302,198,200,0.208571,;inf,1809,255,257,0.260908,;inf,2398,321,323,0.311238,;inf,3027,393,395,0.361457,;inf,3698,466,471,0.411564,;
inf,217,56,58,0.0510189,;inf,587,110,112,0.101694,;inf,1053,172,174,0.153844,;inf,1586,242,243,0.206612,;inf,2144,307,309,0.256706,;inf,2839,386,388,0.311388,;inf,3527,462,464,0.36148,;inf,4230,537,554,0.41159,;inf,4906,608,739,0.461858,;inf,5550,672,910,0.512204,;inf,6373,751,1115,0.562374,;
inf,255,55,57,0.05008,;inf,650,118,119,0.10017,;inf,1138,179,181,0.150311,;inf,1699,248,250,0.203919,;inf,2285,321,323,0.254003,;inf,2972,394,396,0.304084,;inf,3667,471,473,0.354219,;inf,4408,554,556,0.404408,;inf,5079,617,753,0.45554,;inf,5919,695,972,0.50947,;inf,6685,771,1186,0.559568,;inf,7515,855,1400,0.609716,;inf,8407,950,1495,0.65983,;inf,9394,1056,1601,0.710995,;inf,10398,1161,1706,0.761095,;inf,11392,1265,1810,0.81138,;inf,12471,1379,1924,0.865101,;inf,13452,1480,2025,0.915202,;inf,14480,1587,2132,0.965316,;inf,15498,1696,2267,1.01555,;
inf,226,52,54,0.0501273,;inf,604,110,112,0.10024,;inf,1051,166,167,0.150357,;inf,1609,236,237,0.205669,;inf,2156,297,299,0.255813,;inf,2794,365,367,0.306616,;inf,3458,438,440,0.358777,;inf,4194,517,535,0.413883,;inf,4872,583,707,0.464103,;inf,5561,652,902,0.514226,;inf,6404,730,1133,0.565399,;inf,7387,823,1358,0.620526,;inf,8356,926,1461,0.672879,;inf,9395,1035,1570,0.726262,;inf,10501,1150,1685,0.781389,;inf,11532,1257,1792,0.831629,;inf,12567,1362,1897,0.881729,;inf,13653,1475,2010,0.931835,;inf,14782,1591,2126,0.984104,;inf,15899,1701,2353,1.03922,;inf,16964,1799,2613,1.09254,;inf,18012,1893,2874,1.14368,;inf,19138,1997,3146,1.19499,;inf,20252,2108,3290,1.24571,;inf,21426,2229,3411,1.29673,;inf,22693,2359,3541,1.34962,;inf,23945,2488,3670,1.39973,;inf,25284,2624,3806,1.44987,;
inf,276,63,64,0.0538117,;inf,738,132,134,0.108935,;inf,1217,198,200,0.159091,;inf,1761,264,266,0.21423,;inf,2389,336,338,0.269364,;inf,3058,412,414,0.322265,;inf,3735,487,489,0.37237,;inf,4436,562,610,0.422474,;inf,5154,632,802,0.472574,;inf,5895,707,1010,0.522684,;inf,6712,791,1226,0.572787,;inf,7620,879,1404,0.62291,;inf,8675,991,1516,0.678104,;inf,9697,1098,1623,0.728208,;
inf,282,54,56,0.0506745,;inf,734,119,121,0.104162,;inf,1224,181,183,0.154253,;inf,1764,245,247,0.204337,;inf,2351,312,314,0.254434,;inf,2952,381,383,0.30462,;inf,3605,455,457,0.354717,;
inf,263,59,61,0.0513387,;inf,680,119,121,0.102377,;inf,1147,182,184,0.152832,;inf,1754,251,253,0.20625,;inf,2334,320,322,0.25651,;inf,3056,399,401,0.311622,;inf,3840,485,487,0.366979,;inf,4656,572,611,0.422102,;inf,5399,644,808,0.476682,;inf,6195,718,1023,0.529156,;inf,7137,811,1282,0.584328,;inf,8064,903,1428,0.635744,;
inf,275,63,65,0.0551738,;inf,720,126,128,0.110279,;inf,1251,195,197,0.16134,;inf,1822,262,264,0.211754,;inf,2475,336,338,0.26257,;4.291178,3107,405,407,0.312749,;
inf,232,53,55,0.0509968,;inf,659,120,122,0.102124,;inf,1179,191,193,0.153175,;inf,1786,264,266,0.208329,;inf,2404,336,338,0.260509,;
inf,302,60,62,0.0551081,;inf,769,125,127,0.109377,;inf,1271,189,191,0.159457,;inf,1858,262,264,0.209549,;inf,2407,325,327,0.259645,;inf,3022,394,396,0.309745,;inf,3684,470,472,0.359928,;inf,4457,553,586,0.415128,;inf,5202,627,795,0.470323,;inf,5992,709,1008,0.521112,;inf,6913,804,1246,0.575334,;inf,7726,884,1397,0.625477,;
inf,271,64,66,0.054057,;inf,705,128,130,0.107892,;inf,1246,192,193,0.160278,;inf,1828,260,262,0.211947,;inf,2449,331,333,0.263596,;inf,3132,408,410,0.314985,;inf,3920,495,497,0.367901,;
inf,264,61,63,0.0507126,;inf,733,124,126,0.104304,;inf,1224,193,195,0.154476,;inf,1801,266,268,0.205938,;inf,2400,333,335,0.256036,;
inf,251,54,56,0.0500746,;inf,680,120,122,0.103748,;inf,1190,188,190,0.156453,;
inf,282,64,66,0.0507981,;inf,643,127,129,0.100888,;inf,1111,186,188,0.151045,;inf,1663,255,256,0.203711,;inf,2273,325,327,0.255311,;inf,2905,397,399,0.305425,;inf,3561,469,471,0.355513,;
inf,244,56,58,0.050152,;inf,600,111,113,0.100377,;inf,1019,168,170,0.151859,;inf,1557,236,238,0.206975,;inf,2135,305,307,0.257673,;inf,2817,384,386,0.312834,;inf,3583,469,471,0.367982,;inf,4354,552,586,0.423158,;inf,5085,624,796,0.478314,;inf,5949,708,1030,0.529801,;inf,6909,797,1297,0.584997,;inf,7891,896,1455,0.637634,;inf,8906,1007,1566,0.692742,;inf,9897,1109,1668,0.743506,;inf,10919,1215,1774,0.794108,;inf,12070,1334,1893,0.849233,;inf,13316,1463,2022,0.9044,;inf,14490,1585,2144,0.957101,;inf,15691,1709,2301,1.01162,;inf,16763,1807,2576,1.06184,;inf,17820,1911,2836,1.11305,;inf,19052,2028,3152,1.16822,;inf,20221,2144,3384,1.2204,;inf,21592,2284,3524,1.27428,;inf,22872,2414,3654,1.32828,;inf,24239,2555,3795,1.38337,;inf,25650,2701,3941,1.4385,;inf,27008,2838,4078,1.49078,;inf,28369,2976,4216,1.54421,;inf,29703,3112,4352,1.59432,;inf,30863,3225,4609,1.64446,;inf,31959,3326,4884,1.69455,;inf,33172,3439,5169,1.74471,;inf,34354,3552,5459,1.79485,;inf,35671,3684,5620,1.84497,;inf,37027,3821,5757,1.89508,;inf,38481,3970,5905,1.94521,;inf,39925,4115,6051,1.99532,;inf,41338,4258,6193,2.0454,;inf,42825,4407,6343,2.09551,;inf,44327,4560,6496,2.14565,;inf,45891,4718,6654,2.19748,;inf,47234,4840,6943,2.25262,;inf,48661,4978,7280,2.30776,;inf,49965,5093,7580,2.36289,;inf,51107,5199,7821,2.41324,;inf,52435,5334,7956,2.46334,;
inf,194,49,51,0.0507021,;inf,555,104,106,0.100804,;inf,1027,165,167,0.15092,;inf,1537,231,233,0.201008,;inf,2089,296,298,0.2512,;inf,2732,370,372,0.301306,;inf,3424,446,448,0.351394,;inf,4168,528,530,0.401501,;
inf,322,69,71,0.0549116,;inf,721,132,134,0.104996,;inf,1188,194,196,0.155085,;inf,1749,260,262,0.205166,;inf,2355,328,330,0.255251,;inf,3007,399,401,0.305336,;
inf,236,64,66,0.0502299,;inf,636,127,129,0.101172,;inf,1177,197,199,0.154996,;inf,1763,270,272,0.20821,;inf,2423,346,348,0.263389,;inf,3180,430,432,0.318488,;inf,3926,510,512,0.36933,;inf,4736,595,656,0.424541,;inf,5459,664,863,0.474632,;inf,6294,744,1086,0.524718,;inf,7137,829,1325,0.5748,;inf,8055,921,1498,0.624878,;inf,9016,1020,1597,0.67496,;inf,10026,1127,1704,0.725046,;inf,11068,1234,1811,0.775153,;inf,12208,1353,1930,0.827404,;inf,13337,1471,2048,0.878293,;inf,14502,1593,2170,0.929445,;inf,15688,1715,2292,0.980193,;inf,16778,1824,2485,1.03236,;inf,17903,1938,2753,1.0845,;inf,19070,2046,3024,1.13822,;inf,20329,2170,3333,1.19339,;inf,21607,2298,3491,1.24546,;inf,23010,2442,3635,1.30057,;inf,24362,2580,3773,1.35233,;inf,25803,2728,3921,1.40744,;inf,27167,2868,4061,1.46106,;inf,28652,3019,4212,1.51622,;inf,30179,3173,4366,1.57133,;inf,31617,3319,4583,1.62646,;inf,32891,3437,4880,1.68161,;inf,34251,3562,5195,1.73682,;4.098302,35504,3680,5488,1.78706,;
inf,266,57,59,0.0522469,;inf,661,117,119,0.102351,;inf,1159,185,187,0.15245,;inf,1713,257,259,0.202539,;inf,2376,338,340,0.257689,;inf,3033,413,415,0.307778,;inf,3780,491,493,0.35787,;inf,4517,569,576,0.407988,;inf,5258,642,766,0.45807,;inf,6036,717,975,0.508154,;inf,6861,793,1193,0.558269,;
inf,304,59,61,0.054343,;inf,746,123,125,0.109461,;inf,1261,191,193,0.162875,;inf,1878,273,275,0.217986,;inf,2568,353,355,0.273157,;inf,3317,436,438,0.32834,;inf,4136,526,528,0.383449,;5.089182,4848,603,689,0.436203,;
inf,250,58,60,0.0504067,;inf,682,118,120,0.101416,;inf,1163,180,182,0.152887,;inf,1749,253,254,0.203242,;inf,2407,328,330,0.25527,;inf,3078,400,402,0.305366,;inf,3813,483,485,0.356544,;inf,4572,567,580,0.409136,;inf,5294,642,775,0.461555,;inf,6057,713,987,0.513173,;inf,6879,794,1203,0.564249,;inf,7825,885,1418,0.61564,;inf,8793,987,1520,0.665802,;inf,9809,1093,1626,0.717029,;inf,10862,1202,1735,0.768284,;inf,11965,1314,1847,0.819376,;inf,13066,1428,1961,0.87044,;inf,14266,1552,2085,0.923861,;inf,15505,1679,2212,0.978986,;inf,16675,1795,2424,1.03422,;inf,17588,1885,2659,1.0843,;inf,18570,1979,2915,1.13441,;
inf,248,61,62,0.0501125,;inf,670,124,126,0.103925,;inf,1084,177,179,0.154107,;inf,1680,250,252,0.207535,;inf,2317,323,325,0.261098,;inf,2951,395,397,0.311191,;inf,3669,472,474,0.361279,;inf,4367,549,564,0.411409,;inf,5060,614,753,0.462857,;inf,5842,696,963,0.514629,;inf,6705,777,1202,0.565909,;inf,7634,868,1405,0.620239,;inf,8534,964,1501,0.67041,;inf,9564,1075,1612,0.722326,;inf,10606,1184,1721,0.773571,;inf,11663,1293,1830,0.823652,;inf,12824,1414,1951,0.878854,;inf,14058,1541,2078,0.933979,;inf,15221,1662,2199,0.985963,;inf,16344,1774,2413,1.04046,;inf,17332,1869,2659,1.09054,;inf,18377,1964,2909,1.14067,;
inf,236,53,55,0.0507059,;inf,642,113,115,0.102848,;inf,1134,174,176,0.152937,;inf,1658,239,241,0.203029,;
inf,247,54,56,0.0501027,;inf,677,116,118,0.103014,;inf,1166,183,185,0.153104,;inf,1721,250,252,0.203264,;inf,2325,318,320,0.253345,;inf,2952,389,391,0.303428,;inf,3649,467,469,0.353716,;
inf,258,62,64,0.0501416,;inf,662,122,124,0.100234,;inf,1140,185,187,0.150319,;inf,1696,252,254,0.20041,;inf,2296,322,324,0.250511,;inf,2933,392,394,0.300666,;inf,3634,468,470,0.350768,;inf,4381,549,551,0.400884,;inf,5141,625,760,0.455999,;
inf,246,60,62,0.0500722,;inf,638,113,115,0.100176,;inf,1075,174,176,0.150279,;inf,1599,237,239,0.200378,;inf,2212,305,307,0.250464,;inf,2867,379,381,0.300615,;inf,3601,462,464,0.35573,;inf,4387,545,560,0.409722,;inf,5069,610,741,0.459825,;
inf,253,62,64,0.052476,;inf,696,132,134,0.107658,;inf,1183,193,195,0.157739,;inf,1740,263,265,0.207835,;inf,2356,334,336,0.257922,;inf,3076,420,422,0.313048,;inf,3785,498,500,0.364225,;inf,4557,578,623,0.418416,;inf,5262,649,806,0.468502,;
inf,299,66,68,0.0550915,;
inf,247,57,59,0.0500783,;inf,652,114,116,0.100933,;inf,1155,183,185,0.152603,;inf,1692,245,247,0.20418,;inf,2331,317,319,0.257626,;inf,3047,395,397,0.312762,;inf,3752,473,475,0.36286,;inf,4455,549,572,0.413031,;inf,5182,620,773,0.464529,;inf,5995,697,1001,0.518144,;inf,6839,776,1231,0.571772,;inf,7787,867,1423,0.624231,;inf,8847,977,1533,0.67913,;
inf,244,60,61,0.0501085,;inf,646,124,125,0.10139,;inf,1145,188,190,0.152979,;inf,1715,257,259,0.203861,;inf,2295,326,328,0.253978,;inf,2955,401,403,0.305186,;inf,3629,474,476,0.355307,;5.976485,4396,555,565,0.409018,;
inf,261,63,65,0.0515073,;inf,706,128,130,0.106646,;inf,1230,199,201,0.160015,;inf,1807,271,273,0.2127,;inf,2422,339,341,0.262831,;
inf,222,58,60,0.050147,;inf,623,121,123,0.100238,;inf,1059,183,185,0.150322,;inf,1506,240,242,0.200426,;inf,2078,307,309,0.250553,;inf,2679,376,378,0.300669,;inf,3374,452,453,0.354666,;inf,4071,526,534,0.404909,;inf,4775,598,729,0.455009,;inf,5642,682,966,0.510148,;inf,6487,767,1198,0.561571,;inf,7346,851,1396,0.613023,;inf,8356,959,1504,0.66814,;inf,9351,1062,1607,0.71984,;inf,10347,1167,1712,0.770755,;inf,11412,1278,1823,0.82309,;inf,12496,1391,1936,0.873185,;inf,13612,1507,2052,0.925577,;inf,14783,1627,2172,0.979411,;inf,15828,1730,2354,1.03094,;inf,16916,1830,2606,1.08117,;inf,17794,1916,2824,1.13235,;inf,18441,1977,2977,1.18256,;inf,19603,2088,3162,1.23391,;inf,20854,2216,3290,1.28873,;inf,22097,2345,3419,1.34061,;inf,23368,2474,3548,1.3926,;
inf,270,64,66,0.0536681,;inf,661,126,128,0.104997,;inf,1142,191,193,0.155079,;inf,1693,258,260,0.205219,;inf,2255,328,330,0.255326,;inf,2881,398,400,0.305426,;inf,3613,482,484,0.359945,;inf,4355,563,577,0.411357,;inf,5011,633,773,0.461481,;inf,5808,710,984,0.511565,;inf,6606,789,1182,0.561665,;inf,7480,872,1390,0.611815,;inf,8406,969,1487,0.661929,;inf,9373,1072,1590,0.712023,;inf,10343,1176,1694,0.762133,;inf,11353,1279,1796,0.812221,;inf,12364,1383,1901,0.862335,;inf,13412,1491,2009,0.912553,;inf,14482,1601,2119,0.963647,;inf,15560,1710,2262,1.01765,;inf,16511,1802,2494,1.07023,;4.475398,17487,1895,2724,1.12033,;
inf,246,65,67,0.0502002,;inf,654,128,130,0.10228,;inf,1187,200,202,0.157471,;inf,1743,268,270,0.208168,;inf,2343,338,340,0.258742,;inf,3014,414,416,0.310072,;inf,3557,473,475,0.360271,;inf,4249,548,565,0.411223,;inf,4856,609,723,0.461374,;inf,5592,681,920,0.512238,;inf,6401,766,1131,0.564142,;inf,7254,853,1329,0.614467,;inf,8161,949,1426,0.667898,;inf,9086,1045,1522,0.718353,;inf,10049,1145,1621,0.768449,;inf,11050,1249,1726,0.819232,;inf,12064,1357,1834,0.869912,;inf,12968,1451,1928,0.924147,;inf,13954,1554,2031,0.978778,;inf,15006,1660,2207,1.03218,;inf,16027,1756,2439,1.08233,;4.317365,17090,1856,2698,1.13265,;
inf,250,57,59,0.0501202,;inf,644,116,118,0.100218,;inf,1101,176,178,0.15032,;inf,1631,242,244,0.200429,;inf,2248,314,316,0.251915,;inf,2922,389,391,0.303604,;inf,3597,463,465,0.355976,;inf,4313,539,556,0.408029,;inf,4999,605,753,0.460655,;inf,5779,683,949,0.515008,;inf,6656,768,1178,0.568232,;inf,7615,861,1364,0.622632,;inf,8595,966,1469,0.675614,;inf,9622,1075,1578,0.727848,;inf,10523,1170,1673,0.779409,;inf,11285,1250,1753,0.829892,;inf,12481,1373,1876,0.885013,;inf,13679,1497,2000,0.94014,;
inf,201,41,43,0.0501255,;inf,541,97,99,0.10022,;inf,943,155,156,0.150307,;inf,1355,210,212,0.200682,;inf,1917,278,280,0.255805,;inf,2416,335,336,0.311043,;inf,2840,382,384,0.363592,;inf,3324,435,460,0.416181,;inf,3973,504,647,0.467705,;inf,4646,570,828,0.518147,;inf,5462,649,1044,0.568251,;inf,6380,740,1228,0.623157,;inf,7258,831,1319,0.676937,;inf,8222,933,1421,0.73207,;inf,9150,1032,1520,0.78292,;inf,10202,1143,1631,0.838077,;inf,11229,1251,1739,0.893206,;inf,12092,1341,1829,0.944467,;inf,13247,1461,1949,0.999624,;inf,14223,1565,2174,1.04978,;inf,15359,1672,2454,1.10494,;inf,16482,1777,2733,1.15876,;inf,17648,1891,3007,1.21024,;inf,18972,2027,3143,1.26539,;
inf,280,69,71,0.0551806,;inf,675,123,125,0.105313,;inf,1157,185,187,0.155406,;inf,1650,249,251,0.205507,;inf,2241,314,316,0.255662,;inf,2867,384,386,0.305765,;inf,3513,455,457,0.355864,;inf,4171,529,532,0.406038,;inf,4815,601,726,0.456143,;inf,5533,671,929,0.506245,;inf,6338,750,1141,0.556348,;inf,7212,831,1375,0.60645,;inf,8129,929,1473,0.656546,;inf,9108,1031,1575,0.706632,;inf,10076,1130,1674,0.756731,;inf,11121,1239,1783,0.806811,;inf,12185,1348,1892,0.856942,;inf,13248,1460,2004,0.907067,;inf,14317,1570,2114,0.959295,;inf,15411,1685,2243,1.00955,;4.179167,16348,1775,2474,1.0597,;
inf,269,64,66,0.0501356,;inf,682,135,137,0.100307,;inf,1167,201,203,0.15041,;inf,1716,270,272,0.201627,;inf,2364,346,348,0.2568,;inf,3033,423,425,0.307992,;inf,3756,506,508,0.361236,;inf,4503,586,608,0.412307,;inf,5235,660,802,0.465417,;inf,6013,735,1003,0.515604,;inf,6853,822,1220,0.565701,;inf,7802,916,1424,0.618936,;inf,8760,1016,1524,0.669237,;inf,9824,1125,1633,0.721325,;inf,10856,1233,1741,0.772473,;inf,11841,1334,1842,0.822679,;inf,12966,1449,1957,0.877811,;inf,14055,1562,2070,0.929338,;inf,15196,1680,2188,0.981554,;inf,16223,1783,2383,1.03266,;inf,17128,1880,2601,1.08285,;inf,18082,1971,2846,1.13298,;inf,19177,2080,3102,1.18394,;inf,20354,2199,3282,1.23518,;
inf,248,56,58,0.051073,;inf,604,111,113,0.10129,;inf,1083,175,177,0.151389,;inf,1544,234,235,0.201508,;inf,2110,303,305,0.251617,;inf,2781,378,380,0.306746,;inf,3467,456,458,0.356849,;
inf,296,68,70,0.0550287,;inf,707,128,130,0.107837,;inf,1208,190,192,0.160442,;inf,1791,259,261,0.211369,;inf,2381,326,328,0.261759,;inf,3094,407,409,0.316905,;inf,3619,467,469,0.368775,;inf,4242,529,571,0.42322,;inf,4847,590,739,0.473346,;inf,5673,671,953,0.525704,;inf,6401,738,1160,0.580825,;inf,7079,805,1276,0.631549,;inf,7820,882,1353,0.681662,;inf,8702,975,1446,0.731762,;inf,9614,1069,1540,0.78186,;inf,10555,1169,1640,0.83196,;
inf,193,49,51,0.0506115,;inf,548,99,101,0.100827,;inf,796,130,132,0.151297,;inf,1201,184,186,0.201401,;inf,1695,248,250,0.251511,;inf,2234,313,315,0.3016,;inf,2862,387,389,0.3517,;inf,3551,466,468,0.401858,;inf,4303,540,674,0.454026,;inf,5080,617,898,0.505124,;inf,6038,705,1162,0.559327,;inf,6906,786,1382,0.609512,;inf,7820,885,1481,0.659604,;inf,8778,986,1582,0.709687,;inf,9725,1087,1683,0.760035,;inf,10754,1197,1793,0.812384,;inf,11697,1295,1891,0.864424,;inf,12830,1414,2010,0.919504,;inf,13952,1531,2127,0.974635,;inf,15063,1641,2313,1.02766,;inf,16050,1739,2553,1.07776,;inf,17096,1838,2808,1.12784,;inf,18162,1934,3074,1.17793,;inf,19309,2049,3280,1.22802,;inf,20456,2167,3398,1.27816,;inf,21723,2296,3527,1.33231,;inf,22947,2421,3652,1.3824,;inf,24269,2556,3787,1.43249,;inf,25584,2690,3921,1.48258,;inf,26894,2824,4055,1.53266,;
inf,243,59,61,0.0500735,;inf,648,118,120,0.100168,;inf,1155,183,185,0.153118,;inf,1686,247,249,0.203208,;inf,2270,320,322,0.253356,;inf,2974,398,400,0.308032,;inf,3759,486,488,0.363199,;inf,4515,567,589,0.415968,;inf,5319,645,815,0.471097,;inf,6141,723,1027,0.523573,;inf,6913,799,1229,0.573729,;inf,7845,888,1429,0.62641,;inf,8822,989,1530,0.677941,;inf,9841,1097,1638,0.729454,;inf,10909,1209,1750,0.782325,;inf,11942,1316,1857,0.833441,;inf,13065,1432,1973,0.885037,;4.425649,14076,1537,2078,0.935319,;
inf,304,68,70,0.0551355,;inf,720,134,136,0.106114,;inf,1282,205,207,0.160071,;inf,1877,277,279,0.21127,;
.
